<?xml version="1.0" encoding="utf-8"?>
<TestRun id="fe5eca34-5d61-41d2-b53e-4bbb29137bbd" name="runneradmin@fv-az177-480 2022-01-12 20:56:53" runUser="fv-az177-480\runneradmin" xmlns="http://microsoft.com/schemas/VisualStudio/TeamTest/2010">
  <Times creation="2022-01-12T20:56:53.5797563+00:00" queuing="2022-01-12T20:56:53.5797571+00:00" start="2022-01-12T20:56:51.3988323+00:00" finish="2022-01-12T20:56:58.1063713+00:00" />
  <TestSettings name="default" id="48726b2e-b92f-4a2e-97aa-fd1ad5f942de">
    <Deployment runDeploymentRoot="runneradmin_fv-az177-480_2022-01-12_20_56_53" />
  </TestSettings>
  <Results>
    <UnitTestResult executionId="d82c6670-32fd-4aa0-8660-0a8df35accf3" testId="d6094ca1-b65b-5133-f464-9f7d01f0d023" testName="UnitTests.Controllers.ItemControllerTests.DeleteItem_Deletes(itemId: 10)" computerName="fv-az177-480" duration="00:00:00.0020000" startTime="2022-01-12T20:56:54.5281997+00:00" endTime="2022-01-12T20:56:54.5281997+00:00" testType="13cdc9d9-ddb5-4fa4-a97d-d965ccfc6d4b" outcome="Passed" testListId="8c84fa94-04c1-424b-9868-57a2d4851a1d" relativeResultsDirectory="d82c6670-32fd-4aa0-8660-0a8df35accf3" />
    <UnitTestResult executionId="5cdb894b-31e6-4a84-b9b8-181110a5bef6" testId="b72028ed-e29e-ac6a-9e2e-bf700facee4e" testName="UnitTests.EntensionMethodTests.IQueryable_IsOrdered_Works(ordered: True, descending: False, lastOrder: False)" computerName="fv-az177-480" duration="00:00:00.0070000" startTime="2022-01-12T20:56:57.9437226+00:00" endTime="2022-01-12T20:56:57.9437226+00:00" testType="13cdc9d9-ddb5-4fa4-a97d-d965ccfc6d4b" outcome="Passed" testListId="8c84fa94-04c1-424b-9868-57a2d4851a1d" relativeResultsDirectory="5cdb894b-31e6-4a84-b9b8-181110a5bef6" />
    <UnitTestResult executionId="739c861d-702e-4321-8dc7-6ce03a914b03" testId="ac2a99ba-3563-74a9-7d4c-8e91a58cd097" testName="UnitTests.Data.ModuleDbContextTests.DefaultConstructorThrows" computerName="fv-az177-480" duration="00:00:00.4410000" startTime="2022-01-12T20:56:53.8126317+00:00" endTime="2022-01-12T20:56:53.8126317+00:00" testType="13cdc9d9-ddb5-4fa4-a97d-d965ccfc6d4b" outcome="Passed" testListId="8c84fa94-04c1-424b-9868-57a2d4851a1d" relativeResultsDirectory="739c861d-702e-4321-8dc7-6ce03a914b03" />
    <UnitTestResult executionId="7c135562-11c4-4f9a-ad4b-3bd99463403f" testId="168fc980-36e3-101b-62b1-f5ab71e9fc0d" testName="UnitTests.Controllers.LocalizationControllerTests.GetLocalization_CallsLocalizationService" computerName="fv-az177-480" duration="00:00:00.0160000" startTime="2022-01-12T20:56:54.4977414+00:00" endTime="2022-01-12T20:56:54.4977414+00:00" testType="13cdc9d9-ddb5-4fa4-a97d-d965ccfc6d4b" outcome="Passed" testListId="8c84fa94-04c1-424b-9868-57a2d4851a1d" relativeResultsDirectory="7c135562-11c4-4f9a-ad4b-3bd99463403f" />
    <UnitTestResult executionId="b9a49b8e-0abd-4016-b092-854326f9af10" testId="315adde5-f36d-a74f-aa46-fb22a0f78cd9" testName="UnitTests.Controllers.ItemControllerTests.UpdateItem_Updates" computerName="fv-az177-480" duration="00:00:00.0030000" startTime="2022-01-12T20:56:54.5272002+00:00" endTime="2022-01-12T20:56:54.5272002+00:00" testType="13cdc9d9-ddb5-4fa4-a97d-d965ccfc6d4b" outcome="Passed" testListId="8c84fa94-04c1-424b-9868-57a2d4851a1d" relativeResultsDirectory="b9a49b8e-0abd-4016-b092-854326f9af10" />
    <UnitTestResult executionId="6ba550c0-aa37-4b59-9986-9bd9150a50ff" testId="ffe5c770-9b99-42c0-ce21-7e50cccf4385" testName="UnitTests.Data.Repositories.GenericRepositoryTests.GenericRepositoryGetsAll(iterations: 2)" computerName="fv-az177-480" duration="00:00:00.0120000" startTime="2022-01-12T20:56:57.7967254+00:00" endTime="2022-01-12T20:56:57.7967254+00:00" testType="13cdc9d9-ddb5-4fa4-a97d-d965ccfc6d4b" outcome="Passed" testListId="8c84fa94-04c1-424b-9868-57a2d4851a1d" relativeResultsDirectory="6ba550c0-aa37-4b59-9986-9bd9150a50ff" />
    <UnitTestResult executionId="aa9a5c03-c1a1-445b-a3bc-74a2aa4f3b9e" testId="b76e01b1-6afe-f33b-c6a9-ea3347176509" testName="UnitTests.Services.ItemServiceTests.UpdateItem_NoName_Throws(name: null)" computerName="fv-az177-480" duration="00:00:00.0010000" startTime="2022-01-12T20:56:54.3277388+00:00" endTime="2022-01-12T20:56:54.3277388+00:00" testType="13cdc9d9-ddb5-4fa4-a97d-d965ccfc6d4b" outcome="Passed" testListId="8c84fa94-04c1-424b-9868-57a2d4851a1d" relativeResultsDirectory="aa9a5c03-c1a1-445b-a3bc-74a2aa4f3b9e" />
    <UnitTestResult executionId="25cdf37a-4389-48db-a2a9-618c5345e076" testId="a21637b0-54f8-4fa0-bc3b-95481a9fd90b" testName="UnitTests.Controllers.ModuleExceptionFilterAttributeTests.ArgumentException_BadRequest(exception: System.TimeoutException: Timed out, expectedStatusCode: RequestTimeout)" computerName="fv-az177-480" duration="00:00:00.0010000" startTime="2022-01-12T20:56:55.0246054+00:00" endTime="2022-01-12T20:56:55.0246054+00:00" testType="13cdc9d9-ddb5-4fa4-a97d-d965ccfc6d4b" outcome="Passed" testListId="8c84fa94-04c1-424b-9868-57a2d4851a1d" relativeResultsDirectory="25cdf37a-4389-48db-a2a9-618c5345e076" />
    <UnitTestResult executionId="8855dcd1-70c4-4bfc-8ee4-9482fe9a7233" testId="f5652070-1b22-f5a7-3f3f-68b37c9184a8" testName="UnitTests.Services.ItemServiceTests.CreateItem_NoItemThrows" computerName="fv-az177-480" duration="00:00:00.0010000" startTime="2022-01-12T20:56:54.3617387+00:00" endTime="2022-01-12T20:56:54.3617387+00:00" testType="13cdc9d9-ddb5-4fa4-a97d-d965ccfc6d4b" outcome="Passed" testListId="8c84fa94-04c1-424b-9868-57a2d4851a1d" relativeResultsDirectory="8855dcd1-70c4-4bfc-8ee4-9482fe9a7233" />
    <UnitTestResult executionId="d6b07d9a-3f6d-4924-b295-f2d4db2397ad" testId="96a18501-dea4-70b1-d572-baa1bb120da2" testName="UnitTests.Data.Entities.ItemTests.ItemPropertiesPersist(id: 2, name: &quot;Name2&quot;, description: &quot;Description2&quot;)" computerName="fv-az177-480" duration="00:00:00.0010000" startTime="2022-01-12T20:56:54.9796070+00:00" endTime="2022-01-12T20:56:54.9796070+00:00" testType="13cdc9d9-ddb5-4fa4-a97d-d965ccfc6d4b" outcome="Passed" testListId="8c84fa94-04c1-424b-9868-57a2d4851a1d" relativeResultsDirectory="d6b07d9a-3f6d-4924-b295-f2d4db2397ad" />
    <UnitTestResult executionId="ae7f2ef8-7b12-469e-83f6-c5232d930c92" testId="ad3412e8-5f64-2020-a5b6-bd4cca8c3b7d" testName="UnitTests.Data.Repositories.GenericRepositoryTests.GenericRepositoryGet" computerName="fv-az177-480" duration="00:00:00.0090000" startTime="2022-01-12T20:56:57.7117234+00:00" endTime="2022-01-12T20:56:57.7117234+00:00" testType="13cdc9d9-ddb5-4fa4-a97d-d965ccfc6d4b" outcome="Passed" testListId="8c84fa94-04c1-424b-9868-57a2d4851a1d" relativeResultsDirectory="ae7f2ef8-7b12-469e-83f6-c5232d930c92" />
    <UnitTestResult executionId="9f860599-3d14-4e66-bc8f-5cece2f27994" testId="0f141a30-05bd-f4ed-a627-d40adca6b3ca" testName="UnitTests.Services.ItemServiceTests.GetItemsPage_GetsPages(page: 4, pageSize: 10, descending: False, expectedPages: 3, returnedPage: 3)" computerName="fv-az177-480" duration="00:00:00.0030000" startTime="2022-01-12T20:56:54.3027397+00:00" endTime="2022-01-12T20:56:54.3027397+00:00" testType="13cdc9d9-ddb5-4fa4-a97d-d965ccfc6d4b" outcome="Passed" testListId="8c84fa94-04c1-424b-9868-57a2d4851a1d" relativeResultsDirectory="9f860599-3d14-4e66-bc8f-5cece2f27994" />
    <UnitTestResult executionId="c98a8530-d65c-4bc7-a2d5-f9ec0f7173b0" testId="a21637b0-54f8-4fa0-bc3b-95481a9fd90b" testName="UnitTests.Controllers.ModuleExceptionFilterAttributeTests.ArgumentException_BadRequest(exception: System.UnauthorizedAccessException: Unauthorized, expectedStatusCode: Unauthorized)" computerName="fv-az177-480" duration="00:00:00.0010000" startTime="2022-01-12T20:56:55.0266067+00:00" endTime="2022-01-12T20:56:55.0266067+00:00" testType="13cdc9d9-ddb5-4fa4-a97d-d965ccfc6d4b" outcome="Passed" testListId="8c84fa94-04c1-424b-9868-57a2d4851a1d" relativeResultsDirectory="c98a8530-d65c-4bc7-a2d5-f9ec0f7173b0" />
    <UnitTestResult executionId="1eef21c0-5bfc-4ff1-989f-d80e683efd9c" testId="7e661283-b2b2-d632-266b-6af1f3374c08" testName="UnitTests.EntensionMethodTests.IQueryable_GetPage_PagesProperly(count: 21, page: 1, pageSize: 10, expedtedPages: 3, expectedItems: 10, firstId: 21, descending: True)" computerName="fv-az177-480" duration="00:00:00.0640000" startTime="2022-01-12T20:56:57.8927243+00:00" endTime="2022-01-12T20:56:57.8927243+00:00" testType="13cdc9d9-ddb5-4fa4-a97d-d965ccfc6d4b" outcome="Passed" testListId="8c84fa94-04c1-424b-9868-57a2d4851a1d" relativeResultsDirectory="1eef21c0-5bfc-4ff1-989f-d80e683efd9c" />
    <UnitTestResult executionId="eb01e282-6b2a-4f3c-9629-550555f32bf9" testId="1a74e347-4470-5271-97ab-1ebaf8693270" testName="UnitTests.Controllers.ModuleExceptionFilterAttributeTests.SystemException_DoesNotExposeDetails" computerName="fv-az177-480" duration="00:00:00.0960000" startTime="2022-01-12T20:56:55.1196079+00:00" endTime="2022-01-12T20:56:55.1196079+00:00" testType="13cdc9d9-ddb5-4fa4-a97d-d965ccfc6d4b" outcome="Passed" testListId="8c84fa94-04c1-424b-9868-57a2d4851a1d" relativeResultsDirectory="eb01e282-6b2a-4f3c-9629-550555f32bf9" />
    <UnitTestResult executionId="a70a8812-9a75-4143-88c3-81630b5ca4fa" testId="5f92ec4d-d570-0452-b891-d4cee75db9dd" testName="UnitTests.Controllers.ModuleApiControllerTests.CanEdit_Set_Throws" computerName="fv-az177-480" duration="00:00:00.0010000" startTime="2022-01-12T20:56:55.1236078+00:00" endTime="2022-01-12T20:56:55.1236078+00:00" testType="13cdc9d9-ddb5-4fa4-a97d-d965ccfc6d4b" outcome="Passed" testListId="8c84fa94-04c1-424b-9868-57a2d4851a1d" relativeResultsDirectory="a70a8812-9a75-4143-88c3-81630b5ca4fa" />
    <UnitTestResult executionId="ca2d6956-d550-4e38-9cc8-639bb4455b3a" testId="b80893de-3e2d-6029-ec19-65c03fd119c3" testName="UnitTests.EntensionMethodTests.IQueryable_IsOrdered_Works(ordered: False, descending: True, lastOrder: False)" computerName="fv-az177-480" duration="00:00:00.0080000" startTime="2022-01-12T20:56:57.9017246+00:00" endTime="2022-01-12T20:56:57.9017246+00:00" testType="13cdc9d9-ddb5-4fa4-a97d-d965ccfc6d4b" outcome="Passed" testListId="8c84fa94-04c1-424b-9868-57a2d4851a1d" relativeResultsDirectory="ca2d6956-d550-4e38-9cc8-639bb4455b3a" />
    <UnitTestResult executionId="797e0025-55e5-4f9d-b1e3-954542a63187" testId="e6e0a140-85e7-6935-6160-ab95ecfd3c8a" testName="UnitTests.Data.Repositories.GenericRepositoryTests.GenericRepositoryCreatesAndGetsById" computerName="fv-az177-480" duration="00:00:00.0480000" startTime="2022-01-12T20:56:57.9087250+00:00" endTime="2022-01-12T20:56:57.9087250+00:00" testType="13cdc9d9-ddb5-4fa4-a97d-d965ccfc6d4b" outcome="Passed" testListId="8c84fa94-04c1-424b-9868-57a2d4851a1d" relativeResultsDirectory="797e0025-55e5-4f9d-b1e3-954542a63187" />
    <UnitTestResult executionId="4f091b64-dbab-4c05-975f-821a185d11a6" testId="d1c63cb7-1f9a-a8bf-a217-a4cbb4e5f73b" testName="UnitTests.Common.GlobalsTests.ModulePrefixIsValid" computerName="fv-az177-480" duration="00:00:00.0170000" startTime="2022-01-12T20:56:53.4070741+00:00" endTime="2022-01-12T20:56:53.4070741+00:00" testType="13cdc9d9-ddb5-4fa4-a97d-d965ccfc6d4b" outcome="Passed" testListId="8c84fa94-04c1-424b-9868-57a2d4851a1d" relativeResultsDirectory="4f091b64-dbab-4c05-975f-821a185d11a6" />
    <UnitTestResult executionId="e3655ed0-6a6a-4bfc-98f9-0740de0c38f2" testId="61a8ccc9-c5b1-047b-3c97-f777ccc7d30b" testName="UnitTests.Controllers.ValidateModelAttributeTests.OnActionExecuting_Invalid_Works" computerName="fv-az177-480" duration="00:00:01.3530000" startTime="2022-01-12T20:56:54.8022038+00:00" endTime="2022-01-12T20:56:54.8022038+00:00" testType="13cdc9d9-ddb5-4fa4-a97d-d965ccfc6d4b" outcome="Passed" testListId="8c84fa94-04c1-424b-9868-57a2d4851a1d" relativeResultsDirectory="e3655ed0-6a6a-4bfc-98f9-0740de0c38f2" />
    <UnitTestResult executionId="0083d3be-e67d-4565-86da-3527a3af1f5b" testId="a21637b0-54f8-4fa0-bc3b-95481a9fd90b" testName="UnitTests.Controllers.ModuleExceptionFilterAttributeTests.ArgumentException_BadRequest(exception: System.ArgumentException: Argument, expectedStatusCode: BadRequest)" computerName="fv-az177-480" duration="00:00:00.0010000" startTime="2022-01-12T20:56:55.0226062+00:00" endTime="2022-01-12T20:56:55.0226062+00:00" testType="13cdc9d9-ddb5-4fa4-a97d-d965ccfc6d4b" outcome="Passed" testListId="8c84fa94-04c1-424b-9868-57a2d4851a1d" relativeResultsDirectory="0083d3be-e67d-4565-86da-3527a3af1f5b" />
    <UnitTestResult executionId="d803d44f-c8ad-41d6-99a2-209f7809d471" testId="8ba31d1b-48e3-e04e-cff0-b927c63b4a19" testName="UnitTests.Services.LoggingServiceTests.LoggingService_DefaultConstructorExists" computerName="fv-az177-480" duration="00:00:00.4470000" startTime="2022-01-12T20:56:54.9826038+00:00" endTime="2022-01-12T20:56:54.9826038+00:00" testType="13cdc9d9-ddb5-4fa4-a97d-d965ccfc6d4b" outcome="Passed" testListId="8c84fa94-04c1-424b-9868-57a2d4851a1d" relativeResultsDirectory="d803d44f-c8ad-41d6-99a2-209f7809d471" />
    <UnitTestResult executionId="570bdf38-0b81-4ce3-a8b9-9957d78890b4" testId="1b051fa0-d4cc-1b32-80bb-d56b714e3066" testName="UnitTests.Services.ItemServiceTests.GetItemsPage_GetsPages(page: 1, pageSize: 20, descending: False, expectedPages: 2, returnedPage: 1)" computerName="fv-az177-480" duration="00:00:00.0050000" startTime="2022-01-12T20:56:54.2967384+00:00" endTime="2022-01-12T20:56:54.2967384+00:00" testType="13cdc9d9-ddb5-4fa4-a97d-d965ccfc6d4b" outcome="Passed" testListId="8c84fa94-04c1-424b-9868-57a2d4851a1d" relativeResultsDirectory="570bdf38-0b81-4ce3-a8b9-9957d78890b4" />
    <UnitTestResult executionId="30c37627-9b75-44f0-8f10-c370c6c876cb" testId="d15ea2a7-9f9f-b92b-50fa-470898da705d" testName="UnitTests.Data.Repositories.GenericRepositoryTests.GenericRepositoryGetsAll(iterations: 3)" computerName="fv-az177-480" duration="00:00:00.0160000" startTime="2022-01-12T20:56:57.8477250+00:00" endTime="2022-01-12T20:56:57.8477250+00:00" testType="13cdc9d9-ddb5-4fa4-a97d-d965ccfc6d4b" outcome="Passed" testListId="8c84fa94-04c1-424b-9868-57a2d4851a1d" relativeResultsDirectory="30c37627-9b75-44f0-8f10-c370c6c876cb" />
    <UnitTestResult executionId="142b0c55-7cd7-4a42-bea5-f2c91d10085a" testId="588a2c1b-7788-beb2-ade0-06788d455d25" testName="UnitTests.Controllers.ItemControllerTests.CreateItem_Creates" computerName="fv-az177-480" duration="00:00:00.0050000" startTime="2022-01-12T20:56:54.5121889+00:00" endTime="2022-01-12T20:56:54.5121889+00:00" testType="13cdc9d9-ddb5-4fa4-a97d-d965ccfc6d4b" outcome="Passed" testListId="8c84fa94-04c1-424b-9868-57a2d4851a1d" relativeResultsDirectory="142b0c55-7cd7-4a42-bea5-f2c91d10085a" />
    <UnitTestResult executionId="338f93a1-ff7c-4d7e-9acb-44639412dd5a" testId="a21637b0-54f8-4fa0-bc3b-95481a9fd90b" testName="UnitTests.Controllers.ModuleExceptionFilterAttributeTests.ArgumentException_BadRequest(exception: System.ArgumentNullException: Value cannot be null.&#xD;&#xA;Parameter name: Null, expectedStatusCode: BadRequest)" computerName="fv-az177-480" duration="00:00:00.0280000" startTime="2022-01-12T20:56:55.0216058+00:00" endTime="2022-01-12T20:56:55.0216058+00:00" testType="13cdc9d9-ddb5-4fa4-a97d-d965ccfc6d4b" outcome="Passed" testListId="8c84fa94-04c1-424b-9868-57a2d4851a1d" relativeResultsDirectory="338f93a1-ff7c-4d7e-9acb-44639412dd5a" />
    <UnitTestResult executionId="69775072-d3bd-46a2-920f-34e0b7fda7d8" testId="e1c7f76f-6195-c844-23c0-304b47fbae66" testName="UnitTests.Data.Repositories.GenericRepositoryTests.Repository_Create_UsesUserId" computerName="fv-az177-480" duration="00:00:00.0090000" startTime="2022-01-12T20:56:57.6997234+00:00" endTime="2022-01-12T20:56:57.6997234+00:00" testType="13cdc9d9-ddb5-4fa4-a97d-d965ccfc6d4b" outcome="Passed" testListId="8c84fa94-04c1-424b-9868-57a2d4851a1d" relativeResultsDirectory="69775072-d3bd-46a2-920f-34e0b7fda7d8" />
    <UnitTestResult executionId="cc912ff7-a2c0-4215-b008-d356be5dee3b" testId="572fc310-4b67-9555-f147-153d39f2eb82" testName="UnitTests.Data.Entities.ItemTests.ItemConstructsProperly" computerName="fv-az177-480" duration="00:00:00.0010000" startTime="2022-01-12T20:56:54.9806046+00:00" endTime="2022-01-12T20:56:54.9806046+00:00" testType="13cdc9d9-ddb5-4fa4-a97d-d965ccfc6d4b" outcome="Passed" testListId="8c84fa94-04c1-424b-9868-57a2d4851a1d" relativeResultsDirectory="cc912ff7-a2c0-4215-b008-d356be5dee3b" />
    <UnitTestResult executionId="a9c719bc-8253-477a-99d6-2a5b6cedd9f0" testId="4fe0dd0f-2fa0-9c42-e816-a6df28150b72" testName="UnitTests.Data.Repositories.GenericRepositoryTests.GenericRepositoryGetsAll(iterations: 0)" computerName="fv-az177-480" duration="00:00:00.0070000" startTime="2022-01-12T20:56:57.8097249+00:00" endTime="2022-01-12T20:56:57.8097249+00:00" testType="13cdc9d9-ddb5-4fa4-a97d-d965ccfc6d4b" outcome="Passed" testListId="8c84fa94-04c1-424b-9868-57a2d4851a1d" relativeResultsDirectory="a9c719bc-8253-477a-99d6-2a5b6cedd9f0" />
    <UnitTestResult executionId="c92934a7-7e86-4f61-9cd9-8a078e86544b" testId="2695f427-ed7b-9f97-5696-f97a7702128c" testName="UnitTests.EntensionMethodTests.IQueryable_GetPage_PagesProperly(count: 20, page: 2, pageSize: 10, expedtedPages: 2, expectedItems: 10, firstId: 11, descending: False)" computerName="fv-az177-480" duration="00:00:02.6670000" startTime="2022-01-12T20:56:57.7017231+00:00" endTime="2022-01-12T20:56:57.7017231+00:00" testType="13cdc9d9-ddb5-4fa4-a97d-d965ccfc6d4b" outcome="Passed" testListId="8c84fa94-04c1-424b-9868-57a2d4851a1d" relativeResultsDirectory="c92934a7-7e86-4f61-9cd9-8a078e86544b" />
    <UnitTestResult executionId="69663fe4-3476-4112-a5d3-194b63116f21" testId="f46af852-6230-3d31-e31c-2959bffd491f" testName="UnitTests.EntensionMethodTests.IQueryable_IsOrdered_Works(ordered: True, descending: True, lastOrder: True)" computerName="fv-az177-480" duration="00:00:00.0120000" startTime="2022-01-12T20:56:57.9287225+00:00" endTime="2022-01-12T20:56:57.9287225+00:00" testType="13cdc9d9-ddb5-4fa4-a97d-d965ccfc6d4b" outcome="Passed" testListId="8c84fa94-04c1-424b-9868-57a2d4851a1d" relativeResultsDirectory="69663fe4-3476-4112-a5d3-194b63116f21" />
    <UnitTestResult executionId="8564ff1e-ff77-4fd6-b25a-ab0570aaec70" testId="320e3c11-11d1-b3ef-0d2e-5e474f674ff1" testName="UnitTests.Controllers.ModuleApiControllerTests.CanEdit_DefaultsToFalse" computerName="fv-az177-480" duration="00:00:00.0020000" startTime="2022-01-12T20:56:55.1296062+00:00" endTime="2022-01-12T20:56:55.1296062+00:00" testType="13cdc9d9-ddb5-4fa4-a97d-d965ccfc6d4b" outcome="Passed" testListId="8c84fa94-04c1-424b-9868-57a2d4851a1d" relativeResultsDirectory="8564ff1e-ff77-4fd6-b25a-ab0570aaec70" />
    <UnitTestResult executionId="3e6dad84-3f52-4bf0-bba7-437812229b54" testId="478b61ee-7d85-9dbe-985d-08c590f8666a" testName="UnitTests.Controllers.ItemControllerTests.DeleteItem_Deletes(itemId: 1)" computerName="fv-az177-480" duration="00:00:00.0010000" startTime="2022-01-12T20:56:54.5302000+00:00" endTime="2022-01-12T20:56:54.5302000+00:00" testType="13cdc9d9-ddb5-4fa4-a97d-d965ccfc6d4b" outcome="Passed" testListId="8c84fa94-04c1-424b-9868-57a2d4851a1d" relativeResultsDirectory="3e6dad84-3f52-4bf0-bba7-437812229b54" />
    <UnitTestResult executionId="3c6bf82e-e52b-4972-83d3-f01b02925667" testId="3140ebc5-2430-06b3-4257-a6794b9b09ac" testName="UnitTests.EntensionMethodTests.IQueryable_IsOrdered_Works(ordered: True, descending: False, lastOrder: True)" computerName="fv-az177-480" duration="00:00:00.0070000" startTime="2022-01-12T20:56:57.9367238+00:00" endTime="2022-01-12T20:56:57.9367238+00:00" testType="13cdc9d9-ddb5-4fa4-a97d-d965ccfc6d4b" outcome="Passed" testListId="8c84fa94-04c1-424b-9868-57a2d4851a1d" relativeResultsDirectory="3c6bf82e-e52b-4972-83d3-f01b02925667" />
    <UnitTestResult executionId="6fa7d351-4815-46ed-9837-a1e851f48ada" testId="70ede014-c412-e387-bb98-e95b3b42090d" testName="UnitTests.Data.Repositories.GenericRepositoryTests.GenericRepositoryUpdates" computerName="fv-az177-480" duration="00:00:00.0340000" startTime="2022-01-12T20:56:57.7857227+00:00" endTime="2022-01-12T20:56:57.7857227+00:00" testType="13cdc9d9-ddb5-4fa4-a97d-d965ccfc6d4b" outcome="Passed" testListId="8c84fa94-04c1-424b-9868-57a2d4851a1d" relativeResultsDirectory="6fa7d351-4815-46ed-9837-a1e851f48ada" />
    <UnitTestResult executionId="f1397f16-b6ec-4855-aed4-962e999ad6a0" testId="f754f777-4449-23e8-f4ec-917f49117de2" testName="UnitTests.Data.Repositories.GenericRepositoryTests.Repository_DeleteMissing_DoesNotThrow" computerName="fv-az177-480" duration="00:00:00.0100000" startTime="2022-01-12T20:56:57.8507255+00:00" endTime="2022-01-12T20:56:57.8507255+00:00" testType="13cdc9d9-ddb5-4fa4-a97d-d965ccfc6d4b" outcome="Passed" testListId="8c84fa94-04c1-424b-9868-57a2d4851a1d" relativeResultsDirectory="f1397f16-b6ec-4855-aed4-962e999ad6a0" />
    <UnitTestResult executionId="b4da161e-bfc5-4910-ab9e-c5ddb12525a7" testId="73fc5149-51d6-8241-9c9f-f48c28e448e3" testName="UnitTests.EntensionMethodTests.IQueryable_IsOrdered_ThrowsWithNull" computerName="fv-az177-480" duration="00:00:00.0010000" startTime="2022-01-12T20:56:57.9817244+00:00" endTime="2022-01-12T20:56:57.9817244+00:00" testType="13cdc9d9-ddb5-4fa4-a97d-d965ccfc6d4b" outcome="Passed" testListId="8c84fa94-04c1-424b-9868-57a2d4851a1d" relativeResultsDirectory="b4da161e-bfc5-4910-ab9e-c5ddb12525a7" />
    <UnitTestResult executionId="8ad95418-9f0d-4f31-bc9a-d7f5f8ffbb2b" testId="24cfa8b0-48c3-8aab-e4c2-88694c220e2c" testName="UnitTests.Data.Repositories.GenericRepositoryTests.GenericRepositoryUpdate_ThrowsWithNullEntity" computerName="fv-az177-480" duration="00:00:00.0010000" startTime="2022-01-12T20:56:57.8587261+00:00" endTime="2022-01-12T20:56:57.8587261+00:00" testType="13cdc9d9-ddb5-4fa4-a97d-d965ccfc6d4b" outcome="Passed" testListId="8c84fa94-04c1-424b-9868-57a2d4851a1d" relativeResultsDirectory="8ad95418-9f0d-4f31-bc9a-d7f5f8ffbb2b" />
    <UnitTestResult executionId="df771090-9e36-4ddb-b580-8884ee2355e8" testId="130d9133-361f-a0da-f15e-423eb98947ac" testName="UnitTests.Services.ItemServiceTests.UpdateItem_Updates" computerName="fv-az177-480" duration="00:00:00.0330000" startTime="2022-01-12T20:56:54.3597391+00:00" endTime="2022-01-12T20:56:54.3597391+00:00" testType="13cdc9d9-ddb5-4fa4-a97d-d965ccfc6d4b" outcome="Passed" testListId="8c84fa94-04c1-424b-9868-57a2d4851a1d" relativeResultsDirectory="df771090-9e36-4ddb-b580-8884ee2355e8" />
    <UnitTestResult executionId="afcab2fd-d8ee-4fde-910d-10e03750723b" testId="d16880d7-fb44-f209-43d9-ba2e0e1875de" testName="UnitTests.Data.Repositories.GenericRepositoryTests.GenericRepositoryGetsAll(iterations: 1)" computerName="fv-az177-480" duration="00:00:00.0080000" startTime="2022-01-12T20:56:57.8497267+00:00" endTime="2022-01-12T20:56:57.8497267+00:00" testType="13cdc9d9-ddb5-4fa4-a97d-d965ccfc6d4b" outcome="Passed" testListId="8c84fa94-04c1-424b-9868-57a2d4851a1d" relativeResultsDirectory="afcab2fd-d8ee-4fde-910d-10e03750723b" />
    <UnitTestResult executionId="e84416d8-7712-422e-bac0-d643e7ab73c6" testId="ac1c50bc-98fd-036f-fe0f-d46cb187f90e" testName="UnitTests.Services.LoggingServiceTests.LogginService_TestableConstructorLogsError" computerName="fv-az177-480" duration="00:00:00.0450000" startTime="2022-01-12T20:56:55.0216058+00:00" endTime="2022-01-12T20:56:55.0216058+00:00" testType="13cdc9d9-ddb5-4fa4-a97d-d965ccfc6d4b" outcome="Passed" testListId="8c84fa94-04c1-424b-9868-57a2d4851a1d" relativeResultsDirectory="e84416d8-7712-422e-bac0-d643e7ab73c6" />
    <UnitTestResult executionId="b7ffcb8d-b7a0-4628-8188-fafd82eeaab1" testId="6f0b47a1-9d18-a5d8-8dd1-c8f266712c15" testName="UnitTests.EntensionMethodTests.IQueryable_IsOrdered_Works(ordered: True, descending: True, lastOrder: False)" computerName="fv-az177-480" duration="00:00:00.0080000" startTime="2022-01-12T20:56:57.9097255+00:00" endTime="2022-01-12T20:56:57.9097255+00:00" testType="13cdc9d9-ddb5-4fa4-a97d-d965ccfc6d4b" outcome="Passed" testListId="8c84fa94-04c1-424b-9868-57a2d4851a1d" relativeResultsDirectory="b7ffcb8d-b7a0-4628-8188-fafd82eeaab1" />
    <UnitTestResult executionId="18dcad93-3bca-489a-b067-faa119e3975c" testId="2aef35a8-73ad-0c03-c8a4-2b5a1d37af8f" testName="UnitTests.EntensionMethodTests.IQueryable_IsOrdered_Works(ordered: False, descending: False, lastOrder: False)" computerName="fv-az177-480" duration="00:00:00.0130000" startTime="2022-01-12T20:56:57.8947239+00:00" endTime="2022-01-12T20:56:57.8947239+00:00" testType="13cdc9d9-ddb5-4fa4-a97d-d965ccfc6d4b" outcome="Passed" testListId="8c84fa94-04c1-424b-9868-57a2d4851a1d" relativeResultsDirectory="18dcad93-3bca-489a-b067-faa119e3975c" />
    <UnitTestResult executionId="2b9699cb-1686-4194-807e-e60b0cd8791f" testId="0247c7e7-7d1c-099b-2ac8-81a47ff2509a" testName="UnitTests.Controllers.ItemControllerTests.UserCanEdit_ReturnsBool(canEdit: False)" computerName="fv-az177-480" duration="00:00:00.0100000" startTime="2022-01-12T20:56:54.5077380+00:00" endTime="2022-01-12T20:56:54.5077380+00:00" testType="13cdc9d9-ddb5-4fa4-a97d-d965ccfc6d4b" outcome="Passed" testListId="8c84fa94-04c1-424b-9868-57a2d4851a1d" relativeResultsDirectory="2b9699cb-1686-4194-807e-e60b0cd8791f" />
    <UnitTestResult executionId="2c11ad34-44e0-4d54-9241-aa05fa95aac8" testId="a21637b0-54f8-4fa0-bc3b-95481a9fd90b" testName="UnitTests.Controllers.ModuleExceptionFilterAttributeTests.ArgumentException_BadRequest(exception: System.ArgumentOutOfRangeException: Specified argument was out of the range of valid values.&#xD;&#xA;Parameter name: Out of range, expectedStatusCode: BadRequest)" computerName="fv-az177-480" duration="00:00:00.0010000" startTime="2022-01-12T20:56:55.0226062+00:00" endTime="2022-01-12T20:56:55.0226062+00:00" testType="13cdc9d9-ddb5-4fa4-a97d-d965ccfc6d4b" outcome="Passed" testListId="8c84fa94-04c1-424b-9868-57a2d4851a1d" relativeResultsDirectory="2c11ad34-44e0-4d54-9241-aa05fa95aac8" />
    <UnitTestResult executionId="f2065b43-b637-468d-8292-13f5ad9346bc" testId="8bbc68bc-7714-d990-1480-dfaedaafbd62" testName="UnitTests.EntensionMethodTests.IQueryable_GetPage_PagesProperly(count: 0, page: 0, pageSize: 0, expedtedPages: 0, expectedItems: 0, firstId: null, descending: False)" computerName="fv-az177-480" duration="00:00:00.0110000" startTime="2022-01-12T20:56:57.7127246+00:00" endTime="2022-01-12T20:56:57.7127246+00:00" testType="13cdc9d9-ddb5-4fa4-a97d-d965ccfc6d4b" outcome="Passed" testListId="8c84fa94-04c1-424b-9868-57a2d4851a1d" relativeResultsDirectory="f2065b43-b637-468d-8292-13f5ad9346bc" />
    <UnitTestResult executionId="96bd48e6-5c11-4682-a696-aa9609e03977" testId="a9198ad3-782e-a37c-0b5f-1330f5318f55" testName="UnitTests.Services.ItemServiceTests.CreateItem_Creates" computerName="fv-az177-480" duration="00:00:00.0070000" startTime="2022-01-12T20:56:54.3677386+00:00" endTime="2022-01-12T20:56:54.3677386+00:00" testType="13cdc9d9-ddb5-4fa4-a97d-d965ccfc6d4b" outcome="Passed" testListId="8c84fa94-04c1-424b-9868-57a2d4851a1d" relativeResultsDirectory="96bd48e6-5c11-4682-a696-aa9609e03977" />
    <UnitTestResult executionId="71b74263-e77a-4b91-9ad7-ae766295067e" testId="0864c31d-6119-84d6-7f52-9d349dabbe84" testName="UnitTests.Services.ItemServiceTests.GetItemsPage_GetsPages(page: 0, pageSize: 0, descending: True, expectedPages: 30, returnedPage: 1)" computerName="fv-az177-480" duration="00:00:00.4790000" startTime="2022-01-12T20:56:54.2917387+00:00" endTime="2022-01-12T20:56:54.2917387+00:00" testType="13cdc9d9-ddb5-4fa4-a97d-d965ccfc6d4b" outcome="Passed" testListId="8c84fa94-04c1-424b-9868-57a2d4851a1d" relativeResultsDirectory="71b74263-e77a-4b91-9ad7-ae766295067e" />
    <UnitTestResult executionId="c292fa33-9181-41f7-8a9a-ce7074fd815b" testId="e6610648-e456-1c64-d2b1-7e1242b871a8" testName="UnitTests.Services.ItemServiceTests.DeleteItem_Deletes" computerName="fv-az177-480" duration="00:00:00.0010000" startTime="2022-01-12T20:56:54.3627390+00:00" endTime="2022-01-12T20:56:54.3627390+00:00" testType="13cdc9d9-ddb5-4fa4-a97d-d965ccfc6d4b" outcome="Passed" testListId="8c84fa94-04c1-424b-9868-57a2d4851a1d" relativeResultsDirectory="c292fa33-9181-41f7-8a9a-ce7074fd815b" />
    <UnitTestResult executionId="8592880d-22b8-4fa7-ba6e-d22ec7ac20cb" testId="d5b75914-a4f0-1327-0212-c8781f6dfe81" testName="UnitTests.EntensionMethodTests.IQueryable_IsOrdered_Works(ordered: False, descending: True, lastOrder: True)" computerName="fv-az177-480" duration="00:00:00.0070000" startTime="2022-01-12T20:56:57.9177247+00:00" endTime="2022-01-12T20:56:57.9177247+00:00" testType="13cdc9d9-ddb5-4fa4-a97d-d965ccfc6d4b" outcome="Passed" testListId="8c84fa94-04c1-424b-9868-57a2d4851a1d" relativeResultsDirectory="8592880d-22b8-4fa7-ba6e-d22ec7ac20cb" />
    <UnitTestResult executionId="b7c59117-ac52-4eea-8204-7efa4bfe0dfa" testId="4bb697d7-9cb3-28c5-7c49-3e60c8ee823d" testName="UnitTests.EntensionMethodTests.IQueryable_GetPage_PagesProperly(count: 0, page: -1, pageSize: -1, expedtedPages: 0, expectedItems: 0, firstId: null, descending: False)" computerName="fv-az177-480" duration="00:00:00.0310000" startTime="2022-01-12T20:56:57.7887271+00:00" endTime="2022-01-12T20:56:57.7887271+00:00" testType="13cdc9d9-ddb5-4fa4-a97d-d965ccfc6d4b" outcome="Passed" testListId="8c84fa94-04c1-424b-9868-57a2d4851a1d" relativeResultsDirectory="b7c59117-ac52-4eea-8204-7efa4bfe0dfa" />
    <UnitTestResult executionId="21e14908-9312-4f64-bbe4-ceddcb8a87ca" testId="9168bdef-a759-f4d6-b890-b643e17324cf" testName="UnitTests.Services.LoggingServiceTests.LogginService_TestableConstructorLogsErrorWithException" computerName="fv-az177-480" duration="00:00:00.0070000" startTime="2022-01-12T20:56:55.0336102+00:00" endTime="2022-01-12T20:56:55.0336102+00:00" testType="13cdc9d9-ddb5-4fa4-a97d-d965ccfc6d4b" outcome="Passed" testListId="8c84fa94-04c1-424b-9868-57a2d4851a1d" relativeResultsDirectory="21e14908-9312-4f64-bbe4-ceddcb8a87ca" />
    <UnitTestResult executionId="bd50ab90-01c4-48e4-932f-dd4b42af4e2e" testId="aec60494-3c2e-8ec9-f948-da5bb2043983" testName="UnitTests.Controllers.ItemControllerTests.UserCanEdit_ReturnsBool(canEdit: True)" computerName="fv-az177-480" duration="00:00:00.0010000" startTime="2022-01-12T20:56:54.5097404+00:00" endTime="2022-01-12T20:56:54.5097404+00:00" testType="13cdc9d9-ddb5-4fa4-a97d-d965ccfc6d4b" outcome="Passed" testListId="8c84fa94-04c1-424b-9868-57a2d4851a1d" relativeResultsDirectory="bd50ab90-01c4-48e4-932f-dd4b42af4e2e" />
    <UnitTestResult executionId="337f1165-9b23-48e3-ac81-14a1a964fdeb" testId="ae39aa62-5ff2-56e7-d00e-ef116d711d51" testName="UnitTests.Data.Repositories.GenericRepositoryTests.Repository_Create_DefaultAudit" computerName="fv-az177-480" duration="00:00:00.0070000" startTime="2022-01-12T20:56:57.8607263+00:00" endTime="2022-01-12T20:56:57.8607263+00:00" testType="13cdc9d9-ddb5-4fa4-a97d-d965ccfc6d4b" outcome="Passed" testListId="8c84fa94-04c1-424b-9868-57a2d4851a1d" relativeResultsDirectory="337f1165-9b23-48e3-ac81-14a1a964fdeb" />
    <UnitTestResult executionId="ae9820be-351d-4162-83a1-da4bb7c922ae" testId="44b00d3a-bad7-aefd-141c-4a35b11463b2" testName="UnitTests.Data.Repositories.GenericRepositoryTests.Repository_Update_DefaultAudit" computerName="fv-az177-480" duration="00:00:00.0140000" startTime="2022-01-12T20:56:57.8577257+00:00" endTime="2022-01-12T20:56:57.8577257+00:00" testType="13cdc9d9-ddb5-4fa4-a97d-d965ccfc6d4b" outcome="Passed" testListId="8c84fa94-04c1-424b-9868-57a2d4851a1d" relativeResultsDirectory="ae9820be-351d-4162-83a1-da4bb7c922ae" />
    <UnitTestResult executionId="9975613c-96d9-4dbd-a7f6-4945fdacd924" testId="986d7e6e-d04d-b204-b01c-fbb8f09c7774" testName="UnitTests.Controllers.ServiceRouteMapperTests.RegisterRoutes_RegistersAtLestOneRoute" computerName="fv-az177-480" duration="00:00:00.1120000" startTime="2022-01-12T20:56:54.4927404+00:00" endTime="2022-01-12T20:56:54.4927404+00:00" testType="13cdc9d9-ddb5-4fa4-a97d-d965ccfc6d4b" outcome="Passed" testListId="8c84fa94-04c1-424b-9868-57a2d4851a1d" relativeResultsDirectory="9975613c-96d9-4dbd-a7f6-4945fdacd924" />
    <UnitTestResult executionId="5fddc50d-712a-43c0-884a-80c5096de9eb" testId="263c08b1-704a-f3c2-309e-6dee831dbdc9" testName="UnitTests.Services.ItemServiceTests.UpdateItem_NullDto_Throws" computerName="fv-az177-480" duration="00:00:00.0220000" startTime="2022-01-12T20:56:54.3247376+00:00" endTime="2022-01-12T20:56:54.3247376+00:00" testType="13cdc9d9-ddb5-4fa4-a97d-d965ccfc6d4b" outcome="Passed" testListId="8c84fa94-04c1-424b-9868-57a2d4851a1d" relativeResultsDirectory="5fddc50d-712a-43c0-884a-80c5096de9eb" />
    <UnitTestResult executionId="a2194b56-a3a9-4138-99ab-54a3170d30d0" testId="95a0a379-a9bd-3d99-f720-e626260de7f6" testName="UnitTests.EntensionMethodTests.IQueryable_GetPage_PagesProperly(count: 101, page: 1, pageSize: 50, expedtedPages: 3, expectedItems: 50, firstId: 1, descending: False)" computerName="fv-az177-480" duration="00:00:00.0450000" startTime="2022-01-12T20:56:57.7837232+00:00" endTime="2022-01-12T20:56:57.7837232+00:00" testType="13cdc9d9-ddb5-4fa4-a97d-d965ccfc6d4b" outcome="Passed" testListId="8c84fa94-04c1-424b-9868-57a2d4851a1d" relativeResultsDirectory="a2194b56-a3a9-4138-99ab-54a3170d30d0" />
    <UnitTestResult executionId="190b68b3-a6f3-49bd-9837-4183450408bc" testId="113f48ce-a6a3-c5df-7589-ba5a5fcb9c59" testName="UnitTests.Controllers.ModuleExceptionFilterAttributeTests.NoException_DoesNothing" computerName="fv-az177-480" duration="00:00:00.0010000" startTime="2022-01-12T20:56:55.0296061+00:00" endTime="2022-01-12T20:56:55.0296061+00:00" testType="13cdc9d9-ddb5-4fa4-a97d-d965ccfc6d4b" outcome="Passed" testListId="8c84fa94-04c1-424b-9868-57a2d4851a1d" relativeResultsDirectory="190b68b3-a6f3-49bd-9837-4183450408bc" />
    <UnitTestResult executionId="4cedbb98-4073-4df5-a7bc-4bd16fa2ec70" testId="e4f8faa7-d0ad-86e6-1579-7bd52372b4c3" testName="UnitTests.Data.Repositories.GenericRepositoryTests.GenericRepositoryConstructs" computerName="fv-az177-480" duration="00:00:00.0010000" startTime="2022-01-12T20:56:57.8557265+00:00" endTime="2022-01-12T20:56:57.8557265+00:00" testType="13cdc9d9-ddb5-4fa4-a97d-d965ccfc6d4b" outcome="Passed" testListId="8c84fa94-04c1-424b-9868-57a2d4851a1d" relativeResultsDirectory="4cedbb98-4073-4df5-a7bc-4bd16fa2ec70" />
    <UnitTestResult executionId="efd3c462-1eb9-4785-89dc-b0ea0cb8d025" testId="92b7b9f6-1294-7ea1-ffa3-91fba85074d4" testName="UnitTests.Services.ItemServiceTests.UpdateItem_NoName_Throws(name: &quot;  &quot;)" computerName="fv-az177-480" duration="00:00:00.0010000" startTime="2022-01-12T20:56:54.3317394+00:00" endTime="2022-01-12T20:56:54.3317394+00:00" testType="13cdc9d9-ddb5-4fa4-a97d-d965ccfc6d4b" outcome="Passed" testListId="8c84fa94-04c1-424b-9868-57a2d4851a1d" relativeResultsDirectory="efd3c462-1eb9-4785-89dc-b0ea0cb8d025" />
    <UnitTestResult executionId="193fef9d-6430-49cd-99f6-4d6a052d4a49" testId="1017c6c1-9dd0-57dc-36e7-bb573d02562e" testName="UnitTests.Controllers.ItemControllerTests.GetItemsPage_GetsProperPages" computerName="fv-az177-480" duration="00:00:00.0110000" startTime="2022-01-12T20:56:54.5252001+00:00" endTime="2022-01-12T20:56:54.5252001+00:00" testType="13cdc9d9-ddb5-4fa4-a97d-d965ccfc6d4b" outcome="Passed" testListId="8c84fa94-04c1-424b-9868-57a2d4851a1d" relativeResultsDirectory="193fef9d-6430-49cd-99f6-4d6a052d4a49" />
    <UnitTestResult executionId="c7ff83cd-1d0e-497e-a82a-0803d437c89d" testId="2d3a68b5-bf4c-0513-b733-5ed612794244" testName="UnitTests.EntensionMethodTests.IQueryable_GetPage_EmptyDoesNotThrow" computerName="fv-az177-480" duration="00:00:00.0290000" startTime="2022-01-12T20:56:57.9797262+00:00" endTime="2022-01-12T20:56:57.9797262+00:00" testType="13cdc9d9-ddb5-4fa4-a97d-d965ccfc6d4b" outcome="Passed" testListId="8c84fa94-04c1-424b-9868-57a2d4851a1d" relativeResultsDirectory="c7ff83cd-1d0e-497e-a82a-0803d437c89d" />
    <UnitTestResult executionId="d2f3082e-9cb4-4954-b5e2-00bd5031702d" testId="a21637b0-54f8-4fa0-bc3b-95481a9fd90b" testName="UnitTests.Controllers.ModuleExceptionFilterAttributeTests.ArgumentException_BadRequest(exception: System.NotImplementedException: Not Implemented, expectedStatusCode: NotImplemented)" computerName="fv-az177-480" duration="00:00:00.0010000" startTime="2022-01-12T20:56:55.0236072+00:00" endTime="2022-01-12T20:56:55.0236072+00:00" testType="13cdc9d9-ddb5-4fa4-a97d-d965ccfc6d4b" outcome="Passed" testListId="8c84fa94-04c1-424b-9868-57a2d4851a1d" relativeResultsDirectory="d2f3082e-9cb4-4954-b5e2-00bd5031702d" />
    <UnitTestResult executionId="f3c8d83b-2a61-4258-ad2f-35fc8cff2fab" testId="9207202d-19b8-8eb5-74dc-6aa5d849467c" testName="UnitTests.EntensionMethodTests.IQueryable_GetPage_PagesProperly(count: 10, page: 1, pageSize: 10, expedtedPages: 1, expectedItems: 10, firstId: 1, descending: False)" computerName="fv-az177-480" duration="00:00:00.0260000" startTime="2022-01-12T20:56:57.8407229+00:00" endTime="2022-01-12T20:56:57.8407229+00:00" testType="13cdc9d9-ddb5-4fa4-a97d-d965ccfc6d4b" outcome="Passed" testListId="8c84fa94-04c1-424b-9868-57a2d4851a1d" relativeResultsDirectory="f3c8d83b-2a61-4258-ad2f-35fc8cff2fab" />
    <UnitTestResult executionId="3990f9bb-ffaa-4915-b437-bdafeddf6369" testId="e55f1742-c16d-5086-2251-ad3372dd48f5" testName="UnitTests.Controllers.ValidateModelAttributeTests.OnActionExecuting_Valid_Works" computerName="fv-az177-480" duration="00:00:00.0480000" startTime="2022-01-12T20:56:53.4600767+00:00" endTime="2022-01-12T20:56:53.4600767+00:00" testType="13cdc9d9-ddb5-4fa4-a97d-d965ccfc6d4b" outcome="Passed" testListId="8c84fa94-04c1-424b-9868-57a2d4851a1d" relativeResultsDirectory="3990f9bb-ffaa-4915-b437-bdafeddf6369" />
    <UnitTestResult executionId="0c4aeedc-81c4-44c6-b91b-bf20cc517980" testId="19b6234c-c2df-2304-54f9-54b0da4cd6ba" testName="UnitTests.Services.ItemServiceTests.CreateItem_NoNameThrows" computerName="fv-az177-480" duration="00:00:00.0010000" startTime="2022-01-12T20:56:54.3267381+00:00" endTime="2022-01-12T20:56:54.3267381+00:00" testType="13cdc9d9-ddb5-4fa4-a97d-d965ccfc6d4b" outcome="Passed" testListId="8c84fa94-04c1-424b-9868-57a2d4851a1d" relativeResultsDirectory="0c4aeedc-81c4-44c6-b91b-bf20cc517980" />
    <UnitTestResult executionId="a2987670-5d88-4510-8e8c-c18c1ecf4a5c" testId="bae3532a-4a9e-c4ab-fc66-4dfa22d16170" testName="UnitTests.Controllers.ModuleApiControllerTests.HasUserInfo" computerName="fv-az177-480" duration="00:00:00.0020000" startTime="2022-01-12T20:56:55.1276058+00:00" endTime="2022-01-12T20:56:55.1276058+00:00" testType="13cdc9d9-ddb5-4fa4-a97d-d965ccfc6d4b" outcome="Passed" testListId="8c84fa94-04c1-424b-9868-57a2d4851a1d" relativeResultsDirectory="a2987670-5d88-4510-8e8c-c18c1ecf4a5c" />
    <UnitTestResult executionId="b42edeeb-c17f-4832-826c-266f5cc1c521" testId="0bc54975-0bff-692e-a9b3-fc69f2c95a39" testName="UnitTests.Data.Repositories.GenericRepositoryTests.GenericRepositoryDeletes" computerName="fv-az177-480" duration="00:00:02.5570000" startTime="2022-01-12T20:56:57.6887238+00:00" endTime="2022-01-12T20:56:57.6887238+00:00" testType="13cdc9d9-ddb5-4fa4-a97d-d965ccfc6d4b" outcome="Passed" testListId="8c84fa94-04c1-424b-9868-57a2d4851a1d" relativeResultsDirectory="b42edeeb-c17f-4832-826c-266f5cc1c521" />
    <UnitTestResult executionId="2be30ecb-ffc0-40ad-b932-e96a2efb9d67" testId="19223079-ea41-5691-855c-970af1a1e611" testName="UnitTests.Services.ItemServiceTests.GetItemsPage_GetsPages(page: 1, pageSize: 10, descending: False, expectedPages: 3, returnedPage: 1)" computerName="fv-az177-480" duration="00:00:00.0030000" startTime="2022-01-12T20:56:54.2997384+00:00" endTime="2022-01-12T20:56:54.2997384+00:00" testType="13cdc9d9-ddb5-4fa4-a97d-d965ccfc6d4b" outcome="Passed" testListId="8c84fa94-04c1-424b-9868-57a2d4851a1d" relativeResultsDirectory="2be30ecb-ffc0-40ad-b932-e96a2efb9d67" />
    <UnitTestResult executionId="6f081b19-453d-4cfb-9901-96c3d00901b8" testId="392ed628-2028-c945-b97e-893658a1e82b" testName="UnitTests.Data.Entities.ItemTests.ItemPropertiesPersist(id: 1, name: &quot;Name1&quot;, description: &quot;Description1&quot;)" computerName="fv-az177-480" duration="00:00:00.0010000" startTime="2022-01-12T20:56:54.9756033+00:00" endTime="2022-01-12T20:56:54.9756033+00:00" testType="13cdc9d9-ddb5-4fa4-a97d-d965ccfc6d4b" outcome="Passed" testListId="8c84fa94-04c1-424b-9868-57a2d4851a1d" relativeResultsDirectory="6f081b19-453d-4cfb-9901-96c3d00901b8" />
    <UnitTestResult executionId="2e151c4b-d532-407c-81f1-b7df11149945" testId="36689490-09d4-917f-648a-70dcfcfede10" testName="UnitTests.Data.Repositories.GenericRepositoryTests.GenericRepositoryCreate_ThrowsWithNullEntity" computerName="fv-az177-480" duration="00:00:00.0010000" startTime="2022-01-12T20:56:57.7167252+00:00" endTime="2022-01-12T20:56:57.7167252+00:00" testType="13cdc9d9-ddb5-4fa4-a97d-d965ccfc6d4b" outcome="Passed" testListId="8c84fa94-04c1-424b-9868-57a2d4851a1d" relativeResultsDirectory="2e151c4b-d532-407c-81f1-b7df11149945" />
    <UnitTestResult executionId="2e983af4-9ab7-4278-9d40-21016e309964" testId="0dc5a512-bfd0-bc80-f676-16e6d961ec4d" testName="UnitTests.EntensionMethodTests.IQueryable_IsOrdered_Works(ordered: False, descending: False, lastOrder: True)" computerName="fv-az177-480" duration="00:00:00.0070000" startTime="2022-01-12T20:56:57.9507234+00:00" endTime="2022-01-12T20:56:57.9507234+00:00" testType="13cdc9d9-ddb5-4fa4-a97d-d965ccfc6d4b" outcome="Passed" testListId="8c84fa94-04c1-424b-9868-57a2d4851a1d" relativeResultsDirectory="2e983af4-9ab7-4278-9d40-21016e309964" />
    <UnitTestResult executionId="deae3a17-49fd-433a-a485-f6e773649336" testId="0ebf358f-9eac-9438-b418-9c6aa81a6377" testName="UnitTests.Data.Repositories.GenericRepositoryTests.Repository_Update_UsesuserId" computerName="fv-az177-480" duration="00:00:00.0230000" startTime="2022-01-12T20:56:57.7827234+00:00" endTime="2022-01-12T20:56:57.7827234+00:00" testType="13cdc9d9-ddb5-4fa4-a97d-d965ccfc6d4b" outcome="Passed" testListId="8c84fa94-04c1-424b-9868-57a2d4851a1d" relativeResultsDirectory="deae3a17-49fd-433a-a485-f6e773649336" />
    <UnitTestResult executionId="2d4f5ae1-7216-43e5-b7ce-18aaa356d888" testId="1c164fbc-1ab1-9884-ccb8-9e84f4c977d0" testName="UnitTests.Services.ItemServiceTests.UpdateItem_NoName_Throws(name: &quot; &quot;)" computerName="fv-az177-480" duration="00:00:00.0010000" startTime="2022-01-12T20:56:54.3287375+00:00" endTime="2022-01-12T20:56:54.3287375+00:00" testType="13cdc9d9-ddb5-4fa4-a97d-d965ccfc6d4b" outcome="Passed" testListId="8c84fa94-04c1-424b-9868-57a2d4851a1d" relativeResultsDirectory="2d4f5ae1-7216-43e5-b7ce-18aaa356d888" />
    <UnitTestResult executionId="726b4fb0-ad31-4d4e-bb33-c017ca8911b3" testId="3cbfa5d3-e0f6-eff8-ed5c-556fa1f3e131" testName="UnitTests.Services.ItemServiceTests.UpdateItem_NoName_Throws(name: &quot;&quot;)" computerName="fv-az177-480" duration="00:00:00.0010000" startTime="2022-01-12T20:56:54.3327387+00:00" endTime="2022-01-12T20:56:54.3327387+00:00" testType="13cdc9d9-ddb5-4fa4-a97d-d965ccfc6d4b" outcome="Passed" testListId="8c84fa94-04c1-424b-9868-57a2d4851a1d" relativeResultsDirectory="726b4fb0-ad31-4d4e-bb33-c017ca8911b3" />
  </Results>
  <TestDefinitions>
    <UnitTest name="UnitTests.Controllers.ItemControllerTests.DeleteItem_Deletes(itemId: 1)" storage="d:\a\mymodule20220112\mymodule20220112\unittests\bin\unittests.dll" id="478b61ee-7d85-9dbe-985d-08c590f8666a">
      <Execution id="3e6dad84-3f52-4bf0-bba7-437812229b54" />
      <TestMethod codeBase="D:\a\MyModule20220112\MyModule20220112\UnitTests\bin\UnitTests.dll" adapterTypeName="executor://xunit/VsTestRunner2/net" className="UnitTests.Controllers.ItemControllerTests" name="DeleteItem_Deletes" />
    </UnitTest>
    <UnitTest name="UnitTests.EntensionMethodTests.IQueryable_IsOrdered_Works(ordered: True, descending: True, lastOrder: False)" storage="d:\a\mymodule20220112\mymodule20220112\unittests\bin\unittests.dll" id="6f0b47a1-9d18-a5d8-8dd1-c8f266712c15">
      <Execution id="b7ffcb8d-b7a0-4628-8188-fafd82eeaab1" />
      <TestMethod codeBase="D:\a\MyModule20220112\MyModule20220112\UnitTests\bin\UnitTests.dll" adapterTypeName="executor://xunit/VsTestRunner2/net" className="UnitTests.EntensionMethodTests" name="IQueryable_IsOrdered_Works" />
    </UnitTest>
    <UnitTest name="UnitTests.Controllers.ItemControllerTests.UserCanEdit_ReturnsBool(canEdit: False)" storage="d:\a\mymodule20220112\mymodule20220112\unittests\bin\unittests.dll" id="0247c7e7-7d1c-099b-2ac8-81a47ff2509a">
      <Execution id="2b9699cb-1686-4194-807e-e60b0cd8791f" />
      <TestMethod codeBase="D:\a\MyModule20220112\MyModule20220112\UnitTests\bin\UnitTests.dll" adapterTypeName="executor://xunit/VsTestRunner2/net" className="UnitTests.Controllers.ItemControllerTests" name="UserCanEdit_ReturnsBool" />
    </UnitTest>
    <UnitTest name="UnitTests.EntensionMethodTests.IQueryable_GetPage_PagesProperly(count: 21, page: 1, pageSize: 10, expedtedPages: 3, expectedItems: 10, firstId: 21, descending: True)" storage="d:\a\mymodule20220112\mymodule20220112\unittests\bin\unittests.dll" id="7e661283-b2b2-d632-266b-6af1f3374c08">
      <Execution id="1eef21c0-5bfc-4ff1-989f-d80e683efd9c" />
      <TestMethod codeBase="D:\a\MyModule20220112\MyModule20220112\UnitTests\bin\UnitTests.dll" adapterTypeName="executor://xunit/VsTestRunner2/net" className="UnitTests.EntensionMethodTests" name="IQueryable_GetPage_PagesProperly" />
    </UnitTest>
    <UnitTest name="UnitTests.Controllers.LocalizationControllerTests.GetLocalization_CallsLocalizationService" storage="d:\a\mymodule20220112\mymodule20220112\unittests\bin\unittests.dll" id="168fc980-36e3-101b-62b1-f5ab71e9fc0d">
      <Execution id="7c135562-11c4-4f9a-ad4b-3bd99463403f" />
      <TestMethod codeBase="D:\a\MyModule20220112\MyModule20220112\UnitTests\bin\UnitTests.dll" adapterTypeName="executor://xunit/VsTestRunner2/net" className="UnitTests.Controllers.LocalizationControllerTests" name="GetLocalization_CallsLocalizationService" />
    </UnitTest>
    <UnitTest name="UnitTests.Data.ModuleDbContextTests.DefaultConstructorThrows" storage="d:\a\mymodule20220112\mymodule20220112\unittests\bin\unittests.dll" id="ac2a99ba-3563-74a9-7d4c-8e91a58cd097">
      <Execution id="739c861d-702e-4321-8dc7-6ce03a914b03" />
      <TestMethod codeBase="D:\a\MyModule20220112\MyModule20220112\UnitTests\bin\UnitTests.dll" adapterTypeName="executor://xunit/VsTestRunner2/net" className="UnitTests.Data.ModuleDbContextTests" name="DefaultConstructorThrows" />
    </UnitTest>
    <UnitTest name="UnitTests.Controllers.ModuleApiControllerTests.CanEdit_DefaultsToFalse" storage="d:\a\mymodule20220112\mymodule20220112\unittests\bin\unittests.dll" id="320e3c11-11d1-b3ef-0d2e-5e474f674ff1">
      <Execution id="8564ff1e-ff77-4fd6-b25a-ab0570aaec70" />
      <TestMethod codeBase="D:\a\MyModule20220112\MyModule20220112\UnitTests\bin\UnitTests.dll" adapterTypeName="executor://xunit/VsTestRunner2/net" className="UnitTests.Controllers.ModuleApiControllerTests" name="CanEdit_DefaultsToFalse" />
    </UnitTest>
    <UnitTest name="UnitTests.Data.Repositories.GenericRepositoryTests.GenericRepositoryCreatesAndGetsById" storage="d:\a\mymodule20220112\mymodule20220112\unittests\bin\unittests.dll" id="e6e0a140-85e7-6935-6160-ab95ecfd3c8a">
      <Execution id="797e0025-55e5-4f9d-b1e3-954542a63187" />
      <TestMethod codeBase="D:\a\MyModule20220112\MyModule20220112\UnitTests\bin\UnitTests.dll" adapterTypeName="executor://xunit/VsTestRunner2/net" className="UnitTests.Data.Repositories.GenericRepositoryTests" name="GenericRepositoryCreatesAndGetsById" />
    </UnitTest>
    <UnitTest name="UnitTests.Services.ItemServiceTests.GetItemsPage_GetsPages(page: 4, pageSize: 10, descending: False, expectedPages: 3, returnedPage: 3)" storage="d:\a\mymodule20220112\mymodule20220112\unittests\bin\unittests.dll" id="0f141a30-05bd-f4ed-a627-d40adca6b3ca">
      <Execution id="9f860599-3d14-4e66-bc8f-5cece2f27994" />
      <TestMethod codeBase="D:\a\MyModule20220112\MyModule20220112\UnitTests\bin\UnitTests.dll" adapterTypeName="executor://xunit/VsTestRunner2/net" className="UnitTests.Services.ItemServiceTests" name="GetItemsPage_GetsPages" />
    </UnitTest>
    <UnitTest name="UnitTests.Services.ItemServiceTests.UpdateItem_NoName_Throws(name: &quot; &quot;)" storage="d:\a\mymodule20220112\mymodule20220112\unittests\bin\unittests.dll" id="1c164fbc-1ab1-9884-ccb8-9e84f4c977d0">
      <Execution id="2d4f5ae1-7216-43e5-b7ce-18aaa356d888" />
      <TestMethod codeBase="D:\a\MyModule20220112\MyModule20220112\UnitTests\bin\UnitTests.dll" adapterTypeName="executor://xunit/VsTestRunner2/net" className="UnitTests.Services.ItemServiceTests" name="UpdateItem_NoName_Throws" />
    </UnitTest>
    <UnitTest name="UnitTests.EntensionMethodTests.IQueryable_IsOrdered_Works(ordered: False, descending: False, lastOrder: False)" storage="d:\a\mymodule20220112\mymodule20220112\unittests\bin\unittests.dll" id="2aef35a8-73ad-0c03-c8a4-2b5a1d37af8f">
      <Execution id="18dcad93-3bca-489a-b067-faa119e3975c" />
      <TestMethod codeBase="D:\a\MyModule20220112\MyModule20220112\UnitTests\bin\UnitTests.dll" adapterTypeName="executor://xunit/VsTestRunner2/net" className="UnitTests.EntensionMethodTests" name="IQueryable_IsOrdered_Works" />
    </UnitTest>
    <UnitTest name="UnitTests.EntensionMethodTests.IQueryable_GetPage_PagesProperly(count: 101, page: 1, pageSize: 50, expedtedPages: 3, expectedItems: 50, firstId: 1, descending: False)" storage="d:\a\mymodule20220112\mymodule20220112\unittests\bin\unittests.dll" id="95a0a379-a9bd-3d99-f720-e626260de7f6">
      <Execution id="a2194b56-a3a9-4138-99ab-54a3170d30d0" />
      <TestMethod codeBase="D:\a\MyModule20220112\MyModule20220112\UnitTests\bin\UnitTests.dll" adapterTypeName="executor://xunit/VsTestRunner2/net" className="UnitTests.EntensionMethodTests" name="IQueryable_GetPage_PagesProperly" />
    </UnitTest>
    <UnitTest name="UnitTests.EntensionMethodTests.IQueryable_GetPage_PagesProperly(count: 0, page: -1, pageSize: -1, expedtedPages: 0, expectedItems: 0, firstId: null, descending: False)" storage="d:\a\mymodule20220112\mymodule20220112\unittests\bin\unittests.dll" id="4bb697d7-9cb3-28c5-7c49-3e60c8ee823d">
      <Execution id="b7c59117-ac52-4eea-8204-7efa4bfe0dfa" />
      <TestMethod codeBase="D:\a\MyModule20220112\MyModule20220112\UnitTests\bin\UnitTests.dll" adapterTypeName="executor://xunit/VsTestRunner2/net" className="UnitTests.EntensionMethodTests" name="IQueryable_GetPage_PagesProperly" />
    </UnitTest>
    <UnitTest name="UnitTests.Data.Repositories.GenericRepositoryTests.Repository_Update_UsesuserId" storage="d:\a\mymodule20220112\mymodule20220112\unittests\bin\unittests.dll" id="0ebf358f-9eac-9438-b418-9c6aa81a6377">
      <Execution id="deae3a17-49fd-433a-a485-f6e773649336" />
      <TestMethod codeBase="D:\a\MyModule20220112\MyModule20220112\UnitTests\bin\UnitTests.dll" adapterTypeName="executor://xunit/VsTestRunner2/net" className="UnitTests.Data.Repositories.GenericRepositoryTests" name="Repository_Update_UsesuserId" />
    </UnitTest>
    <UnitTest name="UnitTests.Services.ItemServiceTests.CreateItem_Creates" storage="d:\a\mymodule20220112\mymodule20220112\unittests\bin\unittests.dll" id="a9198ad3-782e-a37c-0b5f-1330f5318f55">
      <Execution id="96bd48e6-5c11-4682-a696-aa9609e03977" />
      <TestMethod codeBase="D:\a\MyModule20220112\MyModule20220112\UnitTests\bin\UnitTests.dll" adapterTypeName="executor://xunit/VsTestRunner2/net" className="UnitTests.Services.ItemServiceTests" name="CreateItem_Creates" />
    </UnitTest>
    <UnitTest name="UnitTests.Controllers.ValidateModelAttributeTests.OnActionExecuting_Invalid_Works" storage="d:\a\mymodule20220112\mymodule20220112\unittests\bin\unittests.dll" id="61a8ccc9-c5b1-047b-3c97-f777ccc7d30b">
      <Execution id="e3655ed0-6a6a-4bfc-98f9-0740de0c38f2" />
      <TestMethod codeBase="D:\a\MyModule20220112\MyModule20220112\UnitTests\bin\UnitTests.dll" adapterTypeName="executor://xunit/VsTestRunner2/net" className="UnitTests.Controllers.ValidateModelAttributeTests" name="OnActionExecuting_Invalid_Works" />
    </UnitTest>
    <UnitTest name="UnitTests.EntensionMethodTests.IQueryable_IsOrdered_Works(ordered: False, descending: True, lastOrder: False)" storage="d:\a\mymodule20220112\mymodule20220112\unittests\bin\unittests.dll" id="b80893de-3e2d-6029-ec19-65c03fd119c3">
      <Execution id="ca2d6956-d550-4e38-9cc8-639bb4455b3a" />
      <TestMethod codeBase="D:\a\MyModule20220112\MyModule20220112\UnitTests\bin\UnitTests.dll" adapterTypeName="executor://xunit/VsTestRunner2/net" className="UnitTests.EntensionMethodTests" name="IQueryable_IsOrdered_Works" />
    </UnitTest>
    <UnitTest name="UnitTests.Services.ItemServiceTests.GetItemsPage_GetsPages(page: 1, pageSize: 20, descending: False, expectedPages: 2, returnedPage: 1)" storage="d:\a\mymodule20220112\mymodule20220112\unittests\bin\unittests.dll" id="1b051fa0-d4cc-1b32-80bb-d56b714e3066">
      <Execution id="570bdf38-0b81-4ce3-a8b9-9957d78890b4" />
      <TestMethod codeBase="D:\a\MyModule20220112\MyModule20220112\UnitTests\bin\UnitTests.dll" adapterTypeName="executor://xunit/VsTestRunner2/net" className="UnitTests.Services.ItemServiceTests" name="GetItemsPage_GetsPages" />
    </UnitTest>
    <UnitTest name="UnitTests.Data.Repositories.GenericRepositoryTests.GenericRepositoryGet" storage="d:\a\mymodule20220112\mymodule20220112\unittests\bin\unittests.dll" id="ad3412e8-5f64-2020-a5b6-bd4cca8c3b7d">
      <Execution id="ae7f2ef8-7b12-469e-83f6-c5232d930c92" />
      <TestMethod codeBase="D:\a\MyModule20220112\MyModule20220112\UnitTests\bin\UnitTests.dll" adapterTypeName="executor://xunit/VsTestRunner2/net" className="UnitTests.Data.Repositories.GenericRepositoryTests" name="GenericRepositoryGet" />
    </UnitTest>
    <UnitTest name="UnitTests.Data.Repositories.GenericRepositoryTests.GenericRepositoryUpdate_ThrowsWithNullEntity" storage="d:\a\mymodule20220112\mymodule20220112\unittests\bin\unittests.dll" id="24cfa8b0-48c3-8aab-e4c2-88694c220e2c">
      <Execution id="8ad95418-9f0d-4f31-bc9a-d7f5f8ffbb2b" />
      <TestMethod codeBase="D:\a\MyModule20220112\MyModule20220112\UnitTests\bin\UnitTests.dll" adapterTypeName="executor://xunit/VsTestRunner2/net" className="UnitTests.Data.Repositories.GenericRepositoryTests" name="GenericRepositoryUpdate_ThrowsWithNullEntity" />
    </UnitTest>
    <UnitTest name="UnitTests.Services.LoggingServiceTests.LogginService_TestableConstructorLogsError" storage="d:\a\mymodule20220112\mymodule20220112\unittests\bin\unittests.dll" id="ac1c50bc-98fd-036f-fe0f-d46cb187f90e">
      <Execution id="e84416d8-7712-422e-bac0-d643e7ab73c6" />
      <TestMethod codeBase="D:\a\MyModule20220112\MyModule20220112\UnitTests\bin\UnitTests.dll" adapterTypeName="executor://xunit/VsTestRunner2/net" className="UnitTests.Services.LoggingServiceTests" name="LogginService_TestableConstructorLogsError" />
    </UnitTest>
    <UnitTest name="UnitTests.Data.Repositories.GenericRepositoryTests.GenericRepositoryGetsAll(iterations: 3)" storage="d:\a\mymodule20220112\mymodule20220112\unittests\bin\unittests.dll" id="d15ea2a7-9f9f-b92b-50fa-470898da705d">
      <Execution id="30c37627-9b75-44f0-8f10-c370c6c876cb" />
      <TestMethod codeBase="D:\a\MyModule20220112\MyModule20220112\UnitTests\bin\UnitTests.dll" adapterTypeName="executor://xunit/VsTestRunner2/net" className="UnitTests.Data.Repositories.GenericRepositoryTests" name="GenericRepositoryGetsAll" />
    </UnitTest>
    <UnitTest name="UnitTests.Common.GlobalsTests.ModulePrefixIsValid" storage="d:\a\mymodule20220112\mymodule20220112\unittests\bin\unittests.dll" id="d1c63cb7-1f9a-a8bf-a217-a4cbb4e5f73b">
      <Execution id="4f091b64-dbab-4c05-975f-821a185d11a6" />
      <TestMethod codeBase="D:\a\MyModule20220112\MyModule20220112\UnitTests\bin\UnitTests.dll" adapterTypeName="executor://xunit/VsTestRunner2/net" className="UnitTests.Common.GlobalsTests" name="ModulePrefixIsValid" />
    </UnitTest>
    <UnitTest name="UnitTests.Data.Entities.ItemTests.ItemPropertiesPersist(id: 2, name: &quot;Name2&quot;, description: &quot;Description2&quot;)" storage="d:\a\mymodule20220112\mymodule20220112\unittests\bin\unittests.dll" id="96a18501-dea4-70b1-d572-baa1bb120da2">
      <Execution id="d6b07d9a-3f6d-4924-b295-f2d4db2397ad" />
      <TestMethod codeBase="D:\a\MyModule20220112\MyModule20220112\UnitTests\bin\UnitTests.dll" adapterTypeName="executor://xunit/VsTestRunner2/net" className="UnitTests.Data.Entities.ItemTests" name="ItemPropertiesPersist" />
    </UnitTest>
    <UnitTest name="UnitTests.Controllers.ServiceRouteMapperTests.RegisterRoutes_RegistersAtLestOneRoute" storage="d:\a\mymodule20220112\mymodule20220112\unittests\bin\unittests.dll" id="986d7e6e-d04d-b204-b01c-fbb8f09c7774">
      <Execution id="9975613c-96d9-4dbd-a7f6-4945fdacd924" />
      <TestMethod codeBase="D:\a\MyModule20220112\MyModule20220112\UnitTests\bin\UnitTests.dll" adapterTypeName="executor://xunit/VsTestRunner2/net" className="UnitTests.Controllers.ServiceRouteMapperTests" name="RegisterRoutes_RegistersAtLestOneRoute" />
    </UnitTest>
    <UnitTest name="UnitTests.EntensionMethodTests.IQueryable_GetPage_PagesProperly(count: 10, page: 1, pageSize: 10, expedtedPages: 1, expectedItems: 10, firstId: 1, descending: False)" storage="d:\a\mymodule20220112\mymodule20220112\unittests\bin\unittests.dll" id="9207202d-19b8-8eb5-74dc-6aa5d849467c">
      <Execution id="f3c8d83b-2a61-4258-ad2f-35fc8cff2fab" />
      <TestMethod codeBase="D:\a\MyModule20220112\MyModule20220112\UnitTests\bin\UnitTests.dll" adapterTypeName="executor://xunit/VsTestRunner2/net" className="UnitTests.EntensionMethodTests" name="IQueryable_GetPage_PagesProperly" />
    </UnitTest>
    <UnitTest name="UnitTests.Controllers.ModuleExceptionFilterAttributeTests.SystemException_DoesNotExposeDetails" storage="d:\a\mymodule20220112\mymodule20220112\unittests\bin\unittests.dll" id="1a74e347-4470-5271-97ab-1ebaf8693270">
      <Execution id="eb01e282-6b2a-4f3c-9629-550555f32bf9" />
      <TestMethod codeBase="D:\a\MyModule20220112\MyModule20220112\UnitTests\bin\UnitTests.dll" adapterTypeName="executor://xunit/VsTestRunner2/net" className="UnitTests.Controllers.ModuleExceptionFilterAttributeTests" name="SystemException_DoesNotExposeDetails" />
    </UnitTest>
    <UnitTest name="UnitTests.Data.Repositories.GenericRepositoryTests.GenericRepositoryConstructs" storage="d:\a\mymodule20220112\mymodule20220112\unittests\bin\unittests.dll" id="e4f8faa7-d0ad-86e6-1579-7bd52372b4c3">
      <Execution id="4cedbb98-4073-4df5-a7bc-4bd16fa2ec70" />
      <TestMethod codeBase="D:\a\MyModule20220112\MyModule20220112\UnitTests\bin\UnitTests.dll" adapterTypeName="executor://xunit/VsTestRunner2/net" className="UnitTests.Data.Repositories.GenericRepositoryTests" name="GenericRepositoryConstructs" />
    </UnitTest>
    <UnitTest name="UnitTests.Data.Repositories.GenericRepositoryTests.Repository_DeleteMissing_DoesNotThrow" storage="d:\a\mymodule20220112\mymodule20220112\unittests\bin\unittests.dll" id="f754f777-4449-23e8-f4ec-917f49117de2">
      <Execution id="f1397f16-b6ec-4855-aed4-962e999ad6a0" />
      <TestMethod codeBase="D:\a\MyModule20220112\MyModule20220112\UnitTests\bin\UnitTests.dll" adapterTypeName="executor://xunit/VsTestRunner2/net" className="UnitTests.Data.Repositories.GenericRepositoryTests" name="Repository_DeleteMissing_DoesNotThrow" />
    </UnitTest>
    <UnitTest name="UnitTests.Services.ItemServiceTests.UpdateItem_NoName_Throws(name: null)" storage="d:\a\mymodule20220112\mymodule20220112\unittests\bin\unittests.dll" id="b76e01b1-6afe-f33b-c6a9-ea3347176509">
      <Execution id="aa9a5c03-c1a1-445b-a3bc-74a2aa4f3b9e" />
      <TestMethod codeBase="D:\a\MyModule20220112\MyModule20220112\UnitTests\bin\UnitTests.dll" adapterTypeName="executor://xunit/VsTestRunner2/net" className="UnitTests.Services.ItemServiceTests" name="UpdateItem_NoName_Throws" />
    </UnitTest>
    <UnitTest name="UnitTests.EntensionMethodTests.IQueryable_IsOrdered_Works(ordered: True, descending: False, lastOrder: True)" storage="d:\a\mymodule20220112\mymodule20220112\unittests\bin\unittests.dll" id="3140ebc5-2430-06b3-4257-a6794b9b09ac">
      <Execution id="3c6bf82e-e52b-4972-83d3-f01b02925667" />
      <TestMethod codeBase="D:\a\MyModule20220112\MyModule20220112\UnitTests\bin\UnitTests.dll" adapterTypeName="executor://xunit/VsTestRunner2/net" className="UnitTests.EntensionMethodTests" name="IQueryable_IsOrdered_Works" />
    </UnitTest>
    <UnitTest name="UnitTests.Services.ItemServiceTests.CreateItem_NoNameThrows" storage="d:\a\mymodule20220112\mymodule20220112\unittests\bin\unittests.dll" id="19b6234c-c2df-2304-54f9-54b0da4cd6ba">
      <Execution id="0c4aeedc-81c4-44c6-b91b-bf20cc517980" />
      <TestMethod codeBase="D:\a\MyModule20220112\MyModule20220112\UnitTests\bin\UnitTests.dll" adapterTypeName="executor://xunit/VsTestRunner2/net" className="UnitTests.Services.ItemServiceTests" name="CreateItem_NoNameThrows" />
    </UnitTest>
    <UnitTest name="UnitTests.Services.ItemServiceTests.DeleteItem_Deletes" storage="d:\a\mymodule20220112\mymodule20220112\unittests\bin\unittests.dll" id="e6610648-e456-1c64-d2b1-7e1242b871a8">
      <Execution id="c292fa33-9181-41f7-8a9a-ce7074fd815b" />
      <TestMethod codeBase="D:\a\MyModule20220112\MyModule20220112\UnitTests\bin\UnitTests.dll" adapterTypeName="executor://xunit/VsTestRunner2/net" className="UnitTests.Services.ItemServiceTests" name="DeleteItem_Deletes" />
    </UnitTest>
    <UnitTest name="UnitTests.Data.Entities.ItemTests.ItemConstructsProperly" storage="d:\a\mymodule20220112\mymodule20220112\unittests\bin\unittests.dll" id="572fc310-4b67-9555-f147-153d39f2eb82">
      <Execution id="cc912ff7-a2c0-4215-b008-d356be5dee3b" />
      <TestMethod codeBase="D:\a\MyModule20220112\MyModule20220112\UnitTests\bin\UnitTests.dll" adapterTypeName="executor://xunit/VsTestRunner2/net" className="UnitTests.Data.Entities.ItemTests" name="ItemConstructsProperly" />
    </UnitTest>
    <UnitTest name="UnitTests.EntensionMethodTests.IQueryable_IsOrdered_Works(ordered: True, descending: True, lastOrder: True)" storage="d:\a\mymodule20220112\mymodule20220112\unittests\bin\unittests.dll" id="f46af852-6230-3d31-e31c-2959bffd491f">
      <Execution id="69663fe4-3476-4112-a5d3-194b63116f21" />
      <TestMethod codeBase="D:\a\MyModule20220112\MyModule20220112\UnitTests\bin\UnitTests.dll" adapterTypeName="executor://xunit/VsTestRunner2/net" className="UnitTests.EntensionMethodTests" name="IQueryable_IsOrdered_Works" />
    </UnitTest>
    <UnitTest name="UnitTests.Services.ItemServiceTests.GetItemsPage_GetsPages(page: 1, pageSize: 10, descending: False, expectedPages: 3, returnedPage: 1)" storage="d:\a\mymodule20220112\mymodule20220112\unittests\bin\unittests.dll" id="19223079-ea41-5691-855c-970af1a1e611">
      <Execution id="2be30ecb-ffc0-40ad-b932-e96a2efb9d67" />
      <TestMethod codeBase="D:\a\MyModule20220112\MyModule20220112\UnitTests\bin\UnitTests.dll" adapterTypeName="executor://xunit/VsTestRunner2/net" className="UnitTests.Services.ItemServiceTests" name="GetItemsPage_GetsPages" />
    </UnitTest>
    <UnitTest name="UnitTests.Services.ItemServiceTests.UpdateItem_NoName_Throws(name: &quot;&quot;)" storage="d:\a\mymodule20220112\mymodule20220112\unittests\bin\unittests.dll" id="3cbfa5d3-e0f6-eff8-ed5c-556fa1f3e131">
      <Execution id="726b4fb0-ad31-4d4e-bb33-c017ca8911b3" />
      <TestMethod codeBase="D:\a\MyModule20220112\MyModule20220112\UnitTests\bin\UnitTests.dll" adapterTypeName="executor://xunit/VsTestRunner2/net" className="UnitTests.Services.ItemServiceTests" name="UpdateItem_NoName_Throws" />
    </UnitTest>
    <UnitTest name="UnitTests.Services.LoggingServiceTests.LogginService_TestableConstructorLogsErrorWithException" storage="d:\a\mymodule20220112\mymodule20220112\unittests\bin\unittests.dll" id="9168bdef-a759-f4d6-b890-b643e17324cf">
      <Execution id="21e14908-9312-4f64-bbe4-ceddcb8a87ca" />
      <TestMethod codeBase="D:\a\MyModule20220112\MyModule20220112\UnitTests\bin\UnitTests.dll" adapterTypeName="executor://xunit/VsTestRunner2/net" className="UnitTests.Services.LoggingServiceTests" name="LogginService_TestableConstructorLogsErrorWithException" />
    </UnitTest>
    <UnitTest name="UnitTests.EntensionMethodTests.IQueryable_GetPage_PagesProperly(count: 20, page: 2, pageSize: 10, expedtedPages: 2, expectedItems: 10, firstId: 11, descending: False)" storage="d:\a\mymodule20220112\mymodule20220112\unittests\bin\unittests.dll" id="2695f427-ed7b-9f97-5696-f97a7702128c">
      <Execution id="c92934a7-7e86-4f61-9cd9-8a078e86544b" />
      <TestMethod codeBase="D:\a\MyModule20220112\MyModule20220112\UnitTests\bin\UnitTests.dll" adapterTypeName="executor://xunit/VsTestRunner2/net" className="UnitTests.EntensionMethodTests" name="IQueryable_GetPage_PagesProperly" />
    </UnitTest>
    <UnitTest name="UnitTests.EntensionMethodTests.IQueryable_IsOrdered_Works(ordered: False, descending: True, lastOrder: True)" storage="d:\a\mymodule20220112\mymodule20220112\unittests\bin\unittests.dll" id="d5b75914-a4f0-1327-0212-c8781f6dfe81">
      <Execution id="8592880d-22b8-4fa7-ba6e-d22ec7ac20cb" />
      <TestMethod codeBase="D:\a\MyModule20220112\MyModule20220112\UnitTests\bin\UnitTests.dll" adapterTypeName="executor://xunit/VsTestRunner2/net" className="UnitTests.EntensionMethodTests" name="IQueryable_IsOrdered_Works" />
    </UnitTest>
    <UnitTest name="UnitTests.Controllers.ItemControllerTests.UserCanEdit_ReturnsBool(canEdit: True)" storage="d:\a\mymodule20220112\mymodule20220112\unittests\bin\unittests.dll" id="aec60494-3c2e-8ec9-f948-da5bb2043983">
      <Execution id="bd50ab90-01c4-48e4-932f-dd4b42af4e2e" />
      <TestMethod codeBase="D:\a\MyModule20220112\MyModule20220112\UnitTests\bin\UnitTests.dll" adapterTypeName="executor://xunit/VsTestRunner2/net" className="UnitTests.Controllers.ItemControllerTests" name="UserCanEdit_ReturnsBool" />
    </UnitTest>
    <UnitTest name="UnitTests.Services.ItemServiceTests.GetItemsPage_GetsPages(page: 0, pageSize: 0, descending: True, expectedPages: 30, returnedPage: 1)" storage="d:\a\mymodule20220112\mymodule20220112\unittests\bin\unittests.dll" id="0864c31d-6119-84d6-7f52-9d349dabbe84">
      <Execution id="71b74263-e77a-4b91-9ad7-ae766295067e" />
      <TestMethod codeBase="D:\a\MyModule20220112\MyModule20220112\UnitTests\bin\UnitTests.dll" adapterTypeName="executor://xunit/VsTestRunner2/net" className="UnitTests.Services.ItemServiceTests" name="GetItemsPage_GetsPages" />
    </UnitTest>
    <UnitTest name="UnitTests.EntensionMethodTests.IQueryable_GetPage_EmptyDoesNotThrow" storage="d:\a\mymodule20220112\mymodule20220112\unittests\bin\unittests.dll" id="2d3a68b5-bf4c-0513-b733-5ed612794244">
      <Execution id="c7ff83cd-1d0e-497e-a82a-0803d437c89d" />
      <TestMethod codeBase="D:\a\MyModule20220112\MyModule20220112\UnitTests\bin\UnitTests.dll" adapterTypeName="executor://xunit/VsTestRunner2/net" className="UnitTests.EntensionMethodTests" name="IQueryable_GetPage_EmptyDoesNotThrow" />
    </UnitTest>
    <UnitTest name="UnitTests.Controllers.ModuleApiControllerTests.HasUserInfo" storage="d:\a\mymodule20220112\mymodule20220112\unittests\bin\unittests.dll" id="bae3532a-4a9e-c4ab-fc66-4dfa22d16170">
      <Execution id="a2987670-5d88-4510-8e8c-c18c1ecf4a5c" />
      <TestMethod codeBase="D:\a\MyModule20220112\MyModule20220112\UnitTests\bin\UnitTests.dll" adapterTypeName="executor://xunit/VsTestRunner2/net" className="UnitTests.Controllers.ModuleApiControllerTests" name="HasUserInfo" />
    </UnitTest>
    <UnitTest name="UnitTests.Services.ItemServiceTests.UpdateItem_NoName_Throws(name: &quot;  &quot;)" storage="d:\a\mymodule20220112\mymodule20220112\unittests\bin\unittests.dll" id="92b7b9f6-1294-7ea1-ffa3-91fba85074d4">
      <Execution id="efd3c462-1eb9-4785-89dc-b0ea0cb8d025" />
      <TestMethod codeBase="D:\a\MyModule20220112\MyModule20220112\UnitTests\bin\UnitTests.dll" adapterTypeName="executor://xunit/VsTestRunner2/net" className="UnitTests.Services.ItemServiceTests" name="UpdateItem_NoName_Throws" />
    </UnitTest>
    <UnitTest name="UnitTests.Data.Repositories.GenericRepositoryTests.Repository_Create_DefaultAudit" storage="d:\a\mymodule20220112\mymodule20220112\unittests\bin\unittests.dll" id="ae39aa62-5ff2-56e7-d00e-ef116d711d51">
      <Execution id="337f1165-9b23-48e3-ac81-14a1a964fdeb" />
      <TestMethod codeBase="D:\a\MyModule20220112\MyModule20220112\UnitTests\bin\UnitTests.dll" adapterTypeName="executor://xunit/VsTestRunner2/net" className="UnitTests.Data.Repositories.GenericRepositoryTests" name="Repository_Create_DefaultAudit" />
    </UnitTest>
    <UnitTest name="UnitTests.Controllers.ValidateModelAttributeTests.OnActionExecuting_Valid_Works" storage="d:\a\mymodule20220112\mymodule20220112\unittests\bin\unittests.dll" id="e55f1742-c16d-5086-2251-ad3372dd48f5">
      <Execution id="3990f9bb-ffaa-4915-b437-bdafeddf6369" />
      <TestMethod codeBase="D:\a\MyModule20220112\MyModule20220112\UnitTests\bin\UnitTests.dll" adapterTypeName="executor://xunit/VsTestRunner2/net" className="UnitTests.Controllers.ValidateModelAttributeTests" name="OnActionExecuting_Valid_Works" />
    </UnitTest>
    <UnitTest name="UnitTests.Data.Repositories.GenericRepositoryTests.GenericRepositoryGetsAll(iterations: 1)" storage="d:\a\mymodule20220112\mymodule20220112\unittests\bin\unittests.dll" id="d16880d7-fb44-f209-43d9-ba2e0e1875de">
      <Execution id="afcab2fd-d8ee-4fde-910d-10e03750723b" />
      <TestMethod codeBase="D:\a\MyModule20220112\MyModule20220112\UnitTests\bin\UnitTests.dll" adapterTypeName="executor://xunit/VsTestRunner2/net" className="UnitTests.Data.Repositories.GenericRepositoryTests" name="GenericRepositoryGetsAll" />
    </UnitTest>
    <UnitTest name="UnitTests.Services.ItemServiceTests.UpdateItem_NullDto_Throws" storage="d:\a\mymodule20220112\mymodule20220112\unittests\bin\unittests.dll" id="263c08b1-704a-f3c2-309e-6dee831dbdc9">
      <Execution id="5fddc50d-712a-43c0-884a-80c5096de9eb" />
      <TestMethod codeBase="D:\a\MyModule20220112\MyModule20220112\UnitTests\bin\UnitTests.dll" adapterTypeName="executor://xunit/VsTestRunner2/net" className="UnitTests.Services.ItemServiceTests" name="UpdateItem_NullDto_Throws" />
    </UnitTest>
    <UnitTest name="UnitTests.Services.LoggingServiceTests.LoggingService_DefaultConstructorExists" storage="d:\a\mymodule20220112\mymodule20220112\unittests\bin\unittests.dll" id="8ba31d1b-48e3-e04e-cff0-b927c63b4a19">
      <Execution id="d803d44f-c8ad-41d6-99a2-209f7809d471" />
      <TestMethod codeBase="D:\a\MyModule20220112\MyModule20220112\UnitTests\bin\UnitTests.dll" adapterTypeName="executor://xunit/VsTestRunner2/net" className="UnitTests.Services.LoggingServiceTests" name="LoggingService_DefaultConstructorExists" />
    </UnitTest>
    <UnitTest name="UnitTests.EntensionMethodTests.IQueryable_IsOrdered_ThrowsWithNull" storage="d:\a\mymodule20220112\mymodule20220112\unittests\bin\unittests.dll" id="73fc5149-51d6-8241-9c9f-f48c28e448e3">
      <Execution id="b4da161e-bfc5-4910-ab9e-c5ddb12525a7" />
      <TestMethod codeBase="D:\a\MyModule20220112\MyModule20220112\UnitTests\bin\UnitTests.dll" adapterTypeName="executor://xunit/VsTestRunner2/net" className="UnitTests.EntensionMethodTests" name="IQueryable_IsOrdered_ThrowsWithNull" />
    </UnitTest>
    <UnitTest name="UnitTests.Data.Repositories.GenericRepositoryTests.GenericRepositoryCreate_ThrowsWithNullEntity" storage="d:\a\mymodule20220112\mymodule20220112\unittests\bin\unittests.dll" id="36689490-09d4-917f-648a-70dcfcfede10">
      <Execution id="2e151c4b-d532-407c-81f1-b7df11149945" />
      <TestMethod codeBase="D:\a\MyModule20220112\MyModule20220112\UnitTests\bin\UnitTests.dll" adapterTypeName="executor://xunit/VsTestRunner2/net" className="UnitTests.Data.Repositories.GenericRepositoryTests" name="GenericRepositoryCreate_ThrowsWithNullEntity" />
    </UnitTest>
    <UnitTest name="UnitTests.Controllers.ItemControllerTests.CreateItem_Creates" storage="d:\a\mymodule20220112\mymodule20220112\unittests\bin\unittests.dll" id="588a2c1b-7788-beb2-ade0-06788d455d25">
      <Execution id="142b0c55-7cd7-4a42-bea5-f2c91d10085a" />
      <TestMethod codeBase="D:\a\MyModule20220112\MyModule20220112\UnitTests\bin\UnitTests.dll" adapterTypeName="executor://xunit/VsTestRunner2/net" className="UnitTests.Controllers.ItemControllerTests" name="CreateItem_Creates" />
    </UnitTest>
    <UnitTest name="UnitTests.Controllers.ModuleApiControllerTests.CanEdit_Set_Throws" storage="d:\a\mymodule20220112\mymodule20220112\unittests\bin\unittests.dll" id="5f92ec4d-d570-0452-b891-d4cee75db9dd">
      <Execution id="a70a8812-9a75-4143-88c3-81630b5ca4fa" />
      <TestMethod codeBase="D:\a\MyModule20220112\MyModule20220112\UnitTests\bin\UnitTests.dll" adapterTypeName="executor://xunit/VsTestRunner2/net" className="UnitTests.Controllers.ModuleApiControllerTests" name="CanEdit_Set_Throws" />
    </UnitTest>
    <UnitTest name="UnitTests.Data.Repositories.GenericRepositoryTests.Repository_Create_UsesUserId" storage="d:\a\mymodule20220112\mymodule20220112\unittests\bin\unittests.dll" id="e1c7f76f-6195-c844-23c0-304b47fbae66">
      <Execution id="69775072-d3bd-46a2-920f-34e0b7fda7d8" />
      <TestMethod codeBase="D:\a\MyModule20220112\MyModule20220112\UnitTests\bin\UnitTests.dll" adapterTypeName="executor://xunit/VsTestRunner2/net" className="UnitTests.Data.Repositories.GenericRepositoryTests" name="Repository_Create_UsesUserId" />
    </UnitTest>
    <UnitTest name="UnitTests.Controllers.ItemControllerTests.UpdateItem_Updates" storage="d:\a\mymodule20220112\mymodule20220112\unittests\bin\unittests.dll" id="315adde5-f36d-a74f-aa46-fb22a0f78cd9">
      <Execution id="b9a49b8e-0abd-4016-b092-854326f9af10" />
      <TestMethod codeBase="D:\a\MyModule20220112\MyModule20220112\UnitTests\bin\UnitTests.dll" adapterTypeName="executor://xunit/VsTestRunner2/net" className="UnitTests.Controllers.ItemControllerTests" name="UpdateItem_Updates" />
    </UnitTest>
    <UnitTest name="UnitTests.Controllers.ModuleExceptionFilterAttributeTests.ArgumentException_BadRequest" storage="d:\a\mymodule20220112\mymodule20220112\unittests\bin\unittests.dll" id="a21637b0-54f8-4fa0-bc3b-95481a9fd90b">
      <Execution id="338f93a1-ff7c-4d7e-9acb-44639412dd5a" />
      <TestMethod codeBase="D:\a\MyModule20220112\MyModule20220112\UnitTests\bin\UnitTests.dll" adapterTypeName="executor://xunit/VsTestRunner2/net" className="UnitTests.Controllers.ModuleExceptionFilterAttributeTests" name="ArgumentException_BadRequest" />
    </UnitTest>
    <UnitTest name="UnitTests.Controllers.ModuleExceptionFilterAttributeTests.NoException_DoesNothing" storage="d:\a\mymodule20220112\mymodule20220112\unittests\bin\unittests.dll" id="113f48ce-a6a3-c5df-7589-ba5a5fcb9c59">
      <Execution id="190b68b3-a6f3-49bd-9837-4183450408bc" />
      <TestMethod codeBase="D:\a\MyModule20220112\MyModule20220112\UnitTests\bin\UnitTests.dll" adapterTypeName="executor://xunit/VsTestRunner2/net" className="UnitTests.Controllers.ModuleExceptionFilterAttributeTests" name="NoException_DoesNothing" />
    </UnitTest>
    <UnitTest name="UnitTests.Controllers.ItemControllerTests.GetItemsPage_GetsProperPages" storage="d:\a\mymodule20220112\mymodule20220112\unittests\bin\unittests.dll" id="1017c6c1-9dd0-57dc-36e7-bb573d02562e">
      <Execution id="193fef9d-6430-49cd-99f6-4d6a052d4a49" />
      <TestMethod codeBase="D:\a\MyModule20220112\MyModule20220112\UnitTests\bin\UnitTests.dll" adapterTypeName="executor://xunit/VsTestRunner2/net" className="UnitTests.Controllers.ItemControllerTests" name="GetItemsPage_GetsProperPages" />
    </UnitTest>
    <UnitTest name="UnitTests.Data.Repositories.GenericRepositoryTests.GenericRepositoryDeletes" storage="d:\a\mymodule20220112\mymodule20220112\unittests\bin\unittests.dll" id="0bc54975-0bff-692e-a9b3-fc69f2c95a39">
      <Execution id="b42edeeb-c17f-4832-826c-266f5cc1c521" />
      <TestMethod codeBase="D:\a\MyModule20220112\MyModule20220112\UnitTests\bin\UnitTests.dll" adapterTypeName="executor://xunit/VsTestRunner2/net" className="UnitTests.Data.Repositories.GenericRepositoryTests" name="GenericRepositoryDeletes" />
    </UnitTest>
    <UnitTest name="UnitTests.Controllers.ItemControllerTests.DeleteItem_Deletes(itemId: 10)" storage="d:\a\mymodule20220112\mymodule20220112\unittests\bin\unittests.dll" id="d6094ca1-b65b-5133-f464-9f7d01f0d023">
      <Execution id="d82c6670-32fd-4aa0-8660-0a8df35accf3" />
      <TestMethod codeBase="D:\a\MyModule20220112\MyModule20220112\UnitTests\bin\UnitTests.dll" adapterTypeName="executor://xunit/VsTestRunner2/net" className="UnitTests.Controllers.ItemControllerTests" name="DeleteItem_Deletes" />
    </UnitTest>
    <UnitTest name="UnitTests.Data.Repositories.GenericRepositoryTests.GenericRepositoryUpdates" storage="d:\a\mymodule20220112\mymodule20220112\unittests\bin\unittests.dll" id="70ede014-c412-e387-bb98-e95b3b42090d">
      <Execution id="6fa7d351-4815-46ed-9837-a1e851f48ada" />
      <TestMethod codeBase="D:\a\MyModule20220112\MyModule20220112\UnitTests\bin\UnitTests.dll" adapterTypeName="executor://xunit/VsTestRunner2/net" className="UnitTests.Data.Repositories.GenericRepositoryTests" name="GenericRepositoryUpdates" />
    </UnitTest>
    <UnitTest name="UnitTests.Data.Repositories.GenericRepositoryTests.Repository_Update_DefaultAudit" storage="d:\a\mymodule20220112\mymodule20220112\unittests\bin\unittests.dll" id="44b00d3a-bad7-aefd-141c-4a35b11463b2">
      <Execution id="ae9820be-351d-4162-83a1-da4bb7c922ae" />
      <TestMethod codeBase="D:\a\MyModule20220112\MyModule20220112\UnitTests\bin\UnitTests.dll" adapterTypeName="executor://xunit/VsTestRunner2/net" className="UnitTests.Data.Repositories.GenericRepositoryTests" name="Repository_Update_DefaultAudit" />
    </UnitTest>
    <UnitTest name="UnitTests.Services.ItemServiceTests.UpdateItem_Updates" storage="d:\a\mymodule20220112\mymodule20220112\unittests\bin\unittests.dll" id="130d9133-361f-a0da-f15e-423eb98947ac">
      <Execution id="df771090-9e36-4ddb-b580-8884ee2355e8" />
      <TestMethod codeBase="D:\a\MyModule20220112\MyModule20220112\UnitTests\bin\UnitTests.dll" adapterTypeName="executor://xunit/VsTestRunner2/net" className="UnitTests.Services.ItemServiceTests" name="UpdateItem_Updates" />
    </UnitTest>
    <UnitTest name="UnitTests.Data.Repositories.GenericRepositoryTests.GenericRepositoryGetsAll(iterations: 2)" storage="d:\a\mymodule20220112\mymodule20220112\unittests\bin\unittests.dll" id="ffe5c770-9b99-42c0-ce21-7e50cccf4385">
      <Execution id="6ba550c0-aa37-4b59-9986-9bd9150a50ff" />
      <TestMethod codeBase="D:\a\MyModule20220112\MyModule20220112\UnitTests\bin\UnitTests.dll" adapterTypeName="executor://xunit/VsTestRunner2/net" className="UnitTests.Data.Repositories.GenericRepositoryTests" name="GenericRepositoryGetsAll" />
    </UnitTest>
    <UnitTest name="UnitTests.Data.Repositories.GenericRepositoryTests.GenericRepositoryGetsAll(iterations: 0)" storage="d:\a\mymodule20220112\mymodule20220112\unittests\bin\unittests.dll" id="4fe0dd0f-2fa0-9c42-e816-a6df28150b72">
      <Execution id="a9c719bc-8253-477a-99d6-2a5b6cedd9f0" />
      <TestMethod codeBase="D:\a\MyModule20220112\MyModule20220112\UnitTests\bin\UnitTests.dll" adapterTypeName="executor://xunit/VsTestRunner2/net" className="UnitTests.Data.Repositories.GenericRepositoryTests" name="GenericRepositoryGetsAll" />
    </UnitTest>
    <UnitTest name="UnitTests.EntensionMethodTests.IQueryable_IsOrdered_Works(ordered: False, descending: False, lastOrder: True)" storage="d:\a\mymodule20220112\mymodule20220112\unittests\bin\unittests.dll" id="0dc5a512-bfd0-bc80-f676-16e6d961ec4d">
      <Execution id="2e983af4-9ab7-4278-9d40-21016e309964" />
      <TestMethod codeBase="D:\a\MyModule20220112\MyModule20220112\UnitTests\bin\UnitTests.dll" adapterTypeName="executor://xunit/VsTestRunner2/net" className="UnitTests.EntensionMethodTests" name="IQueryable_IsOrdered_Works" />
    </UnitTest>
    <UnitTest name="UnitTests.EntensionMethodTests.IQueryable_GetPage_PagesProperly(count: 0, page: 0, pageSize: 0, expedtedPages: 0, expectedItems: 0, firstId: null, descending: False)" storage="d:\a\mymodule20220112\mymodule20220112\unittests\bin\unittests.dll" id="8bbc68bc-7714-d990-1480-dfaedaafbd62">
      <Execution id="f2065b43-b637-468d-8292-13f5ad9346bc" />
      <TestMethod codeBase="D:\a\MyModule20220112\MyModule20220112\UnitTests\bin\UnitTests.dll" adapterTypeName="executor://xunit/VsTestRunner2/net" className="UnitTests.EntensionMethodTests" name="IQueryable_GetPage_PagesProperly" />
    </UnitTest>
    <UnitTest name="UnitTests.Services.ItemServiceTests.CreateItem_NoItemThrows" storage="d:\a\mymodule20220112\mymodule20220112\unittests\bin\unittests.dll" id="f5652070-1b22-f5a7-3f3f-68b37c9184a8">
      <Execution id="8855dcd1-70c4-4bfc-8ee4-9482fe9a7233" />
      <TestMethod codeBase="D:\a\MyModule20220112\MyModule20220112\UnitTests\bin\UnitTests.dll" adapterTypeName="executor://xunit/VsTestRunner2/net" className="UnitTests.Services.ItemServiceTests" name="CreateItem_NoItemThrows" />
    </UnitTest>
    <UnitTest name="UnitTests.Data.Entities.ItemTests.ItemPropertiesPersist(id: 1, name: &quot;Name1&quot;, description: &quot;Description1&quot;)" storage="d:\a\mymodule20220112\mymodule20220112\unittests\bin\unittests.dll" id="392ed628-2028-c945-b97e-893658a1e82b">
      <Execution id="6f081b19-453d-4cfb-9901-96c3d00901b8" />
      <TestMethod codeBase="D:\a\MyModule20220112\MyModule20220112\UnitTests\bin\UnitTests.dll" adapterTypeName="executor://xunit/VsTestRunner2/net" className="UnitTests.Data.Entities.ItemTests" name="ItemPropertiesPersist" />
    </UnitTest>
    <UnitTest name="UnitTests.EntensionMethodTests.IQueryable_IsOrdered_Works(ordered: True, descending: False, lastOrder: False)" storage="d:\a\mymodule20220112\mymodule20220112\unittests\bin\unittests.dll" id="b72028ed-e29e-ac6a-9e2e-bf700facee4e">
      <Execution id="5cdb894b-31e6-4a84-b9b8-181110a5bef6" />
      <TestMethod codeBase="D:\a\MyModule20220112\MyModule20220112\UnitTests\bin\UnitTests.dll" adapterTypeName="executor://xunit/VsTestRunner2/net" className="UnitTests.EntensionMethodTests" name="IQueryable_IsOrdered_Works" />
    </UnitTest>
  </TestDefinitions>
  <TestEntries>
    <TestEntry testId="d6094ca1-b65b-5133-f464-9f7d01f0d023" executionId="d82c6670-32fd-4aa0-8660-0a8df35accf3" testListId="8c84fa94-04c1-424b-9868-57a2d4851a1d" />
    <TestEntry testId="b72028ed-e29e-ac6a-9e2e-bf700facee4e" executionId="5cdb894b-31e6-4a84-b9b8-181110a5bef6" testListId="8c84fa94-04c1-424b-9868-57a2d4851a1d" />
    <TestEntry testId="ac2a99ba-3563-74a9-7d4c-8e91a58cd097" executionId="739c861d-702e-4321-8dc7-6ce03a914b03" testListId="8c84fa94-04c1-424b-9868-57a2d4851a1d" />
    <TestEntry testId="168fc980-36e3-101b-62b1-f5ab71e9fc0d" executionId="7c135562-11c4-4f9a-ad4b-3bd99463403f" testListId="8c84fa94-04c1-424b-9868-57a2d4851a1d" />
    <TestEntry testId="315adde5-f36d-a74f-aa46-fb22a0f78cd9" executionId="b9a49b8e-0abd-4016-b092-854326f9af10" testListId="8c84fa94-04c1-424b-9868-57a2d4851a1d" />
    <TestEntry testId="ffe5c770-9b99-42c0-ce21-7e50cccf4385" executionId="6ba550c0-aa37-4b59-9986-9bd9150a50ff" testListId="8c84fa94-04c1-424b-9868-57a2d4851a1d" />
    <TestEntry testId="b76e01b1-6afe-f33b-c6a9-ea3347176509" executionId="aa9a5c03-c1a1-445b-a3bc-74a2aa4f3b9e" testListId="8c84fa94-04c1-424b-9868-57a2d4851a1d" />
    <TestEntry testId="a21637b0-54f8-4fa0-bc3b-95481a9fd90b" executionId="25cdf37a-4389-48db-a2a9-618c5345e076" testListId="8c84fa94-04c1-424b-9868-57a2d4851a1d" />
    <TestEntry testId="f5652070-1b22-f5a7-3f3f-68b37c9184a8" executionId="8855dcd1-70c4-4bfc-8ee4-9482fe9a7233" testListId="8c84fa94-04c1-424b-9868-57a2d4851a1d" />
    <TestEntry testId="96a18501-dea4-70b1-d572-baa1bb120da2" executionId="d6b07d9a-3f6d-4924-b295-f2d4db2397ad" testListId="8c84fa94-04c1-424b-9868-57a2d4851a1d" />
    <TestEntry testId="ad3412e8-5f64-2020-a5b6-bd4cca8c3b7d" executionId="ae7f2ef8-7b12-469e-83f6-c5232d930c92" testListId="8c84fa94-04c1-424b-9868-57a2d4851a1d" />
    <TestEntry testId="0f141a30-05bd-f4ed-a627-d40adca6b3ca" executionId="9f860599-3d14-4e66-bc8f-5cece2f27994" testListId="8c84fa94-04c1-424b-9868-57a2d4851a1d" />
    <TestEntry testId="a21637b0-54f8-4fa0-bc3b-95481a9fd90b" executionId="c98a8530-d65c-4bc7-a2d5-f9ec0f7173b0" testListId="8c84fa94-04c1-424b-9868-57a2d4851a1d" />
    <TestEntry testId="7e661283-b2b2-d632-266b-6af1f3374c08" executionId="1eef21c0-5bfc-4ff1-989f-d80e683efd9c" testListId="8c84fa94-04c1-424b-9868-57a2d4851a1d" />
    <TestEntry testId="1a74e347-4470-5271-97ab-1ebaf8693270" executionId="eb01e282-6b2a-4f3c-9629-550555f32bf9" testListId="8c84fa94-04c1-424b-9868-57a2d4851a1d" />
    <TestEntry testId="5f92ec4d-d570-0452-b891-d4cee75db9dd" executionId="a70a8812-9a75-4143-88c3-81630b5ca4fa" testListId="8c84fa94-04c1-424b-9868-57a2d4851a1d" />
    <TestEntry testId="b80893de-3e2d-6029-ec19-65c03fd119c3" executionId="ca2d6956-d550-4e38-9cc8-639bb4455b3a" testListId="8c84fa94-04c1-424b-9868-57a2d4851a1d" />
    <TestEntry testId="e6e0a140-85e7-6935-6160-ab95ecfd3c8a" executionId="797e0025-55e5-4f9d-b1e3-954542a63187" testListId="8c84fa94-04c1-424b-9868-57a2d4851a1d" />
    <TestEntry testId="d1c63cb7-1f9a-a8bf-a217-a4cbb4e5f73b" executionId="4f091b64-dbab-4c05-975f-821a185d11a6" testListId="8c84fa94-04c1-424b-9868-57a2d4851a1d" />
    <TestEntry testId="61a8ccc9-c5b1-047b-3c97-f777ccc7d30b" executionId="e3655ed0-6a6a-4bfc-98f9-0740de0c38f2" testListId="8c84fa94-04c1-424b-9868-57a2d4851a1d" />
    <TestEntry testId="a21637b0-54f8-4fa0-bc3b-95481a9fd90b" executionId="0083d3be-e67d-4565-86da-3527a3af1f5b" testListId="8c84fa94-04c1-424b-9868-57a2d4851a1d" />
    <TestEntry testId="8ba31d1b-48e3-e04e-cff0-b927c63b4a19" executionId="d803d44f-c8ad-41d6-99a2-209f7809d471" testListId="8c84fa94-04c1-424b-9868-57a2d4851a1d" />
    <TestEntry testId="1b051fa0-d4cc-1b32-80bb-d56b714e3066" executionId="570bdf38-0b81-4ce3-a8b9-9957d78890b4" testListId="8c84fa94-04c1-424b-9868-57a2d4851a1d" />
    <TestEntry testId="d15ea2a7-9f9f-b92b-50fa-470898da705d" executionId="30c37627-9b75-44f0-8f10-c370c6c876cb" testListId="8c84fa94-04c1-424b-9868-57a2d4851a1d" />
    <TestEntry testId="588a2c1b-7788-beb2-ade0-06788d455d25" executionId="142b0c55-7cd7-4a42-bea5-f2c91d10085a" testListId="8c84fa94-04c1-424b-9868-57a2d4851a1d" />
    <TestEntry testId="a21637b0-54f8-4fa0-bc3b-95481a9fd90b" executionId="338f93a1-ff7c-4d7e-9acb-44639412dd5a" testListId="8c84fa94-04c1-424b-9868-57a2d4851a1d" />
    <TestEntry testId="e1c7f76f-6195-c844-23c0-304b47fbae66" executionId="69775072-d3bd-46a2-920f-34e0b7fda7d8" testListId="8c84fa94-04c1-424b-9868-57a2d4851a1d" />
    <TestEntry testId="572fc310-4b67-9555-f147-153d39f2eb82" executionId="cc912ff7-a2c0-4215-b008-d356be5dee3b" testListId="8c84fa94-04c1-424b-9868-57a2d4851a1d" />
    <TestEntry testId="4fe0dd0f-2fa0-9c42-e816-a6df28150b72" executionId="a9c719bc-8253-477a-99d6-2a5b6cedd9f0" testListId="8c84fa94-04c1-424b-9868-57a2d4851a1d" />
    <TestEntry testId="2695f427-ed7b-9f97-5696-f97a7702128c" executionId="c92934a7-7e86-4f61-9cd9-8a078e86544b" testListId="8c84fa94-04c1-424b-9868-57a2d4851a1d" />
    <TestEntry testId="f46af852-6230-3d31-e31c-2959bffd491f" executionId="69663fe4-3476-4112-a5d3-194b63116f21" testListId="8c84fa94-04c1-424b-9868-57a2d4851a1d" />
    <TestEntry testId="320e3c11-11d1-b3ef-0d2e-5e474f674ff1" executionId="8564ff1e-ff77-4fd6-b25a-ab0570aaec70" testListId="8c84fa94-04c1-424b-9868-57a2d4851a1d" />
    <TestEntry testId="478b61ee-7d85-9dbe-985d-08c590f8666a" executionId="3e6dad84-3f52-4bf0-bba7-437812229b54" testListId="8c84fa94-04c1-424b-9868-57a2d4851a1d" />
    <TestEntry testId="3140ebc5-2430-06b3-4257-a6794b9b09ac" executionId="3c6bf82e-e52b-4972-83d3-f01b02925667" testListId="8c84fa94-04c1-424b-9868-57a2d4851a1d" />
    <TestEntry testId="70ede014-c412-e387-bb98-e95b3b42090d" executionId="6fa7d351-4815-46ed-9837-a1e851f48ada" testListId="8c84fa94-04c1-424b-9868-57a2d4851a1d" />
    <TestEntry testId="f754f777-4449-23e8-f4ec-917f49117de2" executionId="f1397f16-b6ec-4855-aed4-962e999ad6a0" testListId="8c84fa94-04c1-424b-9868-57a2d4851a1d" />
    <TestEntry testId="73fc5149-51d6-8241-9c9f-f48c28e448e3" executionId="b4da161e-bfc5-4910-ab9e-c5ddb12525a7" testListId="8c84fa94-04c1-424b-9868-57a2d4851a1d" />
    <TestEntry testId="24cfa8b0-48c3-8aab-e4c2-88694c220e2c" executionId="8ad95418-9f0d-4f31-bc9a-d7f5f8ffbb2b" testListId="8c84fa94-04c1-424b-9868-57a2d4851a1d" />
    <TestEntry testId="130d9133-361f-a0da-f15e-423eb98947ac" executionId="df771090-9e36-4ddb-b580-8884ee2355e8" testListId="8c84fa94-04c1-424b-9868-57a2d4851a1d" />
    <TestEntry testId="d16880d7-fb44-f209-43d9-ba2e0e1875de" executionId="afcab2fd-d8ee-4fde-910d-10e03750723b" testListId="8c84fa94-04c1-424b-9868-57a2d4851a1d" />
    <TestEntry testId="ac1c50bc-98fd-036f-fe0f-d46cb187f90e" executionId="e84416d8-7712-422e-bac0-d643e7ab73c6" testListId="8c84fa94-04c1-424b-9868-57a2d4851a1d" />
    <TestEntry testId="6f0b47a1-9d18-a5d8-8dd1-c8f266712c15" executionId="b7ffcb8d-b7a0-4628-8188-fafd82eeaab1" testListId="8c84fa94-04c1-424b-9868-57a2d4851a1d" />
    <TestEntry testId="2aef35a8-73ad-0c03-c8a4-2b5a1d37af8f" executionId="18dcad93-3bca-489a-b067-faa119e3975c" testListId="8c84fa94-04c1-424b-9868-57a2d4851a1d" />
    <TestEntry testId="0247c7e7-7d1c-099b-2ac8-81a47ff2509a" executionId="2b9699cb-1686-4194-807e-e60b0cd8791f" testListId="8c84fa94-04c1-424b-9868-57a2d4851a1d" />
    <TestEntry testId="a21637b0-54f8-4fa0-bc3b-95481a9fd90b" executionId="2c11ad34-44e0-4d54-9241-aa05fa95aac8" testListId="8c84fa94-04c1-424b-9868-57a2d4851a1d" />
    <TestEntry testId="8bbc68bc-7714-d990-1480-dfaedaafbd62" executionId="f2065b43-b637-468d-8292-13f5ad9346bc" testListId="8c84fa94-04c1-424b-9868-57a2d4851a1d" />
    <TestEntry testId="a9198ad3-782e-a37c-0b5f-1330f5318f55" executionId="96bd48e6-5c11-4682-a696-aa9609e03977" testListId="8c84fa94-04c1-424b-9868-57a2d4851a1d" />
    <TestEntry testId="0864c31d-6119-84d6-7f52-9d349dabbe84" executionId="71b74263-e77a-4b91-9ad7-ae766295067e" testListId="8c84fa94-04c1-424b-9868-57a2d4851a1d" />
    <TestEntry testId="e6610648-e456-1c64-d2b1-7e1242b871a8" executionId="c292fa33-9181-41f7-8a9a-ce7074fd815b" testListId="8c84fa94-04c1-424b-9868-57a2d4851a1d" />
    <TestEntry testId="d5b75914-a4f0-1327-0212-c8781f6dfe81" executionId="8592880d-22b8-4fa7-ba6e-d22ec7ac20cb" testListId="8c84fa94-04c1-424b-9868-57a2d4851a1d" />
    <TestEntry testId="4bb697d7-9cb3-28c5-7c49-3e60c8ee823d" executionId="b7c59117-ac52-4eea-8204-7efa4bfe0dfa" testListId="8c84fa94-04c1-424b-9868-57a2d4851a1d" />
    <TestEntry testId="9168bdef-a759-f4d6-b890-b643e17324cf" executionId="21e14908-9312-4f64-bbe4-ceddcb8a87ca" testListId="8c84fa94-04c1-424b-9868-57a2d4851a1d" />
    <TestEntry testId="aec60494-3c2e-8ec9-f948-da5bb2043983" executionId="bd50ab90-01c4-48e4-932f-dd4b42af4e2e" testListId="8c84fa94-04c1-424b-9868-57a2d4851a1d" />
    <TestEntry testId="ae39aa62-5ff2-56e7-d00e-ef116d711d51" executionId="337f1165-9b23-48e3-ac81-14a1a964fdeb" testListId="8c84fa94-04c1-424b-9868-57a2d4851a1d" />
    <TestEntry testId="44b00d3a-bad7-aefd-141c-4a35b11463b2" executionId="ae9820be-351d-4162-83a1-da4bb7c922ae" testListId="8c84fa94-04c1-424b-9868-57a2d4851a1d" />
    <TestEntry testId="986d7e6e-d04d-b204-b01c-fbb8f09c7774" executionId="9975613c-96d9-4dbd-a7f6-4945fdacd924" testListId="8c84fa94-04c1-424b-9868-57a2d4851a1d" />
    <TestEntry testId="263c08b1-704a-f3c2-309e-6dee831dbdc9" executionId="5fddc50d-712a-43c0-884a-80c5096de9eb" testListId="8c84fa94-04c1-424b-9868-57a2d4851a1d" />
    <TestEntry testId="95a0a379-a9bd-3d99-f720-e626260de7f6" executionId="a2194b56-a3a9-4138-99ab-54a3170d30d0" testListId="8c84fa94-04c1-424b-9868-57a2d4851a1d" />
    <TestEntry testId="113f48ce-a6a3-c5df-7589-ba5a5fcb9c59" executionId="190b68b3-a6f3-49bd-9837-4183450408bc" testListId="8c84fa94-04c1-424b-9868-57a2d4851a1d" />
    <TestEntry testId="e4f8faa7-d0ad-86e6-1579-7bd52372b4c3" executionId="4cedbb98-4073-4df5-a7bc-4bd16fa2ec70" testListId="8c84fa94-04c1-424b-9868-57a2d4851a1d" />
    <TestEntry testId="92b7b9f6-1294-7ea1-ffa3-91fba85074d4" executionId="efd3c462-1eb9-4785-89dc-b0ea0cb8d025" testListId="8c84fa94-04c1-424b-9868-57a2d4851a1d" />
    <TestEntry testId="1017c6c1-9dd0-57dc-36e7-bb573d02562e" executionId="193fef9d-6430-49cd-99f6-4d6a052d4a49" testListId="8c84fa94-04c1-424b-9868-57a2d4851a1d" />
    <TestEntry testId="2d3a68b5-bf4c-0513-b733-5ed612794244" executionId="c7ff83cd-1d0e-497e-a82a-0803d437c89d" testListId="8c84fa94-04c1-424b-9868-57a2d4851a1d" />
    <TestEntry testId="a21637b0-54f8-4fa0-bc3b-95481a9fd90b" executionId="d2f3082e-9cb4-4954-b5e2-00bd5031702d" testListId="8c84fa94-04c1-424b-9868-57a2d4851a1d" />
    <TestEntry testId="9207202d-19b8-8eb5-74dc-6aa5d849467c" executionId="f3c8d83b-2a61-4258-ad2f-35fc8cff2fab" testListId="8c84fa94-04c1-424b-9868-57a2d4851a1d" />
    <TestEntry testId="e55f1742-c16d-5086-2251-ad3372dd48f5" executionId="3990f9bb-ffaa-4915-b437-bdafeddf6369" testListId="8c84fa94-04c1-424b-9868-57a2d4851a1d" />
    <TestEntry testId="19b6234c-c2df-2304-54f9-54b0da4cd6ba" executionId="0c4aeedc-81c4-44c6-b91b-bf20cc517980" testListId="8c84fa94-04c1-424b-9868-57a2d4851a1d" />
    <TestEntry testId="bae3532a-4a9e-c4ab-fc66-4dfa22d16170" executionId="a2987670-5d88-4510-8e8c-c18c1ecf4a5c" testListId="8c84fa94-04c1-424b-9868-57a2d4851a1d" />
    <TestEntry testId="0bc54975-0bff-692e-a9b3-fc69f2c95a39" executionId="b42edeeb-c17f-4832-826c-266f5cc1c521" testListId="8c84fa94-04c1-424b-9868-57a2d4851a1d" />
    <TestEntry testId="19223079-ea41-5691-855c-970af1a1e611" executionId="2be30ecb-ffc0-40ad-b932-e96a2efb9d67" testListId="8c84fa94-04c1-424b-9868-57a2d4851a1d" />
    <TestEntry testId="392ed628-2028-c945-b97e-893658a1e82b" executionId="6f081b19-453d-4cfb-9901-96c3d00901b8" testListId="8c84fa94-04c1-424b-9868-57a2d4851a1d" />
    <TestEntry testId="36689490-09d4-917f-648a-70dcfcfede10" executionId="2e151c4b-d532-407c-81f1-b7df11149945" testListId="8c84fa94-04c1-424b-9868-57a2d4851a1d" />
    <TestEntry testId="0dc5a512-bfd0-bc80-f676-16e6d961ec4d" executionId="2e983af4-9ab7-4278-9d40-21016e309964" testListId="8c84fa94-04c1-424b-9868-57a2d4851a1d" />
    <TestEntry testId="0ebf358f-9eac-9438-b418-9c6aa81a6377" executionId="deae3a17-49fd-433a-a485-f6e773649336" testListId="8c84fa94-04c1-424b-9868-57a2d4851a1d" />
    <TestEntry testId="1c164fbc-1ab1-9884-ccb8-9e84f4c977d0" executionId="2d4f5ae1-7216-43e5-b7ce-18aaa356d888" testListId="8c84fa94-04c1-424b-9868-57a2d4851a1d" />
    <TestEntry testId="3cbfa5d3-e0f6-eff8-ed5c-556fa1f3e131" executionId="726b4fb0-ad31-4d4e-bb33-c017ca8911b3" testListId="8c84fa94-04c1-424b-9868-57a2d4851a1d" />
  </TestEntries>
  <TestLists>
    <TestList name="Results Not in a List" id="8c84fa94-04c1-424b-9868-57a2d4851a1d" />
    <TestList name="All Loaded Results" id="19431567-8539-422a-85d7-44ee4e166bda" />
  </TestLists>
  <ResultSummary outcome="Completed">
    <Counters total="76" executed="76" passed="76" failed="0" error="0" timeout="0" aborted="0" inconclusive="0" passedButRunAborted="0" notRunnable="0" notExecuted="0" disconnected="0" warning="0" completed="0" inProgress="0" pending="0" />
    <Output>
      <StdOut>[xUnit.net 00:00:00.00] xUnit.net VSTest Adapter v2.4.3+1b45f5407b (32-bit Desktop .NET 4.0.30319.42000)&#xD;
[xUnit.net 00:00:00.89]   Discovering: UnitTests&#xD;
[xUnit.net 00:00:01.12]   Discovered:  UnitTests&#xD;
[xUnit.net 00:00:01.12]   Starting:    UnitTests&#xD;
[xUnit.net 00:00:05.84]   Finished:    UnitTests&#xD;
</StdOut>
    </Output>
  </ResultSummary>
</TestRun>