<?xml version="1.0" encoding="utf-8"?>
<TestRun id="ebf958b0-0088-4e80-845c-6fbedf73c65c" name="runneradmin@fv-az177-480 2022-01-12 20:57:02" runUser="fv-az177-480\runneradmin" xmlns="http://microsoft.com/schemas/VisualStudio/TeamTest/2010">
  <Times creation="2022-01-12T20:57:02.1418742+00:00" queuing="2022-01-12T20:57:02.1418752+00:00" start="2022-01-12T20:56:59.9276870+00:00" finish="2022-01-12T20:57:06.5243964+00:00" />
  <TestSettings name="default" id="5c23b05b-e5ca-414e-a3c5-b6d0c39e26e8">
    <Deployment runDeploymentRoot="runneradmin_fv-az177-480_2022-01-12_20_57_02" />
  </TestSettings>
  <Results>
    <UnitTestResult executionId="013326c3-3ec6-4933-9f2f-36e1a804ccdb" testId="320e3c11-11d1-b3ef-0d2e-5e474f674ff1" testName="UnitTests.Controllers.ModuleApiControllerTests.CanEdit_DefaultsToFalse" computerName="fv-az177-480" duration="00:00:00.0020000" startTime="2022-01-12T20:57:03.6823566+00:00" endTime="2022-01-12T20:57:03.6823566+00:00" testType="13cdc9d9-ddb5-4fa4-a97d-d965ccfc6d4b" outcome="Passed" testListId="8c84fa94-04c1-424b-9868-57a2d4851a1d" relativeResultsDirectory="013326c3-3ec6-4933-9f2f-36e1a804ccdb" />
    <UnitTestResult executionId="1c427fba-05c6-4ca0-a700-231a71b322a8" testId="a21637b0-54f8-4fa0-bc3b-95481a9fd90b" testName="UnitTests.Controllers.ModuleExceptionFilterAttributeTests.ArgumentException_BadRequest(exception: System.ArgumentException: Argument, expectedStatusCode: BadRequest)" computerName="fv-az177-480" duration="00:00:00.0010000" startTime="2022-01-12T20:57:03.5433560+00:00" endTime="2022-01-12T20:57:03.5433560+00:00" testType="13cdc9d9-ddb5-4fa4-a97d-d965ccfc6d4b" outcome="Passed" testListId="8c84fa94-04c1-424b-9868-57a2d4851a1d" relativeResultsDirectory="1c427fba-05c6-4ca0-a700-231a71b322a8" />
    <UnitTestResult executionId="089af639-04b0-44ea-8f63-7b8f66674f06" testId="f46af852-6230-3d31-e31c-2959bffd491f" testName="UnitTests.EntensionMethodTests.IQueryable_IsOrdered_Works(ordered: True, descending: True, lastOrder: True)" computerName="fv-az177-480" duration="00:00:00.0130000" startTime="2022-01-12T20:57:06.3715531+00:00" endTime="2022-01-12T20:57:06.3715531+00:00" testType="13cdc9d9-ddb5-4fa4-a97d-d965ccfc6d4b" outcome="Passed" testListId="8c84fa94-04c1-424b-9868-57a2d4851a1d" relativeResultsDirectory="089af639-04b0-44ea-8f63-7b8f66674f06" />
    <UnitTestResult executionId="1279701e-ec53-4fd5-9816-967d658383a3" testId="96a18501-dea4-70b1-d572-baa1bb120da2" testName="UnitTests.Data.Entities.ItemTests.ItemPropertiesPersist(id: 2, name: &quot;Name2&quot;, description: &quot;Description2&quot;)" computerName="fv-az177-480" duration="00:00:00.0010000" startTime="2022-01-12T20:57:02.0084784+00:00" endTime="2022-01-12T20:57:02.0084784+00:00" testType="13cdc9d9-ddb5-4fa4-a97d-d965ccfc6d4b" outcome="Passed" testListId="8c84fa94-04c1-424b-9868-57a2d4851a1d" relativeResultsDirectory="1279701e-ec53-4fd5-9816-967d658383a3" />
    <UnitTestResult executionId="8262b51f-3d8b-452d-84ec-236f9d282de3" testId="1a74e347-4470-5271-97ab-1ebaf8693270" testName="UnitTests.Controllers.ModuleExceptionFilterAttributeTests.SystemException_DoesNotExposeDetails" computerName="fv-az177-480" duration="00:00:00.0220000" startTime="2022-01-12T20:57:03.5603581+00:00" endTime="2022-01-12T20:57:03.5603581+00:00" testType="13cdc9d9-ddb5-4fa4-a97d-d965ccfc6d4b" outcome="Passed" testListId="8c84fa94-04c1-424b-9868-57a2d4851a1d" relativeResultsDirectory="8262b51f-3d8b-452d-84ec-236f9d282de3" />
    <UnitTestResult executionId="8f367b4c-8ed5-42fe-bc3c-086cc5147b10" testId="6f0b47a1-9d18-a5d8-8dd1-c8f266712c15" testName="UnitTests.EntensionMethodTests.IQueryable_IsOrdered_Works(ordered: True, descending: True, lastOrder: False)" computerName="fv-az177-480" duration="00:00:00.0070000" startTime="2022-01-12T20:57:06.3505495+00:00" endTime="2022-01-12T20:57:06.3505495+00:00" testType="13cdc9d9-ddb5-4fa4-a97d-d965ccfc6d4b" outcome="Passed" testListId="8c84fa94-04c1-424b-9868-57a2d4851a1d" relativeResultsDirectory="8f367b4c-8ed5-42fe-bc3c-086cc5147b10" />
    <UnitTestResult executionId="025721b8-14d1-4ae2-a5da-9e877c6f8a03" testId="a9198ad3-782e-a37c-0b5f-1330f5318f55" testName="UnitTests.Services.ItemServiceTests.CreateItem_Creates" computerName="fv-az177-480" duration="00:00:00.0070000" startTime="2022-01-12T20:57:06.3125522+00:00" endTime="2022-01-12T20:57:06.3125522+00:00" testType="13cdc9d9-ddb5-4fa4-a97d-d965ccfc6d4b" outcome="Passed" testListId="8c84fa94-04c1-424b-9868-57a2d4851a1d" relativeResultsDirectory="025721b8-14d1-4ae2-a5da-9e877c6f8a03" />
    <UnitTestResult executionId="28bdfe0d-afba-4141-98e8-d17384a070c7" testId="9168bdef-a759-f4d6-b890-b643e17324cf" testName="UnitTests.Services.LoggingServiceTests.LogginService_TestableConstructorLogsErrorWithException" computerName="fv-az177-480" duration="00:00:00.0660000" startTime="2022-01-12T20:57:03.0002951+00:00" endTime="2022-01-12T20:57:03.0002951+00:00" testType="13cdc9d9-ddb5-4fa4-a97d-d965ccfc6d4b" outcome="Passed" testListId="8c84fa94-04c1-424b-9868-57a2d4851a1d" relativeResultsDirectory="28bdfe0d-afba-4141-98e8-d17384a070c7" />
    <UnitTestResult executionId="d2c1c5dd-90d3-4aab-8b3f-d288c7d5722a" testId="130d9133-361f-a0da-f15e-423eb98947ac" testName="UnitTests.Services.ItemServiceTests.UpdateItem_Updates" computerName="fv-az177-480" duration="00:00:00.0100000" startTime="2022-01-12T20:57:06.3045515+00:00" endTime="2022-01-12T20:57:06.3045515+00:00" testType="13cdc9d9-ddb5-4fa4-a97d-d965ccfc6d4b" outcome="Passed" testListId="8c84fa94-04c1-424b-9868-57a2d4851a1d" relativeResultsDirectory="d2c1c5dd-90d3-4aab-8b3f-d288c7d5722a" />
    <UnitTestResult executionId="c7e7d47a-5295-4b15-96c3-f9c3bdd83d49" testId="2d3a68b5-bf4c-0513-b733-5ed612794244" testName="UnitTests.EntensionMethodTests.IQueryable_GetPage_EmptyDoesNotThrow" computerName="fv-az177-480" duration="00:00:00.0270000" startTime="2022-01-12T20:57:06.4215528+00:00" endTime="2022-01-12T20:57:06.4215528+00:00" testType="13cdc9d9-ddb5-4fa4-a97d-d965ccfc6d4b" outcome="Passed" testListId="8c84fa94-04c1-424b-9868-57a2d4851a1d" relativeResultsDirectory="c7e7d47a-5295-4b15-96c3-f9c3bdd83d49" />
    <UnitTestResult executionId="502b24d3-4fa0-4165-82be-7aa7878d9ab5" testId="4bb697d7-9cb3-28c5-7c49-3e60c8ee823d" testName="UnitTests.EntensionMethodTests.IQueryable_GetPage_PagesProperly(count: 0, page: -1, pageSize: -1, expedtedPages: 0, expectedItems: 0, firstId: null, descending: False)" computerName="fv-az177-480" duration="00:00:00.0110000" startTime="2022-01-12T20:57:06.1565493+00:00" endTime="2022-01-12T20:57:06.1565493+00:00" testType="13cdc9d9-ddb5-4fa4-a97d-d965ccfc6d4b" outcome="Passed" testListId="8c84fa94-04c1-424b-9868-57a2d4851a1d" relativeResultsDirectory="502b24d3-4fa0-4165-82be-7aa7878d9ab5" />
    <UnitTestResult executionId="af9bd53f-93a9-465d-9ae0-caa04dd77f6d" testId="3cbfa5d3-e0f6-eff8-ed5c-556fa1f3e131" testName="UnitTests.Services.ItemServiceTests.UpdateItem_NoName_Throws(name: &quot;&quot;)" computerName="fv-az177-480" duration="00:00:00.0010000" startTime="2022-01-12T20:57:06.2995500+00:00" endTime="2022-01-12T20:57:06.2995500+00:00" testType="13cdc9d9-ddb5-4fa4-a97d-d965ccfc6d4b" outcome="Passed" testListId="8c84fa94-04c1-424b-9868-57a2d4851a1d" relativeResultsDirectory="af9bd53f-93a9-465d-9ae0-caa04dd77f6d" />
    <UnitTestResult executionId="ca0bd089-b90e-4e0b-8091-d119a1f85435" testId="19b6234c-c2df-2304-54f9-54b0da4cd6ba" testName="UnitTests.Services.ItemServiceTests.CreateItem_NoNameThrows" computerName="fv-az177-480" duration="00:00:00.0010000" startTime="2022-01-12T20:57:06.2945506+00:00" endTime="2022-01-12T20:57:06.2945506+00:00" testType="13cdc9d9-ddb5-4fa4-a97d-d965ccfc6d4b" outcome="Passed" testListId="8c84fa94-04c1-424b-9868-57a2d4851a1d" relativeResultsDirectory="ca0bd089-b90e-4e0b-8091-d119a1f85435" />
    <UnitTestResult executionId="200ab3b3-6abb-4a56-a96d-f994ec4c7475" testId="bae3532a-4a9e-c4ab-fc66-4dfa22d16170" testName="UnitTests.Controllers.ModuleApiControllerTests.HasUserInfo" computerName="fv-az177-480" duration="00:00:00.0120000" startTime="2022-01-12T20:57:03.6803572+00:00" endTime="2022-01-12T20:57:03.6803572+00:00" testType="13cdc9d9-ddb5-4fa4-a97d-d965ccfc6d4b" outcome="Passed" testListId="8c84fa94-04c1-424b-9868-57a2d4851a1d" relativeResultsDirectory="200ab3b3-6abb-4a56-a96d-f994ec4c7475" />
    <UnitTestResult executionId="a6c32d49-555c-4421-ab0e-03316d993a76" testId="1b051fa0-d4cc-1b32-80bb-d56b714e3066" testName="UnitTests.Services.ItemServiceTests.GetItemsPage_GetsPages(page: 1, pageSize: 20, descending: False, expectedPages: 2, returnedPage: 1)" computerName="fv-az177-480" duration="00:00:00.0030000" startTime="2022-01-12T20:57:06.2825521+00:00" endTime="2022-01-12T20:57:06.2825521+00:00" testType="13cdc9d9-ddb5-4fa4-a97d-d965ccfc6d4b" outcome="Passed" testListId="8c84fa94-04c1-424b-9868-57a2d4851a1d" relativeResultsDirectory="a6c32d49-555c-4421-ab0e-03316d993a76" />
    <UnitTestResult executionId="bb22f812-bbe6-44bc-ad0c-a8ee53bbdbb5" testId="b80893de-3e2d-6029-ec19-65c03fd119c3" testName="UnitTests.EntensionMethodTests.IQueryable_IsOrdered_Works(ordered: False, descending: True, lastOrder: False)" computerName="fv-az177-480" duration="00:00:00.0080000" startTime="2022-01-12T20:57:06.3435504+00:00" endTime="2022-01-12T20:57:06.3435504+00:00" testType="13cdc9d9-ddb5-4fa4-a97d-d965ccfc6d4b" outcome="Passed" testListId="8c84fa94-04c1-424b-9868-57a2d4851a1d" relativeResultsDirectory="bb22f812-bbe6-44bc-ad0c-a8ee53bbdbb5" />
    <UnitTestResult executionId="2c6f624c-8432-423b-82c9-3be599e1a146" testId="ac2a99ba-3563-74a9-7d4c-8e91a58cd097" testName="UnitTests.Data.ModuleDbContextTests.DefaultConstructorThrows" computerName="fv-az177-480" duration="00:00:00.0040000" startTime="2022-01-12T20:57:06.3175525+00:00" endTime="2022-01-12T20:57:06.3175525+00:00" testType="13cdc9d9-ddb5-4fa4-a97d-d965ccfc6d4b" outcome="Passed" testListId="8c84fa94-04c1-424b-9868-57a2d4851a1d" relativeResultsDirectory="2c6f624c-8432-423b-82c9-3be599e1a146" />
    <UnitTestResult executionId="74c28066-6482-4232-90fc-68e4127bbbb1" testId="7e661283-b2b2-d632-266b-6af1f3374c08" testName="UnitTests.EntensionMethodTests.IQueryable_GetPage_PagesProperly(count: 21, page: 1, pageSize: 10, expedtedPages: 3, expectedItems: 10, firstId: 21, descending: True)" computerName="fv-az177-480" duration="00:00:00.1520000" startTime="2022-01-12T20:57:06.3195501+00:00" endTime="2022-01-12T20:57:06.3195501+00:00" testType="13cdc9d9-ddb5-4fa4-a97d-d965ccfc6d4b" outcome="Passed" testListId="8c84fa94-04c1-424b-9868-57a2d4851a1d" relativeResultsDirectory="74c28066-6482-4232-90fc-68e4127bbbb1" />
    <UnitTestResult executionId="77fd704d-b86a-43a5-84f7-df687890541c" testId="572fc310-4b67-9555-f147-153d39f2eb82" testName="UnitTests.Data.Entities.ItemTests.ItemConstructsProperly" computerName="fv-az177-480" duration="00:00:00.0010000" startTime="2022-01-12T20:57:02.0104784+00:00" endTime="2022-01-12T20:57:02.0104784+00:00" testType="13cdc9d9-ddb5-4fa4-a97d-d965ccfc6d4b" outcome="Passed" testListId="8c84fa94-04c1-424b-9868-57a2d4851a1d" relativeResultsDirectory="77fd704d-b86a-43a5-84f7-df687890541c" />
    <UnitTestResult executionId="ceeea9bd-a100-4962-8c03-6992869b6ac5" testId="588a2c1b-7788-beb2-ade0-06788d455d25" testName="UnitTests.Controllers.ItemControllerTests.CreateItem_Creates" computerName="fv-az177-480" duration="00:00:00.0150000" startTime="2022-01-12T20:57:03.6403570+00:00" endTime="2022-01-12T20:57:03.6403570+00:00" testType="13cdc9d9-ddb5-4fa4-a97d-d965ccfc6d4b" outcome="Passed" testListId="8c84fa94-04c1-424b-9868-57a2d4851a1d" relativeResultsDirectory="ceeea9bd-a100-4962-8c03-6992869b6ac5" />
    <UnitTestResult executionId="80159ff5-2b9b-4217-bf55-41388563ce98" testId="d6094ca1-b65b-5133-f464-9f7d01f0d023" testName="UnitTests.Controllers.ItemControllerTests.DeleteItem_Deletes(itemId: 10)" computerName="fv-az177-480" duration="00:00:00.0020000" startTime="2022-01-12T20:57:03.6593563+00:00" endTime="2022-01-12T20:57:03.6593563+00:00" testType="13cdc9d9-ddb5-4fa4-a97d-d965ccfc6d4b" outcome="Passed" testListId="8c84fa94-04c1-424b-9868-57a2d4851a1d" relativeResultsDirectory="80159ff5-2b9b-4217-bf55-41388563ce98" />
    <UnitTestResult executionId="ca888c31-e9a5-4db3-a7c0-b3dd4c133d92" testId="19223079-ea41-5691-855c-970af1a1e611" testName="UnitTests.Services.ItemServiceTests.GetItemsPage_GetsPages(page: 1, pageSize: 10, descending: False, expectedPages: 3, returnedPage: 1)" computerName="fv-az177-480" duration="00:00:00.0020000" startTime="2022-01-12T20:57:06.2865518+00:00" endTime="2022-01-12T20:57:06.2865518+00:00" testType="13cdc9d9-ddb5-4fa4-a97d-d965ccfc6d4b" outcome="Passed" testListId="8c84fa94-04c1-424b-9868-57a2d4851a1d" relativeResultsDirectory="ca888c31-e9a5-4db3-a7c0-b3dd4c133d92" />
    <UnitTestResult executionId="43fcf98e-f497-4a6e-afc6-2225f01e40d7" testId="3140ebc5-2430-06b3-4257-a6794b9b09ac" testName="UnitTests.EntensionMethodTests.IQueryable_IsOrdered_Works(ordered: True, descending: False, lastOrder: True)" computerName="fv-az177-480" duration="00:00:00.0080000" startTime="2022-01-12T20:57:06.3785529+00:00" endTime="2022-01-12T20:57:06.3785529+00:00" testType="13cdc9d9-ddb5-4fa4-a97d-d965ccfc6d4b" outcome="Passed" testListId="8c84fa94-04c1-424b-9868-57a2d4851a1d" relativeResultsDirectory="43fcf98e-f497-4a6e-afc6-2225f01e40d7" />
    <UnitTestResult executionId="fd6cf62f-b3be-42e4-b3d2-895f2a344221" testId="a21637b0-54f8-4fa0-bc3b-95481a9fd90b" testName="UnitTests.Controllers.ModuleExceptionFilterAttributeTests.ArgumentException_BadRequest(exception: System.NotImplementedException: Not Implemented, expectedStatusCode: NotImplemented)" computerName="fv-az177-480" duration="00:00:00.0010000" startTime="2022-01-12T20:57:03.5433560+00:00" endTime="2022-01-12T20:57:03.5433560+00:00" testType="13cdc9d9-ddb5-4fa4-a97d-d965ccfc6d4b" outcome="Passed" testListId="8c84fa94-04c1-424b-9868-57a2d4851a1d" relativeResultsDirectory="fd6cf62f-b3be-42e4-b3d2-895f2a344221" />
    <UnitTestResult executionId="515235df-634b-4804-a883-1a7c3e5ad3d9" testId="113f48ce-a6a3-c5df-7589-ba5a5fcb9c59" testName="UnitTests.Controllers.ModuleExceptionFilterAttributeTests.NoException_DoesNothing" computerName="fv-az177-480" duration="00:00:00.0010000" startTime="2022-01-12T20:57:03.5493567+00:00" endTime="2022-01-12T20:57:03.5493567+00:00" testType="13cdc9d9-ddb5-4fa4-a97d-d965ccfc6d4b" outcome="Passed" testListId="8c84fa94-04c1-424b-9868-57a2d4851a1d" relativeResultsDirectory="515235df-634b-4804-a883-1a7c3e5ad3d9" />
    <UnitTestResult executionId="322eb6b4-ad34-47bd-9617-3027547e830f" testId="e55f1742-c16d-5086-2251-ad3372dd48f5" testName="UnitTests.Controllers.ValidateModelAttributeTests.OnActionExecuting_Valid_Works" computerName="fv-az177-480" duration="00:00:00.0920000" startTime="2022-01-12T20:57:02.1074822+00:00" endTime="2022-01-12T20:57:02.1074822+00:00" testType="13cdc9d9-ddb5-4fa4-a97d-d965ccfc6d4b" outcome="Passed" testListId="8c84fa94-04c1-424b-9868-57a2d4851a1d" relativeResultsDirectory="322eb6b4-ad34-47bd-9617-3027547e830f" />
    <UnitTestResult executionId="cfc58003-9d53-4d68-823e-17f4044f7227" testId="61a8ccc9-c5b1-047b-3c97-f777ccc7d30b" testName="UnitTests.Controllers.ValidateModelAttributeTests.OnActionExecuting_Invalid_Works" computerName="fv-az177-480" duration="00:00:01.4270000" startTime="2022-01-12T20:57:03.5272963+00:00" endTime="2022-01-12T20:57:03.5272963+00:00" testType="13cdc9d9-ddb5-4fa4-a97d-d965ccfc6d4b" outcome="Passed" testListId="8c84fa94-04c1-424b-9868-57a2d4851a1d" relativeResultsDirectory="cfc58003-9d53-4d68-823e-17f4044f7227" />
    <UnitTestResult executionId="e1092925-1030-471c-ae3b-2084c589f0a4" testId="a21637b0-54f8-4fa0-bc3b-95481a9fd90b" testName="UnitTests.Controllers.ModuleExceptionFilterAttributeTests.ArgumentException_BadRequest(exception: System.TimeoutException: Timed out, expectedStatusCode: RequestTimeout)" computerName="fv-az177-480" duration="00:00:00.0010000" startTime="2022-01-12T20:57:03.5473564+00:00" endTime="2022-01-12T20:57:03.5473564+00:00" testType="13cdc9d9-ddb5-4fa4-a97d-d965ccfc6d4b" outcome="Passed" testListId="8c84fa94-04c1-424b-9868-57a2d4851a1d" relativeResultsDirectory="e1092925-1030-471c-ae3b-2084c589f0a4" />
    <UnitTestResult executionId="aa22efc2-a842-41e6-ab34-1877f92a9453" testId="4fe0dd0f-2fa0-9c42-e816-a6df28150b72" testName="UnitTests.Data.Repositories.GenericRepositoryTests.GenericRepositoryGetsAll(iterations: 0)" computerName="fv-az177-480" duration="00:00:00.0160000" startTime="2022-01-12T20:57:06.1615464+00:00" endTime="2022-01-12T20:57:06.1615464+00:00" testType="13cdc9d9-ddb5-4fa4-a97d-d965ccfc6d4b" outcome="Passed" testListId="8c84fa94-04c1-424b-9868-57a2d4851a1d" relativeResultsDirectory="aa22efc2-a842-41e6-ab34-1877f92a9453" />
    <UnitTestResult executionId="af253bbe-f6ed-4aa5-9c5f-0b947a6643e1" testId="315adde5-f36d-a74f-aa46-fb22a0f78cd9" testName="UnitTests.Controllers.ItemControllerTests.UpdateItem_Updates" computerName="fv-az177-480" duration="00:00:00.0030000" startTime="2022-01-12T20:57:03.6573576+00:00" endTime="2022-01-12T20:57:03.6573576+00:00" testType="13cdc9d9-ddb5-4fa4-a97d-d965ccfc6d4b" outcome="Passed" testListId="8c84fa94-04c1-424b-9868-57a2d4851a1d" relativeResultsDirectory="af253bbe-f6ed-4aa5-9c5f-0b947a6643e1" />
    <UnitTestResult executionId="6b6624f1-0477-4788-bae3-f24d04b6831f" testId="2aef35a8-73ad-0c03-c8a4-2b5a1d37af8f" testName="UnitTests.EntensionMethodTests.IQueryable_IsOrdered_Works(ordered: False, descending: False, lastOrder: False)" computerName="fv-az177-480" duration="00:00:00.0150000" startTime="2022-01-12T20:57:06.3355502+00:00" endTime="2022-01-12T20:57:06.3355502+00:00" testType="13cdc9d9-ddb5-4fa4-a97d-d965ccfc6d4b" outcome="Passed" testListId="8c84fa94-04c1-424b-9868-57a2d4851a1d" relativeResultsDirectory="6b6624f1-0477-4788-bae3-f24d04b6831f" />
    <UnitTestResult executionId="48711d7f-0c69-4ae8-b531-c3a48b7d59eb" testId="24cfa8b0-48c3-8aab-e4c2-88694c220e2c" testName="UnitTests.Data.Repositories.GenericRepositoryTests.GenericRepositoryUpdate_ThrowsWithNullEntity" computerName="fv-az177-480" duration="00:00:00.0010000" startTime="2022-01-12T20:57:06.1975502+00:00" endTime="2022-01-12T20:57:06.1975502+00:00" testType="13cdc9d9-ddb5-4fa4-a97d-d965ccfc6d4b" outcome="Passed" testListId="8c84fa94-04c1-424b-9868-57a2d4851a1d" relativeResultsDirectory="48711d7f-0c69-4ae8-b531-c3a48b7d59eb" />
    <UnitTestResult executionId="f3e8e4e5-79c3-477b-a290-139f1b71552f" testId="986d7e6e-d04d-b204-b01c-fbb8f09c7774" testName="UnitTests.Controllers.ServiceRouteMapperTests.RegisterRoutes_RegistersAtLestOneRoute" computerName="fv-az177-480" duration="00:00:00.0400000" startTime="2022-01-12T20:57:03.6353576+00:00" endTime="2022-01-12T20:57:03.6353576+00:00" testType="13cdc9d9-ddb5-4fa4-a97d-d965ccfc6d4b" outcome="Passed" testListId="8c84fa94-04c1-424b-9868-57a2d4851a1d" relativeResultsDirectory="f3e8e4e5-79c3-477b-a290-139f1b71552f" />
    <UnitTestResult executionId="97451484-2544-4a74-a513-3aa809a9cb14" testId="92b7b9f6-1294-7ea1-ffa3-91fba85074d4" testName="UnitTests.Services.ItemServiceTests.UpdateItem_NoName_Throws(name: &quot;  &quot;)" computerName="fv-az177-480" duration="00:00:00.0010000" startTime="2022-01-12T20:57:06.2985497+00:00" endTime="2022-01-12T20:57:06.2985497+00:00" testType="13cdc9d9-ddb5-4fa4-a97d-d965ccfc6d4b" outcome="Passed" testListId="8c84fa94-04c1-424b-9868-57a2d4851a1d" relativeResultsDirectory="97451484-2544-4a74-a513-3aa809a9cb14" />
    <UnitTestResult executionId="ac8ff297-fb08-46f8-946d-41961b9fd108" testId="8ba31d1b-48e3-e04e-cff0-b927c63b4a19" testName="UnitTests.Services.LoggingServiceTests.LoggingService_DefaultConstructorExists" computerName="fv-az177-480" duration="00:00:00.6870000" startTime="2022-01-12T20:57:02.6452935+00:00" endTime="2022-01-12T20:57:02.6452935+00:00" testType="13cdc9d9-ddb5-4fa4-a97d-d965ccfc6d4b" outcome="Passed" testListId="8c84fa94-04c1-424b-9868-57a2d4851a1d" relativeResultsDirectory="ac8ff297-fb08-46f8-946d-41961b9fd108" />
    <UnitTestResult executionId="8e2a4c8d-ba2c-4a42-b5d3-9d18fe43f215" testId="0864c31d-6119-84d6-7f52-9d349dabbe84" testName="UnitTests.Services.ItemServiceTests.GetItemsPage_GetsPages(page: 0, pageSize: 0, descending: True, expectedPages: 30, returnedPage: 1)" computerName="fv-az177-480" duration="00:00:00.0360000" startTime="2022-01-12T20:57:06.2775505+00:00" endTime="2022-01-12T20:57:06.2775505+00:00" testType="13cdc9d9-ddb5-4fa4-a97d-d965ccfc6d4b" outcome="Passed" testListId="8c84fa94-04c1-424b-9868-57a2d4851a1d" relativeResultsDirectory="8e2a4c8d-ba2c-4a42-b5d3-9d18fe43f215" />
    <UnitTestResult executionId="d232a28f-b9c8-4303-bfdd-828524812781" testId="392ed628-2028-c945-b97e-893658a1e82b" testName="UnitTests.Data.Entities.ItemTests.ItemPropertiesPersist(id: 1, name: &quot;Name1&quot;, description: &quot;Description1&quot;)" computerName="fv-az177-480" duration="00:00:00.0350000" startTime="2022-01-12T20:57:01.9974793+00:00" endTime="2022-01-12T20:57:01.9974793+00:00" testType="13cdc9d9-ddb5-4fa4-a97d-d965ccfc6d4b" outcome="Passed" testListId="8c84fa94-04c1-424b-9868-57a2d4851a1d" relativeResultsDirectory="d232a28f-b9c8-4303-bfdd-828524812781" />
    <UnitTestResult executionId="5c029fb1-1951-42c1-ae61-7409be8c3c02" testId="ffe5c770-9b99-42c0-ce21-7e50cccf4385" testName="UnitTests.Data.Repositories.GenericRepositoryTests.GenericRepositoryGetsAll(iterations: 2)" computerName="fv-az177-480" duration="00:00:00.0090000" startTime="2022-01-12T20:57:06.1605473+00:00" endTime="2022-01-12T20:57:06.1605473+00:00" testType="13cdc9d9-ddb5-4fa4-a97d-d965ccfc6d4b" outcome="Passed" testListId="8c84fa94-04c1-424b-9868-57a2d4851a1d" relativeResultsDirectory="5c029fb1-1951-42c1-ae61-7409be8c3c02" />
    <UnitTestResult executionId="32f0e276-4b2d-41c1-a6f8-3347020d08d2" testId="9207202d-19b8-8eb5-74dc-6aa5d849467c" testName="UnitTests.EntensionMethodTests.IQueryable_GetPage_PagesProperly(count: 10, page: 1, pageSize: 10, expedtedPages: 1, expectedItems: 10, firstId: 1, descending: False)" computerName="fv-az177-480" duration="00:00:00.0380000" startTime="2022-01-12T20:57:06.1645474+00:00" endTime="2022-01-12T20:57:06.1645474+00:00" testType="13cdc9d9-ddb5-4fa4-a97d-d965ccfc6d4b" outcome="Passed" testListId="8c84fa94-04c1-424b-9868-57a2d4851a1d" relativeResultsDirectory="32f0e276-4b2d-41c1-a6f8-3347020d08d2" />
    <UnitTestResult executionId="e1e64f81-a829-4bd7-a270-d2967436fcf7" testId="0ebf358f-9eac-9438-b418-9c6aa81a6377" testName="UnitTests.Data.Repositories.GenericRepositoryTests.Repository_Update_UsesuserId" computerName="fv-az177-480" duration="00:00:00.0410000" startTime="2022-01-12T20:57:06.1525488+00:00" endTime="2022-01-12T20:57:06.1525488+00:00" testType="13cdc9d9-ddb5-4fa4-a97d-d965ccfc6d4b" outcome="Passed" testListId="8c84fa94-04c1-424b-9868-57a2d4851a1d" relativeResultsDirectory="e1e64f81-a829-4bd7-a270-d2967436fcf7" />
    <UnitTestResult executionId="87f46dd3-cde1-4960-8315-33a4ae279c4f" testId="d1c63cb7-1f9a-a8bf-a217-a4cbb4e5f73b" testName="UnitTests.Common.GlobalsTests.ModulePrefixIsValid" computerName="fv-az177-480" duration="00:00:00.0010000" startTime="2022-01-12T20:57:03.5623585+00:00" endTime="2022-01-12T20:57:03.5623585+00:00" testType="13cdc9d9-ddb5-4fa4-a97d-d965ccfc6d4b" outcome="Passed" testListId="8c84fa94-04c1-424b-9868-57a2d4851a1d" relativeResultsDirectory="87f46dd3-cde1-4960-8315-33a4ae279c4f" />
    <UnitTestResult executionId="a20b9dd0-6d53-4fb2-82a0-1ff0b1bc6b5f" testId="a21637b0-54f8-4fa0-bc3b-95481a9fd90b" testName="UnitTests.Controllers.ModuleExceptionFilterAttributeTests.ArgumentException_BadRequest(exception: System.ArgumentNullException: Value cannot be null.&#xD;&#xA;Parameter name: Null, expectedStatusCode: BadRequest)" computerName="fv-az177-480" duration="00:00:00.0030000" startTime="2022-01-12T20:57:03.5413554+00:00" endTime="2022-01-12T20:57:03.5413554+00:00" testType="13cdc9d9-ddb5-4fa4-a97d-d965ccfc6d4b" outcome="Passed" testListId="8c84fa94-04c1-424b-9868-57a2d4851a1d" relativeResultsDirectory="a20b9dd0-6d53-4fb2-82a0-1ff0b1bc6b5f" />
    <UnitTestResult executionId="3fe1b2e9-0fde-40f9-88d9-a1e84605aeca" testId="aec60494-3c2e-8ec9-f948-da5bb2043983" testName="UnitTests.Controllers.ItemControllerTests.UserCanEdit_ReturnsBool(canEdit: True)" computerName="fv-az177-480" duration="00:00:00.0010000" startTime="2022-01-12T20:57:03.6383565+00:00" endTime="2022-01-12T20:57:03.6383565+00:00" testType="13cdc9d9-ddb5-4fa4-a97d-d965ccfc6d4b" outcome="Passed" testListId="8c84fa94-04c1-424b-9868-57a2d4851a1d" relativeResultsDirectory="3fe1b2e9-0fde-40f9-88d9-a1e84605aeca" />
    <UnitTestResult executionId="a035e022-b4b2-4f06-902c-e782dfb013ec" testId="ae39aa62-5ff2-56e7-d00e-ef116d711d51" testName="UnitTests.Data.Repositories.GenericRepositoryTests.Repository_Create_DefaultAudit" computerName="fv-az177-480" duration="00:00:00.0060000" startTime="2022-01-12T20:57:06.2025500+00:00" endTime="2022-01-12T20:57:06.2025500+00:00" testType="13cdc9d9-ddb5-4fa4-a97d-d965ccfc6d4b" outcome="Passed" testListId="8c84fa94-04c1-424b-9868-57a2d4851a1d" relativeResultsDirectory="a035e022-b4b2-4f06-902c-e782dfb013ec" />
    <UnitTestResult executionId="16d0cb7a-e454-49bb-b420-8227cbce1117" testId="a21637b0-54f8-4fa0-bc3b-95481a9fd90b" testName="UnitTests.Controllers.ModuleExceptionFilterAttributeTests.ArgumentException_BadRequest(exception: System.ArgumentOutOfRangeException: Specified argument was out of the range of valid values.&#xD;&#xA;Parameter name: Out of range, expectedStatusCode: BadRequest)" computerName="fv-az177-480" duration="00:00:00.0010000" startTime="2022-01-12T20:57:03.5423564+00:00" endTime="2022-01-12T20:57:03.5423564+00:00" testType="13cdc9d9-ddb5-4fa4-a97d-d965ccfc6d4b" outcome="Passed" testListId="8c84fa94-04c1-424b-9868-57a2d4851a1d" relativeResultsDirectory="16d0cb7a-e454-49bb-b420-8227cbce1117" />
    <UnitTestResult executionId="b0aea3d2-0727-4192-aac7-7a62af7c50d9" testId="0f141a30-05bd-f4ed-a627-d40adca6b3ca" testName="UnitTests.Services.ItemServiceTests.GetItemsPage_GetsPages(page: 4, pageSize: 10, descending: False, expectedPages: 3, returnedPage: 3)" computerName="fv-az177-480" duration="00:00:00.0030000" startTime="2022-01-12T20:57:06.2905483+00:00" endTime="2022-01-12T20:57:06.2905483+00:00" testType="13cdc9d9-ddb5-4fa4-a97d-d965ccfc6d4b" outcome="Passed" testListId="8c84fa94-04c1-424b-9868-57a2d4851a1d" relativeResultsDirectory="b0aea3d2-0727-4192-aac7-7a62af7c50d9" />
    <UnitTestResult executionId="6fcdeed2-a6d6-4ee3-b95e-2480ae8c5139" testId="95a0a379-a9bd-3d99-f720-e626260de7f6" testName="UnitTests.EntensionMethodTests.IQueryable_GetPage_PagesProperly(count: 101, page: 1, pageSize: 50, expedtedPages: 3, expectedItems: 50, firstId: 1, descending: False)" computerName="fv-az177-480" duration="00:00:00.0530000" startTime="2022-01-12T20:57:06.1515487+00:00" endTime="2022-01-12T20:57:06.1515487+00:00" testType="13cdc9d9-ddb5-4fa4-a97d-d965ccfc6d4b" outcome="Passed" testListId="8c84fa94-04c1-424b-9868-57a2d4851a1d" relativeResultsDirectory="6fcdeed2-a6d6-4ee3-b95e-2480ae8c5139" />
    <UnitTestResult executionId="6f7b22aa-6dba-4068-b37b-522880219e03" testId="1c164fbc-1ab1-9884-ccb8-9e84f4c977d0" testName="UnitTests.Services.ItemServiceTests.UpdateItem_NoName_Throws(name: &quot; &quot;)" computerName="fv-az177-480" duration="00:00:00.0010000" startTime="2022-01-12T20:57:06.2975515+00:00" endTime="2022-01-12T20:57:06.2975515+00:00" testType="13cdc9d9-ddb5-4fa4-a97d-d965ccfc6d4b" outcome="Passed" testListId="8c84fa94-04c1-424b-9868-57a2d4851a1d" relativeResultsDirectory="6f7b22aa-6dba-4068-b37b-522880219e03" />
    <UnitTestResult executionId="ab364672-a90e-4eea-9f08-167841d276bd" testId="d15ea2a7-9f9f-b92b-50fa-470898da705d" testName="UnitTests.Data.Repositories.GenericRepositoryTests.GenericRepositoryGetsAll(iterations: 3)" computerName="fv-az177-480" duration="00:00:00.0100000" startTime="2022-01-12T20:57:06.1655483+00:00" endTime="2022-01-12T20:57:06.1655483+00:00" testType="13cdc9d9-ddb5-4fa4-a97d-d965ccfc6d4b" outcome="Passed" testListId="8c84fa94-04c1-424b-9868-57a2d4851a1d" relativeResultsDirectory="ab364672-a90e-4eea-9f08-167841d276bd" />
    <UnitTestResult executionId="dd681efc-3235-4a47-9ac3-93c6f73b08de" testId="f754f777-4449-23e8-f4ec-917f49117de2" testName="UnitTests.Data.Repositories.GenericRepositoryTests.Repository_DeleteMissing_DoesNotThrow" computerName="fv-az177-480" duration="00:00:00.0130000" startTime="2022-01-12T20:57:06.1865483+00:00" endTime="2022-01-12T20:57:06.1865483+00:00" testType="13cdc9d9-ddb5-4fa4-a97d-d965ccfc6d4b" outcome="Passed" testListId="8c84fa94-04c1-424b-9868-57a2d4851a1d" relativeResultsDirectory="dd681efc-3235-4a47-9ac3-93c6f73b08de" />
    <UnitTestResult executionId="ecf9cd23-6df5-4586-a045-678069aae37d" testId="70ede014-c412-e387-bb98-e95b3b42090d" testName="UnitTests.Data.Repositories.GenericRepositoryTests.GenericRepositoryUpdates" computerName="fv-az177-480" duration="00:00:00.0140000" startTime="2022-01-12T20:57:06.1585483+00:00" endTime="2022-01-12T20:57:06.1585483+00:00" testType="13cdc9d9-ddb5-4fa4-a97d-d965ccfc6d4b" outcome="Passed" testListId="8c84fa94-04c1-424b-9868-57a2d4851a1d" relativeResultsDirectory="ecf9cd23-6df5-4586-a045-678069aae37d" />
    <UnitTestResult executionId="6859bbd9-a6f2-44cc-b990-420186ee9d5e" testId="44b00d3a-bad7-aefd-141c-4a35b11463b2" testName="UnitTests.Data.Repositories.GenericRepositoryTests.Repository_Update_DefaultAudit" computerName="fv-az177-480" duration="00:00:00.0090000" startTime="2022-01-12T20:57:06.1955470+00:00" endTime="2022-01-12T20:57:06.1955470+00:00" testType="13cdc9d9-ddb5-4fa4-a97d-d965ccfc6d4b" outcome="Passed" testListId="8c84fa94-04c1-424b-9868-57a2d4851a1d" relativeResultsDirectory="6859bbd9-a6f2-44cc-b990-420186ee9d5e" />
    <UnitTestResult executionId="0b2cb8cc-02a0-4452-898a-ff0c79f0e771" testId="0247c7e7-7d1c-099b-2ac8-81a47ff2509a" testName="UnitTests.Controllers.ItemControllerTests.UserCanEdit_ReturnsBool(canEdit: False)" computerName="fv-az177-480" duration="00:00:00.0130000" startTime="2022-01-12T20:57:03.6373559+00:00" endTime="2022-01-12T20:57:03.6373559+00:00" testType="13cdc9d9-ddb5-4fa4-a97d-d965ccfc6d4b" outcome="Passed" testListId="8c84fa94-04c1-424b-9868-57a2d4851a1d" relativeResultsDirectory="0b2cb8cc-02a0-4452-898a-ff0c79f0e771" />
    <UnitTestResult executionId="50727296-ec59-4dbc-8bae-9093a039a473" testId="1017c6c1-9dd0-57dc-36e7-bb573d02562e" testName="UnitTests.Controllers.ItemControllerTests.GetItemsPage_GetsProperPages" computerName="fv-az177-480" duration="00:00:00.0140000" startTime="2022-01-12T20:57:03.6563563+00:00" endTime="2022-01-12T20:57:03.6563563+00:00" testType="13cdc9d9-ddb5-4fa4-a97d-d965ccfc6d4b" outcome="Passed" testListId="8c84fa94-04c1-424b-9868-57a2d4851a1d" relativeResultsDirectory="50727296-ec59-4dbc-8bae-9093a039a473" />
    <UnitTestResult executionId="fe50e4e8-e769-44a1-b4c6-0045a003664b" testId="ac1c50bc-98fd-036f-fe0f-d46cb187f90e" testName="UnitTests.Services.LoggingServiceTests.LogginService_TestableConstructorLogsError" computerName="fv-az177-480" duration="00:00:00.2920000" startTime="2022-01-12T20:57:02.9332935+00:00" endTime="2022-01-12T20:57:02.9332935+00:00" testType="13cdc9d9-ddb5-4fa4-a97d-d965ccfc6d4b" outcome="Passed" testListId="8c84fa94-04c1-424b-9868-57a2d4851a1d" relativeResultsDirectory="fe50e4e8-e769-44a1-b4c6-0045a003664b" />
    <UnitTestResult executionId="9b516bc1-8038-438d-983c-57910cd65f38" testId="a21637b0-54f8-4fa0-bc3b-95481a9fd90b" testName="UnitTests.Controllers.ModuleExceptionFilterAttributeTests.ArgumentException_BadRequest(exception: System.UnauthorizedAccessException: Unauthorized, expectedStatusCode: Unauthorized)" computerName="fv-az177-480" duration="00:00:00.0010000" startTime="2022-01-12T20:57:03.5483582+00:00" endTime="2022-01-12T20:57:03.5483582+00:00" testType="13cdc9d9-ddb5-4fa4-a97d-d965ccfc6d4b" outcome="Passed" testListId="8c84fa94-04c1-424b-9868-57a2d4851a1d" relativeResultsDirectory="9b516bc1-8038-438d-983c-57910cd65f38" />
    <UnitTestResult executionId="37daa623-8280-419f-b038-75a341bb888d" testId="b72028ed-e29e-ac6a-9e2e-bf700facee4e" testName="UnitTests.EntensionMethodTests.IQueryable_IsOrdered_Works(ordered: True, descending: False, lastOrder: False)" computerName="fv-az177-480" duration="00:00:00.0080000" startTime="2022-01-12T20:57:06.3865542+00:00" endTime="2022-01-12T20:57:06.3865542+00:00" testType="13cdc9d9-ddb5-4fa4-a97d-d965ccfc6d4b" outcome="Passed" testListId="8c84fa94-04c1-424b-9868-57a2d4851a1d" relativeResultsDirectory="37daa623-8280-419f-b038-75a341bb888d" />
    <UnitTestResult executionId="0c9b6fe6-12cb-437c-a6de-6f774b222b18" testId="ad3412e8-5f64-2020-a5b6-bd4cca8c3b7d" testName="UnitTests.Data.Repositories.GenericRepositoryTests.GenericRepositoryGet" computerName="fv-az177-480" duration="00:00:00.0110000" startTime="2022-01-12T20:57:06.0705466+00:00" endTime="2022-01-12T20:57:06.0705466+00:00" testType="13cdc9d9-ddb5-4fa4-a97d-d965ccfc6d4b" outcome="Passed" testListId="8c84fa94-04c1-424b-9868-57a2d4851a1d" relativeResultsDirectory="0c9b6fe6-12cb-437c-a6de-6f774b222b18" />
    <UnitTestResult executionId="e27cbb42-6b28-446b-abe0-35d636a4a0c5" testId="d16880d7-fb44-f209-43d9-ba2e0e1875de" testName="UnitTests.Data.Repositories.GenericRepositoryTests.GenericRepositoryGetsAll(iterations: 1)" computerName="fv-az177-480" duration="00:00:00.0080000" startTime="2022-01-12T20:57:06.1735467+00:00" endTime="2022-01-12T20:57:06.1735467+00:00" testType="13cdc9d9-ddb5-4fa4-a97d-d965ccfc6d4b" outcome="Passed" testListId="8c84fa94-04c1-424b-9868-57a2d4851a1d" relativeResultsDirectory="e27cbb42-6b28-446b-abe0-35d636a4a0c5" />
    <UnitTestResult executionId="959d383c-0cb8-4d6e-aac7-dc7dd22c74f8" testId="e4f8faa7-d0ad-86e6-1579-7bd52372b4c3" testName="UnitTests.Data.Repositories.GenericRepositoryTests.GenericRepositoryConstructs" computerName="fv-az177-480" duration="00:00:00.0010000" startTime="2022-01-12T20:57:06.1905487+00:00" endTime="2022-01-12T20:57:06.1905487+00:00" testType="13cdc9d9-ddb5-4fa4-a97d-d965ccfc6d4b" outcome="Passed" testListId="8c84fa94-04c1-424b-9868-57a2d4851a1d" relativeResultsDirectory="959d383c-0cb8-4d6e-aac7-dc7dd22c74f8" />
    <UnitTestResult executionId="bf3eba5f-20c4-45b3-a080-70124e620aaf" testId="0bc54975-0bff-692e-a9b3-fc69f2c95a39" testName="UnitTests.Data.Repositories.GenericRepositoryTests.GenericRepositoryDeletes" computerName="fv-az177-480" duration="00:00:02.3470000" startTime="2022-01-12T20:57:06.0315440+00:00" endTime="2022-01-12T20:57:06.0315440+00:00" testType="13cdc9d9-ddb5-4fa4-a97d-d965ccfc6d4b" outcome="Passed" testListId="8c84fa94-04c1-424b-9868-57a2d4851a1d" relativeResultsDirectory="bf3eba5f-20c4-45b3-a080-70124e620aaf" />
    <UnitTestResult executionId="b1fffeb4-7faa-4893-9d45-31741c94d7e2" testId="d5b75914-a4f0-1327-0212-c8781f6dfe81" testName="UnitTests.EntensionMethodTests.IQueryable_IsOrdered_Works(ordered: False, descending: True, lastOrder: True)" computerName="fv-az177-480" duration="00:00:00.0070000" startTime="2022-01-12T20:57:06.3575481+00:00" endTime="2022-01-12T20:57:06.3575481+00:00" testType="13cdc9d9-ddb5-4fa4-a97d-d965ccfc6d4b" outcome="Passed" testListId="8c84fa94-04c1-424b-9868-57a2d4851a1d" relativeResultsDirectory="b1fffeb4-7faa-4893-9d45-31741c94d7e2" />
    <UnitTestResult executionId="b05018c8-633f-4169-ad9d-99e5f62c3bd6" testId="478b61ee-7d85-9dbe-985d-08c590f8666a" testName="UnitTests.Controllers.ItemControllerTests.DeleteItem_Deletes(itemId: 1)" computerName="fv-az177-480" duration="00:00:00.0010000" startTime="2022-01-12T20:57:03.6603564+00:00" endTime="2022-01-12T20:57:03.6603564+00:00" testType="13cdc9d9-ddb5-4fa4-a97d-d965ccfc6d4b" outcome="Passed" testListId="8c84fa94-04c1-424b-9868-57a2d4851a1d" relativeResultsDirectory="b05018c8-633f-4169-ad9d-99e5f62c3bd6" />
    <UnitTestResult executionId="e976d2db-ca04-4e57-bc24-eb3cf9e36792" testId="f5652070-1b22-f5a7-3f3f-68b37c9184a8" testName="UnitTests.Services.ItemServiceTests.CreateItem_NoItemThrows" computerName="fv-az177-480" duration="00:00:00.0010000" startTime="2022-01-12T20:57:06.3065518+00:00" endTime="2022-01-12T20:57:06.3065518+00:00" testType="13cdc9d9-ddb5-4fa4-a97d-d965ccfc6d4b" outcome="Passed" testListId="8c84fa94-04c1-424b-9868-57a2d4851a1d" relativeResultsDirectory="e976d2db-ca04-4e57-bc24-eb3cf9e36792" />
    <UnitTestResult executionId="62d232ae-6a4c-43ca-8eb3-5e192e94d503" testId="36689490-09d4-917f-648a-70dcfcfede10" testName="UnitTests.Data.Repositories.GenericRepositoryTests.GenericRepositoryCreate_ThrowsWithNullEntity" computerName="fv-az177-480" duration="00:00:00.0010000" startTime="2022-01-12T20:57:06.0725462+00:00" endTime="2022-01-12T20:57:06.0725462+00:00" testType="13cdc9d9-ddb5-4fa4-a97d-d965ccfc6d4b" outcome="Passed" testListId="8c84fa94-04c1-424b-9868-57a2d4851a1d" relativeResultsDirectory="62d232ae-6a4c-43ca-8eb3-5e192e94d503" />
    <UnitTestResult executionId="a012d24d-b3c7-4d57-8c56-275576d575df" testId="8bbc68bc-7714-d990-1480-dfaedaafbd62" testName="UnitTests.EntensionMethodTests.IQueryable_GetPage_PagesProperly(count: 0, page: 0, pageSize: 0, expedtedPages: 0, expectedItems: 0, firstId: null, descending: False)" computerName="fv-az177-480" duration="00:00:00.0250000" startTime="2022-01-12T20:57:06.0625445+00:00" endTime="2022-01-12T20:57:06.0625445+00:00" testType="13cdc9d9-ddb5-4fa4-a97d-d965ccfc6d4b" outcome="Passed" testListId="8c84fa94-04c1-424b-9868-57a2d4851a1d" relativeResultsDirectory="a012d24d-b3c7-4d57-8c56-275576d575df" />
    <UnitTestResult executionId="d1530948-d24e-4093-9cd8-d41e8cb5984d" testId="e1c7f76f-6195-c844-23c0-304b47fbae66" testName="UnitTests.Data.Repositories.GenericRepositoryTests.Repository_Create_UsesUserId" computerName="fv-az177-480" duration="00:00:00.0110000" startTime="2022-01-12T20:57:06.0445455+00:00" endTime="2022-01-12T20:57:06.0445455+00:00" testType="13cdc9d9-ddb5-4fa4-a97d-d965ccfc6d4b" outcome="Passed" testListId="8c84fa94-04c1-424b-9868-57a2d4851a1d" relativeResultsDirectory="d1530948-d24e-4093-9cd8-d41e8cb5984d" />
    <UnitTestResult executionId="e2403f5c-0a49-43d1-9d74-ed363bf541ad" testId="73fc5149-51d6-8241-9c9f-f48c28e448e3" testName="UnitTests.EntensionMethodTests.IQueryable_IsOrdered_ThrowsWithNull" computerName="fv-az177-480" duration="00:00:00.0010000" startTime="2022-01-12T20:57:06.4235528+00:00" endTime="2022-01-12T20:57:06.4235528+00:00" testType="13cdc9d9-ddb5-4fa4-a97d-d965ccfc6d4b" outcome="Passed" testListId="8c84fa94-04c1-424b-9868-57a2d4851a1d" relativeResultsDirectory="e2403f5c-0a49-43d1-9d74-ed363bf541ad" />
    <UnitTestResult executionId="5bd70622-ee43-4577-a857-8e8d0db53831" testId="0dc5a512-bfd0-bc80-f676-16e6d961ec4d" testName="UnitTests.EntensionMethodTests.IQueryable_IsOrdered_Works(ordered: False, descending: False, lastOrder: True)" computerName="fv-az177-480" duration="00:00:00.0070000" startTime="2022-01-12T20:57:06.3945548+00:00" endTime="2022-01-12T20:57:06.3945548+00:00" testType="13cdc9d9-ddb5-4fa4-a97d-d965ccfc6d4b" outcome="Passed" testListId="8c84fa94-04c1-424b-9868-57a2d4851a1d" relativeResultsDirectory="5bd70622-ee43-4577-a857-8e8d0db53831" />
    <UnitTestResult executionId="142f7b2f-8ee9-4270-95de-739d30787389" testId="b76e01b1-6afe-f33b-c6a9-ea3347176509" testName="UnitTests.Services.ItemServiceTests.UpdateItem_NoName_Throws(name: null)" computerName="fv-az177-480" duration="00:00:00.0010000" startTime="2022-01-12T20:57:06.2955510+00:00" endTime="2022-01-12T20:57:06.2955510+00:00" testType="13cdc9d9-ddb5-4fa4-a97d-d965ccfc6d4b" outcome="Passed" testListId="8c84fa94-04c1-424b-9868-57a2d4851a1d" relativeResultsDirectory="142f7b2f-8ee9-4270-95de-739d30787389" />
    <UnitTestResult executionId="031cec54-dad0-47f5-a6b6-ef98d5ea49fd" testId="263c08b1-704a-f3c2-309e-6dee831dbdc9" testName="UnitTests.Services.ItemServiceTests.UpdateItem_NullDto_Throws" computerName="fv-az177-480" duration="00:00:00.0020000" startTime="2022-01-12T20:57:06.2925504+00:00" endTime="2022-01-12T20:57:06.2925504+00:00" testType="13cdc9d9-ddb5-4fa4-a97d-d965ccfc6d4b" outcome="Passed" testListId="8c84fa94-04c1-424b-9868-57a2d4851a1d" relativeResultsDirectory="031cec54-dad0-47f5-a6b6-ef98d5ea49fd" />
    <UnitTestResult executionId="75e50eba-5f64-4322-a713-18dea894b4bf" testId="168fc980-36e3-101b-62b1-f5ab71e9fc0d" testName="UnitTests.Controllers.LocalizationControllerTests.GetLocalization_CallsLocalizationService" computerName="fv-az177-480" duration="00:00:00.0140000" startTime="2022-01-12T20:57:03.6953579+00:00" endTime="2022-01-12T20:57:03.6953579+00:00" testType="13cdc9d9-ddb5-4fa4-a97d-d965ccfc6d4b" outcome="Passed" testListId="8c84fa94-04c1-424b-9868-57a2d4851a1d" relativeResultsDirectory="75e50eba-5f64-4322-a713-18dea894b4bf" />
    <UnitTestResult executionId="0ad23f9d-2ee1-4497-b4ae-a89d33524770" testId="5f92ec4d-d570-0452-b891-d4cee75db9dd" testName="UnitTests.Controllers.ModuleApiControllerTests.CanEdit_Set_Throws" computerName="fv-az177-480" duration="00:00:00.0020000" startTime="2022-01-12T20:57:03.6623548+00:00" endTime="2022-01-12T20:57:03.6623548+00:00" testType="13cdc9d9-ddb5-4fa4-a97d-d965ccfc6d4b" outcome="Passed" testListId="8c84fa94-04c1-424b-9868-57a2d4851a1d" relativeResultsDirectory="0ad23f9d-2ee1-4497-b4ae-a89d33524770" />
    <UnitTestResult executionId="af68c4ee-439f-4e00-b827-d7725859268a" testId="2695f427-ed7b-9f97-5696-f97a7702128c" testName="UnitTests.EntensionMethodTests.IQueryable_GetPage_PagesProperly(count: 20, page: 2, pageSize: 10, expedtedPages: 2, expectedItems: 10, firstId: 11, descending: False)" computerName="fv-az177-480" duration="00:00:03.0330000" startTime="2022-01-12T20:57:06.0365436+00:00" endTime="2022-01-12T20:57:06.0365436+00:00" testType="13cdc9d9-ddb5-4fa4-a97d-d965ccfc6d4b" outcome="Passed" testListId="8c84fa94-04c1-424b-9868-57a2d4851a1d" relativeResultsDirectory="af68c4ee-439f-4e00-b827-d7725859268a" />
    <UnitTestResult executionId="b635f3ac-41b1-43cc-a205-e3f60207570e" testId="e6610648-e456-1c64-d2b1-7e1242b871a8" testName="UnitTests.Services.ItemServiceTests.DeleteItem_Deletes" computerName="fv-az177-480" duration="00:00:00.0010000" startTime="2022-01-12T20:57:06.3075506+00:00" endTime="2022-01-12T20:57:06.3075506+00:00" testType="13cdc9d9-ddb5-4fa4-a97d-d965ccfc6d4b" outcome="Passed" testListId="8c84fa94-04c1-424b-9868-57a2d4851a1d" relativeResultsDirectory="b635f3ac-41b1-43cc-a205-e3f60207570e" />
    <UnitTestResult executionId="6c081f53-b832-4241-9400-d6f30c046e4b" testId="e6e0a140-85e7-6935-6160-ab95ecfd3c8a" testName="UnitTests.Data.Repositories.GenericRepositoryTests.GenericRepositoryCreatesAndGetsById" computerName="fv-az177-480" duration="00:00:00.0390000" startTime="2022-01-12T20:57:06.2415489+00:00" endTime="2022-01-12T20:57:06.2415489+00:00" testType="13cdc9d9-ddb5-4fa4-a97d-d965ccfc6d4b" outcome="Passed" testListId="8c84fa94-04c1-424b-9868-57a2d4851a1d" relativeResultsDirectory="6c081f53-b832-4241-9400-d6f30c046e4b" />
  </Results>
  <TestDefinitions>
    <UnitTest name="UnitTests.Controllers.ItemControllerTests.DeleteItem_Deletes(itemId: 1)" storage="d:\a\mymodule20220112\mymodule20220112\unittests\bin\unittests.dll" id="478b61ee-7d85-9dbe-985d-08c590f8666a">
      <Execution id="b05018c8-633f-4169-ad9d-99e5f62c3bd6" />
      <TestMethod codeBase="D:\a\MyModule20220112\MyModule20220112\UnitTests\bin\UnitTests.dll" adapterTypeName="executor://xunit/VsTestRunner2/net" className="UnitTests.Controllers.ItemControllerTests" name="DeleteItem_Deletes" />
    </UnitTest>
    <UnitTest name="UnitTests.EntensionMethodTests.IQueryable_IsOrdered_Works(ordered: True, descending: True, lastOrder: False)" storage="d:\a\mymodule20220112\mymodule20220112\unittests\bin\unittests.dll" id="6f0b47a1-9d18-a5d8-8dd1-c8f266712c15">
      <Execution id="8f367b4c-8ed5-42fe-bc3c-086cc5147b10" />
      <TestMethod codeBase="D:\a\MyModule20220112\MyModule20220112\UnitTests\bin\UnitTests.dll" adapterTypeName="executor://xunit/VsTestRunner2/net" className="UnitTests.EntensionMethodTests" name="IQueryable_IsOrdered_Works" />
    </UnitTest>
    <UnitTest name="UnitTests.Controllers.ItemControllerTests.UserCanEdit_ReturnsBool(canEdit: False)" storage="d:\a\mymodule20220112\mymodule20220112\unittests\bin\unittests.dll" id="0247c7e7-7d1c-099b-2ac8-81a47ff2509a">
      <Execution id="0b2cb8cc-02a0-4452-898a-ff0c79f0e771" />
      <TestMethod codeBase="D:\a\MyModule20220112\MyModule20220112\UnitTests\bin\UnitTests.dll" adapterTypeName="executor://xunit/VsTestRunner2/net" className="UnitTests.Controllers.ItemControllerTests" name="UserCanEdit_ReturnsBool" />
    </UnitTest>
    <UnitTest name="UnitTests.EntensionMethodTests.IQueryable_GetPage_PagesProperly(count: 21, page: 1, pageSize: 10, expedtedPages: 3, expectedItems: 10, firstId: 21, descending: True)" storage="d:\a\mymodule20220112\mymodule20220112\unittests\bin\unittests.dll" id="7e661283-b2b2-d632-266b-6af1f3374c08">
      <Execution id="74c28066-6482-4232-90fc-68e4127bbbb1" />
      <TestMethod codeBase="D:\a\MyModule20220112\MyModule20220112\UnitTests\bin\UnitTests.dll" adapterTypeName="executor://xunit/VsTestRunner2/net" className="UnitTests.EntensionMethodTests" name="IQueryable_GetPage_PagesProperly" />
    </UnitTest>
    <UnitTest name="UnitTests.Data.ModuleDbContextTests.DefaultConstructorThrows" storage="d:\a\mymodule20220112\mymodule20220112\unittests\bin\unittests.dll" id="ac2a99ba-3563-74a9-7d4c-8e91a58cd097">
      <Execution id="2c6f624c-8432-423b-82c9-3be599e1a146" />
      <TestMethod codeBase="D:\a\MyModule20220112\MyModule20220112\UnitTests\bin\UnitTests.dll" adapterTypeName="executor://xunit/VsTestRunner2/net" className="UnitTests.Data.ModuleDbContextTests" name="DefaultConstructorThrows" />
    </UnitTest>
    <UnitTest name="UnitTests.Controllers.LocalizationControllerTests.GetLocalization_CallsLocalizationService" storage="d:\a\mymodule20220112\mymodule20220112\unittests\bin\unittests.dll" id="168fc980-36e3-101b-62b1-f5ab71e9fc0d">
      <Execution id="75e50eba-5f64-4322-a713-18dea894b4bf" />
      <TestMethod codeBase="D:\a\MyModule20220112\MyModule20220112\UnitTests\bin\UnitTests.dll" adapterTypeName="executor://xunit/VsTestRunner2/net" className="UnitTests.Controllers.LocalizationControllerTests" name="GetLocalization_CallsLocalizationService" />
    </UnitTest>
    <UnitTest name="UnitTests.Controllers.ModuleApiControllerTests.CanEdit_DefaultsToFalse" storage="d:\a\mymodule20220112\mymodule20220112\unittests\bin\unittests.dll" id="320e3c11-11d1-b3ef-0d2e-5e474f674ff1">
      <Execution id="013326c3-3ec6-4933-9f2f-36e1a804ccdb" />
      <TestMethod codeBase="D:\a\MyModule20220112\MyModule20220112\UnitTests\bin\UnitTests.dll" adapterTypeName="executor://xunit/VsTestRunner2/net" className="UnitTests.Controllers.ModuleApiControllerTests" name="CanEdit_DefaultsToFalse" />
    </UnitTest>
    <UnitTest name="UnitTests.Data.Repositories.GenericRepositoryTests.GenericRepositoryCreatesAndGetsById" storage="d:\a\mymodule20220112\mymodule20220112\unittests\bin\unittests.dll" id="e6e0a140-85e7-6935-6160-ab95ecfd3c8a">
      <Execution id="6c081f53-b832-4241-9400-d6f30c046e4b" />
      <TestMethod codeBase="D:\a\MyModule20220112\MyModule20220112\UnitTests\bin\UnitTests.dll" adapterTypeName="executor://xunit/VsTestRunner2/net" className="UnitTests.Data.Repositories.GenericRepositoryTests" name="GenericRepositoryCreatesAndGetsById" />
    </UnitTest>
    <UnitTest name="UnitTests.Services.ItemServiceTests.GetItemsPage_GetsPages(page: 4, pageSize: 10, descending: False, expectedPages: 3, returnedPage: 3)" storage="d:\a\mymodule20220112\mymodule20220112\unittests\bin\unittests.dll" id="0f141a30-05bd-f4ed-a627-d40adca6b3ca">
      <Execution id="b0aea3d2-0727-4192-aac7-7a62af7c50d9" />
      <TestMethod codeBase="D:\a\MyModule20220112\MyModule20220112\UnitTests\bin\UnitTests.dll" adapterTypeName="executor://xunit/VsTestRunner2/net" className="UnitTests.Services.ItemServiceTests" name="GetItemsPage_GetsPages" />
    </UnitTest>
    <UnitTest name="UnitTests.Services.ItemServiceTests.UpdateItem_NoName_Throws(name: &quot; &quot;)" storage="d:\a\mymodule20220112\mymodule20220112\unittests\bin\unittests.dll" id="1c164fbc-1ab1-9884-ccb8-9e84f4c977d0">
      <Execution id="6f7b22aa-6dba-4068-b37b-522880219e03" />
      <TestMethod codeBase="D:\a\MyModule20220112\MyModule20220112\UnitTests\bin\UnitTests.dll" adapterTypeName="executor://xunit/VsTestRunner2/net" className="UnitTests.Services.ItemServiceTests" name="UpdateItem_NoName_Throws" />
    </UnitTest>
    <UnitTest name="UnitTests.EntensionMethodTests.IQueryable_IsOrdered_Works(ordered: False, descending: False, lastOrder: False)" storage="d:\a\mymodule20220112\mymodule20220112\unittests\bin\unittests.dll" id="2aef35a8-73ad-0c03-c8a4-2b5a1d37af8f">
      <Execution id="6b6624f1-0477-4788-bae3-f24d04b6831f" />
      <TestMethod codeBase="D:\a\MyModule20220112\MyModule20220112\UnitTests\bin\UnitTests.dll" adapterTypeName="executor://xunit/VsTestRunner2/net" className="UnitTests.EntensionMethodTests" name="IQueryable_IsOrdered_Works" />
    </UnitTest>
    <UnitTest name="UnitTests.EntensionMethodTests.IQueryable_GetPage_PagesProperly(count: 101, page: 1, pageSize: 50, expedtedPages: 3, expectedItems: 50, firstId: 1, descending: False)" storage="d:\a\mymodule20220112\mymodule20220112\unittests\bin\unittests.dll" id="95a0a379-a9bd-3d99-f720-e626260de7f6">
      <Execution id="6fcdeed2-a6d6-4ee3-b95e-2480ae8c5139" />
      <TestMethod codeBase="D:\a\MyModule20220112\MyModule20220112\UnitTests\bin\UnitTests.dll" adapterTypeName="executor://xunit/VsTestRunner2/net" className="UnitTests.EntensionMethodTests" name="IQueryable_GetPage_PagesProperly" />
    </UnitTest>
    <UnitTest name="UnitTests.EntensionMethodTests.IQueryable_GetPage_PagesProperly(count: 0, page: -1, pageSize: -1, expedtedPages: 0, expectedItems: 0, firstId: null, descending: False)" storage="d:\a\mymodule20220112\mymodule20220112\unittests\bin\unittests.dll" id="4bb697d7-9cb3-28c5-7c49-3e60c8ee823d">
      <Execution id="502b24d3-4fa0-4165-82be-7aa7878d9ab5" />
      <TestMethod codeBase="D:\a\MyModule20220112\MyModule20220112\UnitTests\bin\UnitTests.dll" adapterTypeName="executor://xunit/VsTestRunner2/net" className="UnitTests.EntensionMethodTests" name="IQueryable_GetPage_PagesProperly" />
    </UnitTest>
    <UnitTest name="UnitTests.Data.Repositories.GenericRepositoryTests.Repository_Update_UsesuserId" storage="d:\a\mymodule20220112\mymodule20220112\unittests\bin\unittests.dll" id="0ebf358f-9eac-9438-b418-9c6aa81a6377">
      <Execution id="e1e64f81-a829-4bd7-a270-d2967436fcf7" />
      <TestMethod codeBase="D:\a\MyModule20220112\MyModule20220112\UnitTests\bin\UnitTests.dll" adapterTypeName="executor://xunit/VsTestRunner2/net" className="UnitTests.Data.Repositories.GenericRepositoryTests" name="Repository_Update_UsesuserId" />
    </UnitTest>
    <UnitTest name="UnitTests.Services.ItemServiceTests.CreateItem_Creates" storage="d:\a\mymodule20220112\mymodule20220112\unittests\bin\unittests.dll" id="a9198ad3-782e-a37c-0b5f-1330f5318f55">
      <Execution id="025721b8-14d1-4ae2-a5da-9e877c6f8a03" />
      <TestMethod codeBase="D:\a\MyModule20220112\MyModule20220112\UnitTests\bin\UnitTests.dll" adapterTypeName="executor://xunit/VsTestRunner2/net" className="UnitTests.Services.ItemServiceTests" name="CreateItem_Creates" />
    </UnitTest>
    <UnitTest name="UnitTests.Controllers.ValidateModelAttributeTests.OnActionExecuting_Invalid_Works" storage="d:\a\mymodule20220112\mymodule20220112\unittests\bin\unittests.dll" id="61a8ccc9-c5b1-047b-3c97-f777ccc7d30b">
      <Execution id="cfc58003-9d53-4d68-823e-17f4044f7227" />
      <TestMethod codeBase="D:\a\MyModule20220112\MyModule20220112\UnitTests\bin\UnitTests.dll" adapterTypeName="executor://xunit/VsTestRunner2/net" className="UnitTests.Controllers.ValidateModelAttributeTests" name="OnActionExecuting_Invalid_Works" />
    </UnitTest>
    <UnitTest name="UnitTests.EntensionMethodTests.IQueryable_IsOrdered_Works(ordered: False, descending: True, lastOrder: False)" storage="d:\a\mymodule20220112\mymodule20220112\unittests\bin\unittests.dll" id="b80893de-3e2d-6029-ec19-65c03fd119c3">
      <Execution id="bb22f812-bbe6-44bc-ad0c-a8ee53bbdbb5" />
      <TestMethod codeBase="D:\a\MyModule20220112\MyModule20220112\UnitTests\bin\UnitTests.dll" adapterTypeName="executor://xunit/VsTestRunner2/net" className="UnitTests.EntensionMethodTests" name="IQueryable_IsOrdered_Works" />
    </UnitTest>
    <UnitTest name="UnitTests.Services.ItemServiceTests.GetItemsPage_GetsPages(page: 1, pageSize: 20, descending: False, expectedPages: 2, returnedPage: 1)" storage="d:\a\mymodule20220112\mymodule20220112\unittests\bin\unittests.dll" id="1b051fa0-d4cc-1b32-80bb-d56b714e3066">
      <Execution id="a6c32d49-555c-4421-ab0e-03316d993a76" />
      <TestMethod codeBase="D:\a\MyModule20220112\MyModule20220112\UnitTests\bin\UnitTests.dll" adapterTypeName="executor://xunit/VsTestRunner2/net" className="UnitTests.Services.ItemServiceTests" name="GetItemsPage_GetsPages" />
    </UnitTest>
    <UnitTest name="UnitTests.Data.Repositories.GenericRepositoryTests.GenericRepositoryGet" storage="d:\a\mymodule20220112\mymodule20220112\unittests\bin\unittests.dll" id="ad3412e8-5f64-2020-a5b6-bd4cca8c3b7d">
      <Execution id="0c9b6fe6-12cb-437c-a6de-6f774b222b18" />
      <TestMethod codeBase="D:\a\MyModule20220112\MyModule20220112\UnitTests\bin\UnitTests.dll" adapterTypeName="executor://xunit/VsTestRunner2/net" className="UnitTests.Data.Repositories.GenericRepositoryTests" name="GenericRepositoryGet" />
    </UnitTest>
    <UnitTest name="UnitTests.Data.Repositories.GenericRepositoryTests.GenericRepositoryUpdate_ThrowsWithNullEntity" storage="d:\a\mymodule20220112\mymodule20220112\unittests\bin\unittests.dll" id="24cfa8b0-48c3-8aab-e4c2-88694c220e2c">
      <Execution id="48711d7f-0c69-4ae8-b531-c3a48b7d59eb" />
      <TestMethod codeBase="D:\a\MyModule20220112\MyModule20220112\UnitTests\bin\UnitTests.dll" adapterTypeName="executor://xunit/VsTestRunner2/net" className="UnitTests.Data.Repositories.GenericRepositoryTests" name="GenericRepositoryUpdate_ThrowsWithNullEntity" />
    </UnitTest>
    <UnitTest name="UnitTests.Services.LoggingServiceTests.LogginService_TestableConstructorLogsError" storage="d:\a\mymodule20220112\mymodule20220112\unittests\bin\unittests.dll" id="ac1c50bc-98fd-036f-fe0f-d46cb187f90e">
      <Execution id="fe50e4e8-e769-44a1-b4c6-0045a003664b" />
      <TestMethod codeBase="D:\a\MyModule20220112\MyModule20220112\UnitTests\bin\UnitTests.dll" adapterTypeName="executor://xunit/VsTestRunner2/net" className="UnitTests.Services.LoggingServiceTests" name="LogginService_TestableConstructorLogsError" />
    </UnitTest>
    <UnitTest name="UnitTests.Data.Repositories.GenericRepositoryTests.GenericRepositoryGetsAll(iterations: 3)" storage="d:\a\mymodule20220112\mymodule20220112\unittests\bin\unittests.dll" id="d15ea2a7-9f9f-b92b-50fa-470898da705d">
      <Execution id="ab364672-a90e-4eea-9f08-167841d276bd" />
      <TestMethod codeBase="D:\a\MyModule20220112\MyModule20220112\UnitTests\bin\UnitTests.dll" adapterTypeName="executor://xunit/VsTestRunner2/net" className="UnitTests.Data.Repositories.GenericRepositoryTests" name="GenericRepositoryGetsAll" />
    </UnitTest>
    <UnitTest name="UnitTests.Common.GlobalsTests.ModulePrefixIsValid" storage="d:\a\mymodule20220112\mymodule20220112\unittests\bin\unittests.dll" id="d1c63cb7-1f9a-a8bf-a217-a4cbb4e5f73b">
      <Execution id="87f46dd3-cde1-4960-8315-33a4ae279c4f" />
      <TestMethod codeBase="D:\a\MyModule20220112\MyModule20220112\UnitTests\bin\UnitTests.dll" adapterTypeName="executor://xunit/VsTestRunner2/net" className="UnitTests.Common.GlobalsTests" name="ModulePrefixIsValid" />
    </UnitTest>
    <UnitTest name="UnitTests.Data.Entities.ItemTests.ItemPropertiesPersist(id: 2, name: &quot;Name2&quot;, description: &quot;Description2&quot;)" storage="d:\a\mymodule20220112\mymodule20220112\unittests\bin\unittests.dll" id="96a18501-dea4-70b1-d572-baa1bb120da2">
      <Execution id="1279701e-ec53-4fd5-9816-967d658383a3" />
      <TestMethod codeBase="D:\a\MyModule20220112\MyModule20220112\UnitTests\bin\UnitTests.dll" adapterTypeName="executor://xunit/VsTestRunner2/net" className="UnitTests.Data.Entities.ItemTests" name="ItemPropertiesPersist" />
    </UnitTest>
    <UnitTest name="UnitTests.Controllers.ServiceRouteMapperTests.RegisterRoutes_RegistersAtLestOneRoute" storage="d:\a\mymodule20220112\mymodule20220112\unittests\bin\unittests.dll" id="986d7e6e-d04d-b204-b01c-fbb8f09c7774">
      <Execution id="f3e8e4e5-79c3-477b-a290-139f1b71552f" />
      <TestMethod codeBase="D:\a\MyModule20220112\MyModule20220112\UnitTests\bin\UnitTests.dll" adapterTypeName="executor://xunit/VsTestRunner2/net" className="UnitTests.Controllers.ServiceRouteMapperTests" name="RegisterRoutes_RegistersAtLestOneRoute" />
    </UnitTest>
    <UnitTest name="UnitTests.EntensionMethodTests.IQueryable_GetPage_PagesProperly(count: 10, page: 1, pageSize: 10, expedtedPages: 1, expectedItems: 10, firstId: 1, descending: False)" storage="d:\a\mymodule20220112\mymodule20220112\unittests\bin\unittests.dll" id="9207202d-19b8-8eb5-74dc-6aa5d849467c">
      <Execution id="32f0e276-4b2d-41c1-a6f8-3347020d08d2" />
      <TestMethod codeBase="D:\a\MyModule20220112\MyModule20220112\UnitTests\bin\UnitTests.dll" adapterTypeName="executor://xunit/VsTestRunner2/net" className="UnitTests.EntensionMethodTests" name="IQueryable_GetPage_PagesProperly" />
    </UnitTest>
    <UnitTest name="UnitTests.Controllers.ModuleExceptionFilterAttributeTests.SystemException_DoesNotExposeDetails" storage="d:\a\mymodule20220112\mymodule20220112\unittests\bin\unittests.dll" id="1a74e347-4470-5271-97ab-1ebaf8693270">
      <Execution id="8262b51f-3d8b-452d-84ec-236f9d282de3" />
      <TestMethod codeBase="D:\a\MyModule20220112\MyModule20220112\UnitTests\bin\UnitTests.dll" adapterTypeName="executor://xunit/VsTestRunner2/net" className="UnitTests.Controllers.ModuleExceptionFilterAttributeTests" name="SystemException_DoesNotExposeDetails" />
    </UnitTest>
    <UnitTest name="UnitTests.Data.Repositories.GenericRepositoryTests.GenericRepositoryConstructs" storage="d:\a\mymodule20220112\mymodule20220112\unittests\bin\unittests.dll" id="e4f8faa7-d0ad-86e6-1579-7bd52372b4c3">
      <Execution id="959d383c-0cb8-4d6e-aac7-dc7dd22c74f8" />
      <TestMethod codeBase="D:\a\MyModule20220112\MyModule20220112\UnitTests\bin\UnitTests.dll" adapterTypeName="executor://xunit/VsTestRunner2/net" className="UnitTests.Data.Repositories.GenericRepositoryTests" name="GenericRepositoryConstructs" />
    </UnitTest>
    <UnitTest name="UnitTests.Services.ItemServiceTests.UpdateItem_NoName_Throws(name: null)" storage="d:\a\mymodule20220112\mymodule20220112\unittests\bin\unittests.dll" id="b76e01b1-6afe-f33b-c6a9-ea3347176509">
      <Execution id="142f7b2f-8ee9-4270-95de-739d30787389" />
      <TestMethod codeBase="D:\a\MyModule20220112\MyModule20220112\UnitTests\bin\UnitTests.dll" adapterTypeName="executor://xunit/VsTestRunner2/net" className="UnitTests.Services.ItemServiceTests" name="UpdateItem_NoName_Throws" />
    </UnitTest>
    <UnitTest name="UnitTests.Data.Repositories.GenericRepositoryTests.Repository_DeleteMissing_DoesNotThrow" storage="d:\a\mymodule20220112\mymodule20220112\unittests\bin\unittests.dll" id="f754f777-4449-23e8-f4ec-917f49117de2">
      <Execution id="dd681efc-3235-4a47-9ac3-93c6f73b08de" />
      <TestMethod codeBase="D:\a\MyModule20220112\MyModule20220112\UnitTests\bin\UnitTests.dll" adapterTypeName="executor://xunit/VsTestRunner2/net" className="UnitTests.Data.Repositories.GenericRepositoryTests" name="Repository_DeleteMissing_DoesNotThrow" />
    </UnitTest>
    <UnitTest name="UnitTests.EntensionMethodTests.IQueryable_IsOrdered_Works(ordered: True, descending: False, lastOrder: True)" storage="d:\a\mymodule20220112\mymodule20220112\unittests\bin\unittests.dll" id="3140ebc5-2430-06b3-4257-a6794b9b09ac">
      <Execution id="43fcf98e-f497-4a6e-afc6-2225f01e40d7" />
      <TestMethod codeBase="D:\a\MyModule20220112\MyModule20220112\UnitTests\bin\UnitTests.dll" adapterTypeName="executor://xunit/VsTestRunner2/net" className="UnitTests.EntensionMethodTests" name="IQueryable_IsOrdered_Works" />
    </UnitTest>
    <UnitTest name="UnitTests.Services.ItemServiceTests.CreateItem_NoNameThrows" storage="d:\a\mymodule20220112\mymodule20220112\unittests\bin\unittests.dll" id="19b6234c-c2df-2304-54f9-54b0da4cd6ba">
      <Execution id="ca0bd089-b90e-4e0b-8091-d119a1f85435" />
      <TestMethod codeBase="D:\a\MyModule20220112\MyModule20220112\UnitTests\bin\UnitTests.dll" adapterTypeName="executor://xunit/VsTestRunner2/net" className="UnitTests.Services.ItemServiceTests" name="CreateItem_NoNameThrows" />
    </UnitTest>
    <UnitTest name="UnitTests.Services.ItemServiceTests.DeleteItem_Deletes" storage="d:\a\mymodule20220112\mymodule20220112\unittests\bin\unittests.dll" id="e6610648-e456-1c64-d2b1-7e1242b871a8">
      <Execution id="b635f3ac-41b1-43cc-a205-e3f60207570e" />
      <TestMethod codeBase="D:\a\MyModule20220112\MyModule20220112\UnitTests\bin\UnitTests.dll" adapterTypeName="executor://xunit/VsTestRunner2/net" className="UnitTests.Services.ItemServiceTests" name="DeleteItem_Deletes" />
    </UnitTest>
    <UnitTest name="UnitTests.Data.Entities.ItemTests.ItemConstructsProperly" storage="d:\a\mymodule20220112\mymodule20220112\unittests\bin\unittests.dll" id="572fc310-4b67-9555-f147-153d39f2eb82">
      <Execution id="77fd704d-b86a-43a5-84f7-df687890541c" />
      <TestMethod codeBase="D:\a\MyModule20220112\MyModule20220112\UnitTests\bin\UnitTests.dll" adapterTypeName="executor://xunit/VsTestRunner2/net" className="UnitTests.Data.Entities.ItemTests" name="ItemConstructsProperly" />
    </UnitTest>
    <UnitTest name="UnitTests.EntensionMethodTests.IQueryable_IsOrdered_Works(ordered: True, descending: True, lastOrder: True)" storage="d:\a\mymodule20220112\mymodule20220112\unittests\bin\unittests.dll" id="f46af852-6230-3d31-e31c-2959bffd491f">
      <Execution id="089af639-04b0-44ea-8f63-7b8f66674f06" />
      <TestMethod codeBase="D:\a\MyModule20220112\MyModule20220112\UnitTests\bin\UnitTests.dll" adapterTypeName="executor://xunit/VsTestRunner2/net" className="UnitTests.EntensionMethodTests" name="IQueryable_IsOrdered_Works" />
    </UnitTest>
    <UnitTest name="UnitTests.Services.ItemServiceTests.GetItemsPage_GetsPages(page: 1, pageSize: 10, descending: False, expectedPages: 3, returnedPage: 1)" storage="d:\a\mymodule20220112\mymodule20220112\unittests\bin\unittests.dll" id="19223079-ea41-5691-855c-970af1a1e611">
      <Execution id="ca888c31-e9a5-4db3-a7c0-b3dd4c133d92" />
      <TestMethod codeBase="D:\a\MyModule20220112\MyModule20220112\UnitTests\bin\UnitTests.dll" adapterTypeName="executor://xunit/VsTestRunner2/net" className="UnitTests.Services.ItemServiceTests" name="GetItemsPage_GetsPages" />
    </UnitTest>
    <UnitTest name="UnitTests.Services.ItemServiceTests.UpdateItem_NoName_Throws(name: &quot;&quot;)" storage="d:\a\mymodule20220112\mymodule20220112\unittests\bin\unittests.dll" id="3cbfa5d3-e0f6-eff8-ed5c-556fa1f3e131">
      <Execution id="af9bd53f-93a9-465d-9ae0-caa04dd77f6d" />
      <TestMethod codeBase="D:\a\MyModule20220112\MyModule20220112\UnitTests\bin\UnitTests.dll" adapterTypeName="executor://xunit/VsTestRunner2/net" className="UnitTests.Services.ItemServiceTests" name="UpdateItem_NoName_Throws" />
    </UnitTest>
    <UnitTest name="UnitTests.Services.LoggingServiceTests.LogginService_TestableConstructorLogsErrorWithException" storage="d:\a\mymodule20220112\mymodule20220112\unittests\bin\unittests.dll" id="9168bdef-a759-f4d6-b890-b643e17324cf">
      <Execution id="28bdfe0d-afba-4141-98e8-d17384a070c7" />
      <TestMethod codeBase="D:\a\MyModule20220112\MyModule20220112\UnitTests\bin\UnitTests.dll" adapterTypeName="executor://xunit/VsTestRunner2/net" className="UnitTests.Services.LoggingServiceTests" name="LogginService_TestableConstructorLogsErrorWithException" />
    </UnitTest>
    <UnitTest name="UnitTests.EntensionMethodTests.IQueryable_GetPage_PagesProperly(count: 20, page: 2, pageSize: 10, expedtedPages: 2, expectedItems: 10, firstId: 11, descending: False)" storage="d:\a\mymodule20220112\mymodule20220112\unittests\bin\unittests.dll" id="2695f427-ed7b-9f97-5696-f97a7702128c">
      <Execution id="af68c4ee-439f-4e00-b827-d7725859268a" />
      <TestMethod codeBase="D:\a\MyModule20220112\MyModule20220112\UnitTests\bin\UnitTests.dll" adapterTypeName="executor://xunit/VsTestRunner2/net" className="UnitTests.EntensionMethodTests" name="IQueryable_GetPage_PagesProperly" />
    </UnitTest>
    <UnitTest name="UnitTests.EntensionMethodTests.IQueryable_IsOrdered_Works(ordered: False, descending: True, lastOrder: True)" storage="d:\a\mymodule20220112\mymodule20220112\unittests\bin\unittests.dll" id="d5b75914-a4f0-1327-0212-c8781f6dfe81">
      <Execution id="b1fffeb4-7faa-4893-9d45-31741c94d7e2" />
      <TestMethod codeBase="D:\a\MyModule20220112\MyModule20220112\UnitTests\bin\UnitTests.dll" adapterTypeName="executor://xunit/VsTestRunner2/net" className="UnitTests.EntensionMethodTests" name="IQueryable_IsOrdered_Works" />
    </UnitTest>
    <UnitTest name="UnitTests.Controllers.ItemControllerTests.UserCanEdit_ReturnsBool(canEdit: True)" storage="d:\a\mymodule20220112\mymodule20220112\unittests\bin\unittests.dll" id="aec60494-3c2e-8ec9-f948-da5bb2043983">
      <Execution id="3fe1b2e9-0fde-40f9-88d9-a1e84605aeca" />
      <TestMethod codeBase="D:\a\MyModule20220112\MyModule20220112\UnitTests\bin\UnitTests.dll" adapterTypeName="executor://xunit/VsTestRunner2/net" className="UnitTests.Controllers.ItemControllerTests" name="UserCanEdit_ReturnsBool" />
    </UnitTest>
    <UnitTest name="UnitTests.Services.ItemServiceTests.GetItemsPage_GetsPages(page: 0, pageSize: 0, descending: True, expectedPages: 30, returnedPage: 1)" storage="d:\a\mymodule20220112\mymodule20220112\unittests\bin\unittests.dll" id="0864c31d-6119-84d6-7f52-9d349dabbe84">
      <Execution id="8e2a4c8d-ba2c-4a42-b5d3-9d18fe43f215" />
      <TestMethod codeBase="D:\a\MyModule20220112\MyModule20220112\UnitTests\bin\UnitTests.dll" adapterTypeName="executor://xunit/VsTestRunner2/net" className="UnitTests.Services.ItemServiceTests" name="GetItemsPage_GetsPages" />
    </UnitTest>
    <UnitTest name="UnitTests.EntensionMethodTests.IQueryable_GetPage_EmptyDoesNotThrow" storage="d:\a\mymodule20220112\mymodule20220112\unittests\bin\unittests.dll" id="2d3a68b5-bf4c-0513-b733-5ed612794244">
      <Execution id="c7e7d47a-5295-4b15-96c3-f9c3bdd83d49" />
      <TestMethod codeBase="D:\a\MyModule20220112\MyModule20220112\UnitTests\bin\UnitTests.dll" adapterTypeName="executor://xunit/VsTestRunner2/net" className="UnitTests.EntensionMethodTests" name="IQueryable_GetPage_EmptyDoesNotThrow" />
    </UnitTest>
    <UnitTest name="UnitTests.Services.ItemServiceTests.UpdateItem_NoName_Throws(name: &quot;  &quot;)" storage="d:\a\mymodule20220112\mymodule20220112\unittests\bin\unittests.dll" id="92b7b9f6-1294-7ea1-ffa3-91fba85074d4">
      <Execution id="97451484-2544-4a74-a513-3aa809a9cb14" />
      <TestMethod codeBase="D:\a\MyModule20220112\MyModule20220112\UnitTests\bin\UnitTests.dll" adapterTypeName="executor://xunit/VsTestRunner2/net" className="UnitTests.Services.ItemServiceTests" name="UpdateItem_NoName_Throws" />
    </UnitTest>
    <UnitTest name="UnitTests.Controllers.ModuleApiControllerTests.HasUserInfo" storage="d:\a\mymodule20220112\mymodule20220112\unittests\bin\unittests.dll" id="bae3532a-4a9e-c4ab-fc66-4dfa22d16170">
      <Execution id="200ab3b3-6abb-4a56-a96d-f994ec4c7475" />
      <TestMethod codeBase="D:\a\MyModule20220112\MyModule20220112\UnitTests\bin\UnitTests.dll" adapterTypeName="executor://xunit/VsTestRunner2/net" className="UnitTests.Controllers.ModuleApiControllerTests" name="HasUserInfo" />
    </UnitTest>
    <UnitTest name="UnitTests.Data.Repositories.GenericRepositoryTests.Repository_Create_DefaultAudit" storage="d:\a\mymodule20220112\mymodule20220112\unittests\bin\unittests.dll" id="ae39aa62-5ff2-56e7-d00e-ef116d711d51">
      <Execution id="a035e022-b4b2-4f06-902c-e782dfb013ec" />
      <TestMethod codeBase="D:\a\MyModule20220112\MyModule20220112\UnitTests\bin\UnitTests.dll" adapterTypeName="executor://xunit/VsTestRunner2/net" className="UnitTests.Data.Repositories.GenericRepositoryTests" name="Repository_Create_DefaultAudit" />
    </UnitTest>
    <UnitTest name="UnitTests.Controllers.ValidateModelAttributeTests.OnActionExecuting_Valid_Works" storage="d:\a\mymodule20220112\mymodule20220112\unittests\bin\unittests.dll" id="e55f1742-c16d-5086-2251-ad3372dd48f5">
      <Execution id="322eb6b4-ad34-47bd-9617-3027547e830f" />
      <TestMethod codeBase="D:\a\MyModule20220112\MyModule20220112\UnitTests\bin\UnitTests.dll" adapterTypeName="executor://xunit/VsTestRunner2/net" className="UnitTests.Controllers.ValidateModelAttributeTests" name="OnActionExecuting_Valid_Works" />
    </UnitTest>
    <UnitTest name="UnitTests.Services.ItemServiceTests.UpdateItem_NullDto_Throws" storage="d:\a\mymodule20220112\mymodule20220112\unittests\bin\unittests.dll" id="263c08b1-704a-f3c2-309e-6dee831dbdc9">
      <Execution id="031cec54-dad0-47f5-a6b6-ef98d5ea49fd" />
      <TestMethod codeBase="D:\a\MyModule20220112\MyModule20220112\UnitTests\bin\UnitTests.dll" adapterTypeName="executor://xunit/VsTestRunner2/net" className="UnitTests.Services.ItemServiceTests" name="UpdateItem_NullDto_Throws" />
    </UnitTest>
    <UnitTest name="UnitTests.Data.Repositories.GenericRepositoryTests.GenericRepositoryGetsAll(iterations: 1)" storage="d:\a\mymodule20220112\mymodule20220112\unittests\bin\unittests.dll" id="d16880d7-fb44-f209-43d9-ba2e0e1875de">
      <Execution id="e27cbb42-6b28-446b-abe0-35d636a4a0c5" />
      <TestMethod codeBase="D:\a\MyModule20220112\MyModule20220112\UnitTests\bin\UnitTests.dll" adapterTypeName="executor://xunit/VsTestRunner2/net" className="UnitTests.Data.Repositories.GenericRepositoryTests" name="GenericRepositoryGetsAll" />
    </UnitTest>
    <UnitTest name="UnitTests.Services.LoggingServiceTests.LoggingService_DefaultConstructorExists" storage="d:\a\mymodule20220112\mymodule20220112\unittests\bin\unittests.dll" id="8ba31d1b-48e3-e04e-cff0-b927c63b4a19">
      <Execution id="ac8ff297-fb08-46f8-946d-41961b9fd108" />
      <TestMethod codeBase="D:\a\MyModule20220112\MyModule20220112\UnitTests\bin\UnitTests.dll" adapterTypeName="executor://xunit/VsTestRunner2/net" className="UnitTests.Services.LoggingServiceTests" name="LoggingService_DefaultConstructorExists" />
    </UnitTest>
    <UnitTest name="UnitTests.EntensionMethodTests.IQueryable_IsOrdered_ThrowsWithNull" storage="d:\a\mymodule20220112\mymodule20220112\unittests\bin\unittests.dll" id="73fc5149-51d6-8241-9c9f-f48c28e448e3">
      <Execution id="e2403f5c-0a49-43d1-9d74-ed363bf541ad" />
      <TestMethod codeBase="D:\a\MyModule20220112\MyModule20220112\UnitTests\bin\UnitTests.dll" adapterTypeName="executor://xunit/VsTestRunner2/net" className="UnitTests.EntensionMethodTests" name="IQueryable_IsOrdered_ThrowsWithNull" />
    </UnitTest>
    <UnitTest name="UnitTests.Data.Repositories.GenericRepositoryTests.GenericRepositoryCreate_ThrowsWithNullEntity" storage="d:\a\mymodule20220112\mymodule20220112\unittests\bin\unittests.dll" id="36689490-09d4-917f-648a-70dcfcfede10">
      <Execution id="62d232ae-6a4c-43ca-8eb3-5e192e94d503" />
      <TestMethod codeBase="D:\a\MyModule20220112\MyModule20220112\UnitTests\bin\UnitTests.dll" adapterTypeName="executor://xunit/VsTestRunner2/net" className="UnitTests.Data.Repositories.GenericRepositoryTests" name="GenericRepositoryCreate_ThrowsWithNullEntity" />
    </UnitTest>
    <UnitTest name="UnitTests.Controllers.ItemControllerTests.CreateItem_Creates" storage="d:\a\mymodule20220112\mymodule20220112\unittests\bin\unittests.dll" id="588a2c1b-7788-beb2-ade0-06788d455d25">
      <Execution id="ceeea9bd-a100-4962-8c03-6992869b6ac5" />
      <TestMethod codeBase="D:\a\MyModule20220112\MyModule20220112\UnitTests\bin\UnitTests.dll" adapterTypeName="executor://xunit/VsTestRunner2/net" className="UnitTests.Controllers.ItemControllerTests" name="CreateItem_Creates" />
    </UnitTest>
    <UnitTest name="UnitTests.Controllers.ModuleApiControllerTests.CanEdit_Set_Throws" storage="d:\a\mymodule20220112\mymodule20220112\unittests\bin\unittests.dll" id="5f92ec4d-d570-0452-b891-d4cee75db9dd">
      <Execution id="0ad23f9d-2ee1-4497-b4ae-a89d33524770" />
      <TestMethod codeBase="D:\a\MyModule20220112\MyModule20220112\UnitTests\bin\UnitTests.dll" adapterTypeName="executor://xunit/VsTestRunner2/net" className="UnitTests.Controllers.ModuleApiControllerTests" name="CanEdit_Set_Throws" />
    </UnitTest>
    <UnitTest name="UnitTests.Data.Repositories.GenericRepositoryTests.Repository_Create_UsesUserId" storage="d:\a\mymodule20220112\mymodule20220112\unittests\bin\unittests.dll" id="e1c7f76f-6195-c844-23c0-304b47fbae66">
      <Execution id="d1530948-d24e-4093-9cd8-d41e8cb5984d" />
      <TestMethod codeBase="D:\a\MyModule20220112\MyModule20220112\UnitTests\bin\UnitTests.dll" adapterTypeName="executor://xunit/VsTestRunner2/net" className="UnitTests.Data.Repositories.GenericRepositoryTests" name="Repository_Create_UsesUserId" />
    </UnitTest>
    <UnitTest name="UnitTests.Controllers.ItemControllerTests.UpdateItem_Updates" storage="d:\a\mymodule20220112\mymodule20220112\unittests\bin\unittests.dll" id="315adde5-f36d-a74f-aa46-fb22a0f78cd9">
      <Execution id="af253bbe-f6ed-4aa5-9c5f-0b947a6643e1" />
      <TestMethod codeBase="D:\a\MyModule20220112\MyModule20220112\UnitTests\bin\UnitTests.dll" adapterTypeName="executor://xunit/VsTestRunner2/net" className="UnitTests.Controllers.ItemControllerTests" name="UpdateItem_Updates" />
    </UnitTest>
    <UnitTest name="UnitTests.Controllers.ModuleExceptionFilterAttributeTests.ArgumentException_BadRequest" storage="d:\a\mymodule20220112\mymodule20220112\unittests\bin\unittests.dll" id="a21637b0-54f8-4fa0-bc3b-95481a9fd90b">
      <Execution id="a20b9dd0-6d53-4fb2-82a0-1ff0b1bc6b5f" />
      <TestMethod codeBase="D:\a\MyModule20220112\MyModule20220112\UnitTests\bin\UnitTests.dll" adapterTypeName="executor://xunit/VsTestRunner2/net" className="UnitTests.Controllers.ModuleExceptionFilterAttributeTests" name="ArgumentException_BadRequest" />
    </UnitTest>
    <UnitTest name="UnitTests.Controllers.ModuleExceptionFilterAttributeTests.NoException_DoesNothing" storage="d:\a\mymodule20220112\mymodule20220112\unittests\bin\unittests.dll" id="113f48ce-a6a3-c5df-7589-ba5a5fcb9c59">
      <Execution id="515235df-634b-4804-a883-1a7c3e5ad3d9" />
      <TestMethod codeBase="D:\a\MyModule20220112\MyModule20220112\UnitTests\bin\UnitTests.dll" adapterTypeName="executor://xunit/VsTestRunner2/net" className="UnitTests.Controllers.ModuleExceptionFilterAttributeTests" name="NoException_DoesNothing" />
    </UnitTest>
    <UnitTest name="UnitTests.Controllers.ItemControllerTests.GetItemsPage_GetsProperPages" storage="d:\a\mymodule20220112\mymodule20220112\unittests\bin\unittests.dll" id="1017c6c1-9dd0-57dc-36e7-bb573d02562e">
      <Execution id="50727296-ec59-4dbc-8bae-9093a039a473" />
      <TestMethod codeBase="D:\a\MyModule20220112\MyModule20220112\UnitTests\bin\UnitTests.dll" adapterTypeName="executor://xunit/VsTestRunner2/net" className="UnitTests.Controllers.ItemControllerTests" name="GetItemsPage_GetsProperPages" />
    </UnitTest>
    <UnitTest name="UnitTests.Data.Repositories.GenericRepositoryTests.GenericRepositoryDeletes" storage="d:\a\mymodule20220112\mymodule20220112\unittests\bin\unittests.dll" id="0bc54975-0bff-692e-a9b3-fc69f2c95a39">
      <Execution id="bf3eba5f-20c4-45b3-a080-70124e620aaf" />
      <TestMethod codeBase="D:\a\MyModule20220112\MyModule20220112\UnitTests\bin\UnitTests.dll" adapterTypeName="executor://xunit/VsTestRunner2/net" className="UnitTests.Data.Repositories.GenericRepositoryTests" name="GenericRepositoryDeletes" />
    </UnitTest>
    <UnitTest name="UnitTests.Controllers.ItemControllerTests.DeleteItem_Deletes(itemId: 10)" storage="d:\a\mymodule20220112\mymodule20220112\unittests\bin\unittests.dll" id="d6094ca1-b65b-5133-f464-9f7d01f0d023">
      <Execution id="80159ff5-2b9b-4217-bf55-41388563ce98" />
      <TestMethod codeBase="D:\a\MyModule20220112\MyModule20220112\UnitTests\bin\UnitTests.dll" adapterTypeName="executor://xunit/VsTestRunner2/net" className="UnitTests.Controllers.ItemControllerTests" name="DeleteItem_Deletes" />
    </UnitTest>
    <UnitTest name="UnitTests.Data.Repositories.GenericRepositoryTests.GenericRepositoryUpdates" storage="d:\a\mymodule20220112\mymodule20220112\unittests\bin\unittests.dll" id="70ede014-c412-e387-bb98-e95b3b42090d">
      <Execution id="ecf9cd23-6df5-4586-a045-678069aae37d" />
      <TestMethod codeBase="D:\a\MyModule20220112\MyModule20220112\UnitTests\bin\UnitTests.dll" adapterTypeName="executor://xunit/VsTestRunner2/net" className="UnitTests.Data.Repositories.GenericRepositoryTests" name="GenericRepositoryUpdates" />
    </UnitTest>
    <UnitTest name="UnitTests.Services.ItemServiceTests.UpdateItem_Updates" storage="d:\a\mymodule20220112\mymodule20220112\unittests\bin\unittests.dll" id="130d9133-361f-a0da-f15e-423eb98947ac">
      <Execution id="d2c1c5dd-90d3-4aab-8b3f-d288c7d5722a" />
      <TestMethod codeBase="D:\a\MyModule20220112\MyModule20220112\UnitTests\bin\UnitTests.dll" adapterTypeName="executor://xunit/VsTestRunner2/net" className="UnitTests.Services.ItemServiceTests" name="UpdateItem_Updates" />
    </UnitTest>
    <UnitTest name="UnitTests.Data.Repositories.GenericRepositoryTests.Repository_Update_DefaultAudit" storage="d:\a\mymodule20220112\mymodule20220112\unittests\bin\unittests.dll" id="44b00d3a-bad7-aefd-141c-4a35b11463b2">
      <Execution id="6859bbd9-a6f2-44cc-b990-420186ee9d5e" />
      <TestMethod codeBase="D:\a\MyModule20220112\MyModule20220112\UnitTests\bin\UnitTests.dll" adapterTypeName="executor://xunit/VsTestRunner2/net" className="UnitTests.Data.Repositories.GenericRepositoryTests" name="Repository_Update_DefaultAudit" />
    </UnitTest>
    <UnitTest name="UnitTests.Data.Repositories.GenericRepositoryTests.GenericRepositoryGetsAll(iterations: 2)" storage="d:\a\mymodule20220112\mymodule20220112\unittests\bin\unittests.dll" id="ffe5c770-9b99-42c0-ce21-7e50cccf4385">
      <Execution id="5c029fb1-1951-42c1-ae61-7409be8c3c02" />
      <TestMethod codeBase="D:\a\MyModule20220112\MyModule20220112\UnitTests\bin\UnitTests.dll" adapterTypeName="executor://xunit/VsTestRunner2/net" className="UnitTests.Data.Repositories.GenericRepositoryTests" name="GenericRepositoryGetsAll" />
    </UnitTest>
    <UnitTest name="UnitTests.Data.Repositories.GenericRepositoryTests.GenericRepositoryGetsAll(iterations: 0)" storage="d:\a\mymodule20220112\mymodule20220112\unittests\bin\unittests.dll" id="4fe0dd0f-2fa0-9c42-e816-a6df28150b72">
      <Execution id="aa22efc2-a842-41e6-ab34-1877f92a9453" />
      <TestMethod codeBase="D:\a\MyModule20220112\MyModule20220112\UnitTests\bin\UnitTests.dll" adapterTypeName="executor://xunit/VsTestRunner2/net" className="UnitTests.Data.Repositories.GenericRepositoryTests" name="GenericRepositoryGetsAll" />
    </UnitTest>
    <UnitTest name="UnitTests.EntensionMethodTests.IQueryable_IsOrdered_Works(ordered: False, descending: False, lastOrder: True)" storage="d:\a\mymodule20220112\mymodule20220112\unittests\bin\unittests.dll" id="0dc5a512-bfd0-bc80-f676-16e6d961ec4d">
      <Execution id="5bd70622-ee43-4577-a857-8e8d0db53831" />
      <TestMethod codeBase="D:\a\MyModule20220112\MyModule20220112\UnitTests\bin\UnitTests.dll" adapterTypeName="executor://xunit/VsTestRunner2/net" className="UnitTests.EntensionMethodTests" name="IQueryable_IsOrdered_Works" />
    </UnitTest>
    <UnitTest name="UnitTests.EntensionMethodTests.IQueryable_GetPage_PagesProperly(count: 0, page: 0, pageSize: 0, expedtedPages: 0, expectedItems: 0, firstId: null, descending: False)" storage="d:\a\mymodule20220112\mymodule20220112\unittests\bin\unittests.dll" id="8bbc68bc-7714-d990-1480-dfaedaafbd62">
      <Execution id="a012d24d-b3c7-4d57-8c56-275576d575df" />
      <TestMethod codeBase="D:\a\MyModule20220112\MyModule20220112\UnitTests\bin\UnitTests.dll" adapterTypeName="executor://xunit/VsTestRunner2/net" className="UnitTests.EntensionMethodTests" name="IQueryable_GetPage_PagesProperly" />
    </UnitTest>
    <UnitTest name="UnitTests.Services.ItemServiceTests.CreateItem_NoItemThrows" storage="d:\a\mymodule20220112\mymodule20220112\unittests\bin\unittests.dll" id="f5652070-1b22-f5a7-3f3f-68b37c9184a8">
      <Execution id="e976d2db-ca04-4e57-bc24-eb3cf9e36792" />
      <TestMethod codeBase="D:\a\MyModule20220112\MyModule20220112\UnitTests\bin\UnitTests.dll" adapterTypeName="executor://xunit/VsTestRunner2/net" className="UnitTests.Services.ItemServiceTests" name="CreateItem_NoItemThrows" />
    </UnitTest>
    <UnitTest name="UnitTests.Data.Entities.ItemTests.ItemPropertiesPersist(id: 1, name: &quot;Name1&quot;, description: &quot;Description1&quot;)" storage="d:\a\mymodule20220112\mymodule20220112\unittests\bin\unittests.dll" id="392ed628-2028-c945-b97e-893658a1e82b">
      <Execution id="d232a28f-b9c8-4303-bfdd-828524812781" />
      <TestMethod codeBase="D:\a\MyModule20220112\MyModule20220112\UnitTests\bin\UnitTests.dll" adapterTypeName="executor://xunit/VsTestRunner2/net" className="UnitTests.Data.Entities.ItemTests" name="ItemPropertiesPersist" />
    </UnitTest>
    <UnitTest name="UnitTests.EntensionMethodTests.IQueryable_IsOrdered_Works(ordered: True, descending: False, lastOrder: False)" storage="d:\a\mymodule20220112\mymodule20220112\unittests\bin\unittests.dll" id="b72028ed-e29e-ac6a-9e2e-bf700facee4e">
      <Execution id="37daa623-8280-419f-b038-75a341bb888d" />
      <TestMethod codeBase="D:\a\MyModule20220112\MyModule20220112\UnitTests\bin\UnitTests.dll" adapterTypeName="executor://xunit/VsTestRunner2/net" className="UnitTests.EntensionMethodTests" name="IQueryable_IsOrdered_Works" />
    </UnitTest>
  </TestDefinitions>
  <TestEntries>
    <TestEntry testId="320e3c11-11d1-b3ef-0d2e-5e474f674ff1" executionId="013326c3-3ec6-4933-9f2f-36e1a804ccdb" testListId="8c84fa94-04c1-424b-9868-57a2d4851a1d" />
    <TestEntry testId="a21637b0-54f8-4fa0-bc3b-95481a9fd90b" executionId="1c427fba-05c6-4ca0-a700-231a71b322a8" testListId="8c84fa94-04c1-424b-9868-57a2d4851a1d" />
    <TestEntry testId="f46af852-6230-3d31-e31c-2959bffd491f" executionId="089af639-04b0-44ea-8f63-7b8f66674f06" testListId="8c84fa94-04c1-424b-9868-57a2d4851a1d" />
    <TestEntry testId="96a18501-dea4-70b1-d572-baa1bb120da2" executionId="1279701e-ec53-4fd5-9816-967d658383a3" testListId="8c84fa94-04c1-424b-9868-57a2d4851a1d" />
    <TestEntry testId="1a74e347-4470-5271-97ab-1ebaf8693270" executionId="8262b51f-3d8b-452d-84ec-236f9d282de3" testListId="8c84fa94-04c1-424b-9868-57a2d4851a1d" />
    <TestEntry testId="6f0b47a1-9d18-a5d8-8dd1-c8f266712c15" executionId="8f367b4c-8ed5-42fe-bc3c-086cc5147b10" testListId="8c84fa94-04c1-424b-9868-57a2d4851a1d" />
    <TestEntry testId="a9198ad3-782e-a37c-0b5f-1330f5318f55" executionId="025721b8-14d1-4ae2-a5da-9e877c6f8a03" testListId="8c84fa94-04c1-424b-9868-57a2d4851a1d" />
    <TestEntry testId="9168bdef-a759-f4d6-b890-b643e17324cf" executionId="28bdfe0d-afba-4141-98e8-d17384a070c7" testListId="8c84fa94-04c1-424b-9868-57a2d4851a1d" />
    <TestEntry testId="130d9133-361f-a0da-f15e-423eb98947ac" executionId="d2c1c5dd-90d3-4aab-8b3f-d288c7d5722a" testListId="8c84fa94-04c1-424b-9868-57a2d4851a1d" />
    <TestEntry testId="2d3a68b5-bf4c-0513-b733-5ed612794244" executionId="c7e7d47a-5295-4b15-96c3-f9c3bdd83d49" testListId="8c84fa94-04c1-424b-9868-57a2d4851a1d" />
    <TestEntry testId="4bb697d7-9cb3-28c5-7c49-3e60c8ee823d" executionId="502b24d3-4fa0-4165-82be-7aa7878d9ab5" testListId="8c84fa94-04c1-424b-9868-57a2d4851a1d" />
    <TestEntry testId="3cbfa5d3-e0f6-eff8-ed5c-556fa1f3e131" executionId="af9bd53f-93a9-465d-9ae0-caa04dd77f6d" testListId="8c84fa94-04c1-424b-9868-57a2d4851a1d" />
    <TestEntry testId="19b6234c-c2df-2304-54f9-54b0da4cd6ba" executionId="ca0bd089-b90e-4e0b-8091-d119a1f85435" testListId="8c84fa94-04c1-424b-9868-57a2d4851a1d" />
    <TestEntry testId="bae3532a-4a9e-c4ab-fc66-4dfa22d16170" executionId="200ab3b3-6abb-4a56-a96d-f994ec4c7475" testListId="8c84fa94-04c1-424b-9868-57a2d4851a1d" />
    <TestEntry testId="1b051fa0-d4cc-1b32-80bb-d56b714e3066" executionId="a6c32d49-555c-4421-ab0e-03316d993a76" testListId="8c84fa94-04c1-424b-9868-57a2d4851a1d" />
    <TestEntry testId="b80893de-3e2d-6029-ec19-65c03fd119c3" executionId="bb22f812-bbe6-44bc-ad0c-a8ee53bbdbb5" testListId="8c84fa94-04c1-424b-9868-57a2d4851a1d" />
    <TestEntry testId="ac2a99ba-3563-74a9-7d4c-8e91a58cd097" executionId="2c6f624c-8432-423b-82c9-3be599e1a146" testListId="8c84fa94-04c1-424b-9868-57a2d4851a1d" />
    <TestEntry testId="7e661283-b2b2-d632-266b-6af1f3374c08" executionId="74c28066-6482-4232-90fc-68e4127bbbb1" testListId="8c84fa94-04c1-424b-9868-57a2d4851a1d" />
    <TestEntry testId="572fc310-4b67-9555-f147-153d39f2eb82" executionId="77fd704d-b86a-43a5-84f7-df687890541c" testListId="8c84fa94-04c1-424b-9868-57a2d4851a1d" />
    <TestEntry testId="588a2c1b-7788-beb2-ade0-06788d455d25" executionId="ceeea9bd-a100-4962-8c03-6992869b6ac5" testListId="8c84fa94-04c1-424b-9868-57a2d4851a1d" />
    <TestEntry testId="d6094ca1-b65b-5133-f464-9f7d01f0d023" executionId="80159ff5-2b9b-4217-bf55-41388563ce98" testListId="8c84fa94-04c1-424b-9868-57a2d4851a1d" />
    <TestEntry testId="19223079-ea41-5691-855c-970af1a1e611" executionId="ca888c31-e9a5-4db3-a7c0-b3dd4c133d92" testListId="8c84fa94-04c1-424b-9868-57a2d4851a1d" />
    <TestEntry testId="3140ebc5-2430-06b3-4257-a6794b9b09ac" executionId="43fcf98e-f497-4a6e-afc6-2225f01e40d7" testListId="8c84fa94-04c1-424b-9868-57a2d4851a1d" />
    <TestEntry testId="a21637b0-54f8-4fa0-bc3b-95481a9fd90b" executionId="fd6cf62f-b3be-42e4-b3d2-895f2a344221" testListId="8c84fa94-04c1-424b-9868-57a2d4851a1d" />
    <TestEntry testId="113f48ce-a6a3-c5df-7589-ba5a5fcb9c59" executionId="515235df-634b-4804-a883-1a7c3e5ad3d9" testListId="8c84fa94-04c1-424b-9868-57a2d4851a1d" />
    <TestEntry testId="e55f1742-c16d-5086-2251-ad3372dd48f5" executionId="322eb6b4-ad34-47bd-9617-3027547e830f" testListId="8c84fa94-04c1-424b-9868-57a2d4851a1d" />
    <TestEntry testId="61a8ccc9-c5b1-047b-3c97-f777ccc7d30b" executionId="cfc58003-9d53-4d68-823e-17f4044f7227" testListId="8c84fa94-04c1-424b-9868-57a2d4851a1d" />
    <TestEntry testId="a21637b0-54f8-4fa0-bc3b-95481a9fd90b" executionId="e1092925-1030-471c-ae3b-2084c589f0a4" testListId="8c84fa94-04c1-424b-9868-57a2d4851a1d" />
    <TestEntry testId="4fe0dd0f-2fa0-9c42-e816-a6df28150b72" executionId="aa22efc2-a842-41e6-ab34-1877f92a9453" testListId="8c84fa94-04c1-424b-9868-57a2d4851a1d" />
    <TestEntry testId="315adde5-f36d-a74f-aa46-fb22a0f78cd9" executionId="af253bbe-f6ed-4aa5-9c5f-0b947a6643e1" testListId="8c84fa94-04c1-424b-9868-57a2d4851a1d" />
    <TestEntry testId="2aef35a8-73ad-0c03-c8a4-2b5a1d37af8f" executionId="6b6624f1-0477-4788-bae3-f24d04b6831f" testListId="8c84fa94-04c1-424b-9868-57a2d4851a1d" />
    <TestEntry testId="24cfa8b0-48c3-8aab-e4c2-88694c220e2c" executionId="48711d7f-0c69-4ae8-b531-c3a48b7d59eb" testListId="8c84fa94-04c1-424b-9868-57a2d4851a1d" />
    <TestEntry testId="986d7e6e-d04d-b204-b01c-fbb8f09c7774" executionId="f3e8e4e5-79c3-477b-a290-139f1b71552f" testListId="8c84fa94-04c1-424b-9868-57a2d4851a1d" />
    <TestEntry testId="92b7b9f6-1294-7ea1-ffa3-91fba85074d4" executionId="97451484-2544-4a74-a513-3aa809a9cb14" testListId="8c84fa94-04c1-424b-9868-57a2d4851a1d" />
    <TestEntry testId="8ba31d1b-48e3-e04e-cff0-b927c63b4a19" executionId="ac8ff297-fb08-46f8-946d-41961b9fd108" testListId="8c84fa94-04c1-424b-9868-57a2d4851a1d" />
    <TestEntry testId="0864c31d-6119-84d6-7f52-9d349dabbe84" executionId="8e2a4c8d-ba2c-4a42-b5d3-9d18fe43f215" testListId="8c84fa94-04c1-424b-9868-57a2d4851a1d" />
    <TestEntry testId="392ed628-2028-c945-b97e-893658a1e82b" executionId="d232a28f-b9c8-4303-bfdd-828524812781" testListId="8c84fa94-04c1-424b-9868-57a2d4851a1d" />
    <TestEntry testId="ffe5c770-9b99-42c0-ce21-7e50cccf4385" executionId="5c029fb1-1951-42c1-ae61-7409be8c3c02" testListId="8c84fa94-04c1-424b-9868-57a2d4851a1d" />
    <TestEntry testId="9207202d-19b8-8eb5-74dc-6aa5d849467c" executionId="32f0e276-4b2d-41c1-a6f8-3347020d08d2" testListId="8c84fa94-04c1-424b-9868-57a2d4851a1d" />
    <TestEntry testId="0ebf358f-9eac-9438-b418-9c6aa81a6377" executionId="e1e64f81-a829-4bd7-a270-d2967436fcf7" testListId="8c84fa94-04c1-424b-9868-57a2d4851a1d" />
    <TestEntry testId="d1c63cb7-1f9a-a8bf-a217-a4cbb4e5f73b" executionId="87f46dd3-cde1-4960-8315-33a4ae279c4f" testListId="8c84fa94-04c1-424b-9868-57a2d4851a1d" />
    <TestEntry testId="a21637b0-54f8-4fa0-bc3b-95481a9fd90b" executionId="a20b9dd0-6d53-4fb2-82a0-1ff0b1bc6b5f" testListId="8c84fa94-04c1-424b-9868-57a2d4851a1d" />
    <TestEntry testId="aec60494-3c2e-8ec9-f948-da5bb2043983" executionId="3fe1b2e9-0fde-40f9-88d9-a1e84605aeca" testListId="8c84fa94-04c1-424b-9868-57a2d4851a1d" />
    <TestEntry testId="ae39aa62-5ff2-56e7-d00e-ef116d711d51" executionId="a035e022-b4b2-4f06-902c-e782dfb013ec" testListId="8c84fa94-04c1-424b-9868-57a2d4851a1d" />
    <TestEntry testId="a21637b0-54f8-4fa0-bc3b-95481a9fd90b" executionId="16d0cb7a-e454-49bb-b420-8227cbce1117" testListId="8c84fa94-04c1-424b-9868-57a2d4851a1d" />
    <TestEntry testId="0f141a30-05bd-f4ed-a627-d40adca6b3ca" executionId="b0aea3d2-0727-4192-aac7-7a62af7c50d9" testListId="8c84fa94-04c1-424b-9868-57a2d4851a1d" />
    <TestEntry testId="95a0a379-a9bd-3d99-f720-e626260de7f6" executionId="6fcdeed2-a6d6-4ee3-b95e-2480ae8c5139" testListId="8c84fa94-04c1-424b-9868-57a2d4851a1d" />
    <TestEntry testId="1c164fbc-1ab1-9884-ccb8-9e84f4c977d0" executionId="6f7b22aa-6dba-4068-b37b-522880219e03" testListId="8c84fa94-04c1-424b-9868-57a2d4851a1d" />
    <TestEntry testId="d15ea2a7-9f9f-b92b-50fa-470898da705d" executionId="ab364672-a90e-4eea-9f08-167841d276bd" testListId="8c84fa94-04c1-424b-9868-57a2d4851a1d" />
    <TestEntry testId="f754f777-4449-23e8-f4ec-917f49117de2" executionId="dd681efc-3235-4a47-9ac3-93c6f73b08de" testListId="8c84fa94-04c1-424b-9868-57a2d4851a1d" />
    <TestEntry testId="70ede014-c412-e387-bb98-e95b3b42090d" executionId="ecf9cd23-6df5-4586-a045-678069aae37d" testListId="8c84fa94-04c1-424b-9868-57a2d4851a1d" />
    <TestEntry testId="44b00d3a-bad7-aefd-141c-4a35b11463b2" executionId="6859bbd9-a6f2-44cc-b990-420186ee9d5e" testListId="8c84fa94-04c1-424b-9868-57a2d4851a1d" />
    <TestEntry testId="0247c7e7-7d1c-099b-2ac8-81a47ff2509a" executionId="0b2cb8cc-02a0-4452-898a-ff0c79f0e771" testListId="8c84fa94-04c1-424b-9868-57a2d4851a1d" />
    <TestEntry testId="1017c6c1-9dd0-57dc-36e7-bb573d02562e" executionId="50727296-ec59-4dbc-8bae-9093a039a473" testListId="8c84fa94-04c1-424b-9868-57a2d4851a1d" />
    <TestEntry testId="ac1c50bc-98fd-036f-fe0f-d46cb187f90e" executionId="fe50e4e8-e769-44a1-b4c6-0045a003664b" testListId="8c84fa94-04c1-424b-9868-57a2d4851a1d" />
    <TestEntry testId="a21637b0-54f8-4fa0-bc3b-95481a9fd90b" executionId="9b516bc1-8038-438d-983c-57910cd65f38" testListId="8c84fa94-04c1-424b-9868-57a2d4851a1d" />
    <TestEntry testId="b72028ed-e29e-ac6a-9e2e-bf700facee4e" executionId="37daa623-8280-419f-b038-75a341bb888d" testListId="8c84fa94-04c1-424b-9868-57a2d4851a1d" />
    <TestEntry testId="ad3412e8-5f64-2020-a5b6-bd4cca8c3b7d" executionId="0c9b6fe6-12cb-437c-a6de-6f774b222b18" testListId="8c84fa94-04c1-424b-9868-57a2d4851a1d" />
    <TestEntry testId="d16880d7-fb44-f209-43d9-ba2e0e1875de" executionId="e27cbb42-6b28-446b-abe0-35d636a4a0c5" testListId="8c84fa94-04c1-424b-9868-57a2d4851a1d" />
    <TestEntry testId="e4f8faa7-d0ad-86e6-1579-7bd52372b4c3" executionId="959d383c-0cb8-4d6e-aac7-dc7dd22c74f8" testListId="8c84fa94-04c1-424b-9868-57a2d4851a1d" />
    <TestEntry testId="0bc54975-0bff-692e-a9b3-fc69f2c95a39" executionId="bf3eba5f-20c4-45b3-a080-70124e620aaf" testListId="8c84fa94-04c1-424b-9868-57a2d4851a1d" />
    <TestEntry testId="d5b75914-a4f0-1327-0212-c8781f6dfe81" executionId="b1fffeb4-7faa-4893-9d45-31741c94d7e2" testListId="8c84fa94-04c1-424b-9868-57a2d4851a1d" />
    <TestEntry testId="478b61ee-7d85-9dbe-985d-08c590f8666a" executionId="b05018c8-633f-4169-ad9d-99e5f62c3bd6" testListId="8c84fa94-04c1-424b-9868-57a2d4851a1d" />
    <TestEntry testId="f5652070-1b22-f5a7-3f3f-68b37c9184a8" executionId="e976d2db-ca04-4e57-bc24-eb3cf9e36792" testListId="8c84fa94-04c1-424b-9868-57a2d4851a1d" />
    <TestEntry testId="36689490-09d4-917f-648a-70dcfcfede10" executionId="62d232ae-6a4c-43ca-8eb3-5e192e94d503" testListId="8c84fa94-04c1-424b-9868-57a2d4851a1d" />
    <TestEntry testId="8bbc68bc-7714-d990-1480-dfaedaafbd62" executionId="a012d24d-b3c7-4d57-8c56-275576d575df" testListId="8c84fa94-04c1-424b-9868-57a2d4851a1d" />
    <TestEntry testId="e1c7f76f-6195-c844-23c0-304b47fbae66" executionId="d1530948-d24e-4093-9cd8-d41e8cb5984d" testListId="8c84fa94-04c1-424b-9868-57a2d4851a1d" />
    <TestEntry testId="73fc5149-51d6-8241-9c9f-f48c28e448e3" executionId="e2403f5c-0a49-43d1-9d74-ed363bf541ad" testListId="8c84fa94-04c1-424b-9868-57a2d4851a1d" />
    <TestEntry testId="0dc5a512-bfd0-bc80-f676-16e6d961ec4d" executionId="5bd70622-ee43-4577-a857-8e8d0db53831" testListId="8c84fa94-04c1-424b-9868-57a2d4851a1d" />
    <TestEntry testId="b76e01b1-6afe-f33b-c6a9-ea3347176509" executionId="142f7b2f-8ee9-4270-95de-739d30787389" testListId="8c84fa94-04c1-424b-9868-57a2d4851a1d" />
    <TestEntry testId="263c08b1-704a-f3c2-309e-6dee831dbdc9" executionId="031cec54-dad0-47f5-a6b6-ef98d5ea49fd" testListId="8c84fa94-04c1-424b-9868-57a2d4851a1d" />
    <TestEntry testId="168fc980-36e3-101b-62b1-f5ab71e9fc0d" executionId="75e50eba-5f64-4322-a713-18dea894b4bf" testListId="8c84fa94-04c1-424b-9868-57a2d4851a1d" />
    <TestEntry testId="5f92ec4d-d570-0452-b891-d4cee75db9dd" executionId="0ad23f9d-2ee1-4497-b4ae-a89d33524770" testListId="8c84fa94-04c1-424b-9868-57a2d4851a1d" />
    <TestEntry testId="2695f427-ed7b-9f97-5696-f97a7702128c" executionId="af68c4ee-439f-4e00-b827-d7725859268a" testListId="8c84fa94-04c1-424b-9868-57a2d4851a1d" />
    <TestEntry testId="e6610648-e456-1c64-d2b1-7e1242b871a8" executionId="b635f3ac-41b1-43cc-a205-e3f60207570e" testListId="8c84fa94-04c1-424b-9868-57a2d4851a1d" />
    <TestEntry testId="e6e0a140-85e7-6935-6160-ab95ecfd3c8a" executionId="6c081f53-b832-4241-9400-d6f30c046e4b" testListId="8c84fa94-04c1-424b-9868-57a2d4851a1d" />
  </TestEntries>
  <TestLists>
    <TestList name="Results Not in a List" id="8c84fa94-04c1-424b-9868-57a2d4851a1d" />
    <TestList name="All Loaded Results" id="19431567-8539-422a-85d7-44ee4e166bda" />
  </TestLists>
  <ResultSummary outcome="Completed">
    <Counters total="76" executed="76" passed="76" failed="0" error="0" timeout="0" aborted="0" inconclusive="0" passedButRunAborted="0" notRunnable="0" notExecuted="0" disconnected="0" warning="0" completed="0" inProgress="0" pending="0" />
    <Output>
      <StdOut>[xUnit.net 00:00:00.00] xUnit.net VSTest Adapter v2.4.3+1b45f5407b (32-bit Desktop .NET 4.0.30319.42000)&#xD;
[xUnit.net 00:00:00.92]   Discovering: UnitTests&#xD;
[xUnit.net 00:00:01.16]   Discovered:  UnitTests&#xD;
[xUnit.net 00:00:01.16]   Starting:    UnitTests&#xD;
[xUnit.net 00:00:05.74]   Finished:    UnitTests&#xD;
</StdOut>
    </Output>
  </ResultSummary>
</TestRun>