<?xml version="1.0" encoding="utf-8"?>
<TestRun id="2e709a05-67a4-4f87-a9c5-7dfd036f9313" name="runneradmin@fv-az177-480 2022-01-12 20:56:25" runUser="fv-az177-480\runneradmin" xmlns="http://microsoft.com/schemas/VisualStudio/TeamTest/2010">
  <Times creation="2022-01-12T20:56:26.0064329+00:00" queuing="2022-01-12T20:56:26.0064340+00:00" start="2022-01-12T20:55:44.3346215+00:00" finish="2022-01-12T20:56:33.9669576+00:00" />
  <TestSettings name="default" id="f043ccd1-69c0-46c1-a767-41d06a8d5a5f">
    <Deployment runDeploymentRoot="runneradmin_fv-az177-480_2022-01-12_20_56_25" />
  </TestSettings>
  <Results>
    <UnitTestResult executionId="4061fe72-59f2-4fdf-986c-d6c7ec2fef77" testId="945f4fce-c15e-e09c-9dbf-5879cde58a78" testName="IntegrationTests.Controllers.ItemControllerTests.GetItemsPage_Page0_DefaultsToPage1" computerName="fv-az177-480" duration="00:00:00.0120000" startTime="2022-01-12T20:56:33.5867241+00:00" endTime="2022-01-12T20:56:33.5867241+00:00" testType="13cdc9d9-ddb5-4fa4-a97d-d965ccfc6d4b" outcome="Passed" testListId="8c84fa94-04c1-424b-9868-57a2d4851a1d" relativeResultsDirectory="4061fe72-59f2-4fdf-986c-d6c7ec2fef77" />
    <UnitTestResult executionId="be1b30ba-211c-4e04-a182-a4dc901ce781" testId="69a7a014-6241-5f0a-e55d-960890e56595" testName="IntegrationTests.Controllers.ServiceRouteMapperTests.RegisterRoutes_RegistersAtLestOneRoute" computerName="fv-az177-480" duration="00:00:04.4850000" startTime="2022-01-12T20:56:25.3155455+00:00" endTime="2022-01-12T20:56:25.3155455+00:00" testType="13cdc9d9-ddb5-4fa4-a97d-d965ccfc6d4b" outcome="Passed" testListId="8c84fa94-04c1-424b-9868-57a2d4851a1d" relativeResultsDirectory="be1b30ba-211c-4e04-a182-a4dc901ce781" />
    <UnitTestResult executionId="af5d01da-4e4c-4e25-9c78-1d00561480f1" testId="31a1a77c-5b35-2c19-9bdc-0ee23e06e8f3" testName="IntegrationTests.Controllers.ItemControllerTests.GetItemsPage_GetsProperPages(amount: 10, expectedPages: 1)" computerName="fv-az177-480" duration="00:00:00.0130000" startTime="2022-01-12T20:56:33.4470286+00:00" endTime="2022-01-12T20:56:33.4470286+00:00" testType="13cdc9d9-ddb5-4fa4-a97d-d965ccfc6d4b" outcome="Passed" testListId="8c84fa94-04c1-424b-9868-57a2d4851a1d" relativeResultsDirectory="af5d01da-4e4c-4e25-9c78-1d00561480f1" />
    <UnitTestResult executionId="01138de8-55e0-4510-9d01-757ad3f02ab0" testId="2f8521ee-e0ca-eac4-b453-aa86236fc9b9" testName="IntegrationTests.Controllers.ItemControllerTests.GetItemsPage_SortsDescending" computerName="fv-az177-480" duration="00:00:00.0160000" startTime="2022-01-12T20:56:33.6777216+00:00" endTime="2022-01-12T20:56:33.6777216+00:00" testType="13cdc9d9-ddb5-4fa4-a97d-d965ccfc6d4b" outcome="Passed" testListId="8c84fa94-04c1-424b-9868-57a2d4851a1d" relativeResultsDirectory="01138de8-55e0-4510-9d01-757ad3f02ab0" />
    <UnitTestResult executionId="1ae2cc5f-f834-435b-909d-817522373843" testId="3b96b54e-967c-6e8f-1ced-4ff4d8370be3" testName="IntegrationTests.Controllers.ItemControllerTests.GetItemsPage_Query_Filters(query: &quot;&quot;, expectedResults: 100)" computerName="fv-az177-480" duration="00:00:00.0500000" startTime="2022-01-12T20:56:32.9730247+00:00" endTime="2022-01-12T20:56:32.9730247+00:00" testType="13cdc9d9-ddb5-4fa4-a97d-d965ccfc6d4b" outcome="Passed" testListId="8c84fa94-04c1-424b-9868-57a2d4851a1d" relativeResultsDirectory="1ae2cc5f-f834-435b-909d-817522373843" />
    <UnitTestResult executionId="cbada5ad-88de-43da-9227-5d76077c7e50" testId="9609bc3b-2435-1be2-e2f3-2c6b217c770c" testName="IntegrationTests.Controllers.ItemControllerTests.GetItemsPage_Query_Filters(query: &quot;Missing&quot;, expectedResults: 0)" computerName="fv-az177-480" duration="00:00:00.0680000" startTime="2022-01-12T20:56:33.2080271+00:00" endTime="2022-01-12T20:56:33.2080271+00:00" testType="13cdc9d9-ddb5-4fa4-a97d-d965ccfc6d4b" outcome="Passed" testListId="8c84fa94-04c1-424b-9868-57a2d4851a1d" relativeResultsDirectory="cbada5ad-88de-43da-9227-5d76077c7e50" />
    <UnitTestResult executionId="249038dd-5aac-477a-8401-f689d35eb72a" testId="4fd078d7-61ec-6e3f-be79-cf322012a0cd" testName="IntegrationTests.Controllers.ItemControllerTests.GetItemsPage_SortsAscending" computerName="fv-az177-480" duration="00:00:12.2700000" startTime="2022-01-12T20:56:32.9250236+00:00" endTime="2022-01-12T20:56:32.9250236+00:00" testType="13cdc9d9-ddb5-4fa4-a97d-d965ccfc6d4b" outcome="Passed" testListId="8c84fa94-04c1-424b-9868-57a2d4851a1d" relativeResultsDirectory="249038dd-5aac-477a-8401-f689d35eb72a" />
    <UnitTestResult executionId="43419683-b9ec-4cc0-9dca-006743a06f47" testId="b2691cfb-5962-80d6-34ac-12efb31ff88e" testName="IntegrationTests.Controllers.ItemControllerTests.DeleteItem_Deletes" computerName="fv-az177-480" duration="00:00:00.0720000" startTime="2022-01-12T20:56:33.6497215+00:00" endTime="2022-01-12T20:56:33.6497215+00:00" testType="13cdc9d9-ddb5-4fa4-a97d-d965ccfc6d4b" outcome="Passed" testListId="8c84fa94-04c1-424b-9868-57a2d4851a1d" relativeResultsDirectory="43419683-b9ec-4cc0-9dca-006743a06f47" />
    <UnitTestResult executionId="9aa31967-71fe-4481-a1c8-b67d2030227f" testId="eb8cb345-7707-0e07-1566-f6a04ceb2670" testName="IntegrationTests.Controllers.ItemControllerTests.CanEdit_Defaults_To_False" computerName="fv-az177-480" duration="00:00:00.0050000" startTime="2022-01-12T20:56:33.3810386+00:00" endTime="2022-01-12T20:56:33.3810386+00:00" testType="13cdc9d9-ddb5-4fa4-a97d-d965ccfc6d4b" outcome="Passed" testListId="8c84fa94-04c1-424b-9868-57a2d4851a1d" relativeResultsDirectory="9aa31967-71fe-4481-a1c8-b67d2030227f" />
    <UnitTestResult executionId="f6b61551-0cfc-4b8f-9d2c-4f1c743ede12" testId="b5a2bbb3-e25b-0d71-cef7-0187c592a682" testName="IntegrationTests.Controllers.ItemControllerTests.GetItemsPage_Query_Filters(query: &quot;Name 100&quot;, expectedResults: 1)" computerName="fv-az177-480" duration="00:00:00.0330000" startTime="2022-01-12T20:56:33.2410258+00:00" endTime="2022-01-12T20:56:33.2410258+00:00" testType="13cdc9d9-ddb5-4fa4-a97d-d965ccfc6d4b" outcome="Passed" testListId="8c84fa94-04c1-424b-9868-57a2d4851a1d" relativeResultsDirectory="f6b61551-0cfc-4b8f-9d2c-4f1c743ede12" />
    <UnitTestResult executionId="75cb06b7-e4af-4ee3-a198-4ef02cde56cd" testId="64ce4809-e3f8-8d8e-c808-2938f18aa4d4" testName="IntegrationTests.Controllers.ItemControllerTests.GetItemsPage_Query_Filters(query: &quot;Name 2&quot;, expectedResults: 11)" computerName="fv-az177-480" duration="00:00:00.0400000" startTime="2022-01-12T20:56:33.2820280+00:00" endTime="2022-01-12T20:56:33.2820280+00:00" testType="13cdc9d9-ddb5-4fa4-a97d-d965ccfc6d4b" outcome="Passed" testListId="8c84fa94-04c1-424b-9868-57a2d4851a1d" relativeResultsDirectory="75cb06b7-e4af-4ee3-a198-4ef02cde56cd" />
    <UnitTestResult executionId="86a056f2-f48a-4bbd-a4ce-97226f25ed11" testId="d18898e3-6995-0d27-8e53-1ced81186e2d" testName="IntegrationTests.Controllers.ItemControllerTests.GetItemsPage_PageSize0_DefaultsTo1" computerName="fv-az177-480" duration="00:00:00.0120000" startTime="2022-01-12T20:56:33.6617194+00:00" endTime="2022-01-12T20:56:33.6617194+00:00" testType="13cdc9d9-ddb5-4fa4-a97d-d965ccfc6d4b" outcome="Passed" testListId="8c84fa94-04c1-424b-9868-57a2d4851a1d" relativeResultsDirectory="86a056f2-f48a-4bbd-a4ce-97226f25ed11" />
    <UnitTestResult executionId="8d661592-e9b7-49ec-ae9e-ad9cec059d21" testId="43169439-e722-3696-654b-e380ed8f351d" testName="IntegrationTests.Controllers.ItemControllerTests.EditItem_Saves" computerName="fv-az177-480" duration="00:00:00.0710000" startTime="2022-01-12T20:56:33.5657237+00:00" endTime="2022-01-12T20:56:33.5657237+00:00" testType="13cdc9d9-ddb5-4fa4-a97d-d965ccfc6d4b" outcome="Passed" testListId="8c84fa94-04c1-424b-9868-57a2d4851a1d" relativeResultsDirectory="8d661592-e9b7-49ec-ae9e-ad9cec059d21" />
    <UnitTestResult executionId="5e07253a-4582-45ce-a8d4-8ad7e58411b8" testId="35a21cfd-ad2b-b819-14e0-5151fe414a07" testName="IntegrationTests.Controllers.ItemControllerTests.GetItemsPage_GetsProperPages(amount: 101, expectedPages: 11)" computerName="fv-az177-480" duration="00:00:00.0280000" startTime="2022-01-12T20:56:33.4937192+00:00" endTime="2022-01-12T20:56:33.4937192+00:00" testType="13cdc9d9-ddb5-4fa4-a97d-d965ccfc6d4b" outcome="Passed" testListId="8c84fa94-04c1-424b-9868-57a2d4851a1d" relativeResultsDirectory="5e07253a-4582-45ce-a8d4-8ad7e58411b8" />
    <UnitTestResult executionId="098c1081-88c6-4461-9731-6c8b6902fa9e" testId="75b07048-5201-d631-649a-c012e65b7444" testName="IntegrationTests.Controllers.ItemControllerTests.GetItemsPage_Query_Filters(query: &quot;Name 10&quot;, expectedResults: 2)" computerName="fv-az177-480" duration="00:00:00.0410000" startTime="2022-01-12T20:56:33.3230283+00:00" endTime="2022-01-12T20:56:33.3230283+00:00" testType="13cdc9d9-ddb5-4fa4-a97d-d965ccfc6d4b" outcome="Passed" testListId="8c84fa94-04c1-424b-9868-57a2d4851a1d" relativeResultsDirectory="098c1081-88c6-4461-9731-6c8b6902fa9e" />
    <UnitTestResult executionId="94244ca0-d116-4b66-b14c-4b9159e8e85a" testId="c6d15831-7dbe-24e6-d39b-4f317a873a34" testName="IntegrationTests.Controllers.ItemControllerTests.GetItemsPage_GetsProperPages(amount: 1, expectedPages: 1)" computerName="fv-az177-480" duration="00:00:00.0160000" startTime="2022-01-12T20:56:33.3980280+00:00" endTime="2022-01-12T20:56:33.3980280+00:00" testType="13cdc9d9-ddb5-4fa4-a97d-d965ccfc6d4b" outcome="Passed" testListId="8c84fa94-04c1-424b-9868-57a2d4851a1d" relativeResultsDirectory="94244ca0-d116-4b66-b14c-4b9159e8e85a" />
    <UnitTestResult executionId="34d553a3-8ed2-43c4-8ffc-af2059920f52" testId="6274cd22-d848-61dd-8233-d29a2f361a38" testName="IntegrationTests.Controllers.ItemControllerTests.GetItemsPage_Query_Filters(query: &quot;Name 1&quot;, expectedResults: 12)" computerName="fv-az177-480" duration="00:00:00.0440000" startTime="2022-01-12T20:56:33.1400233+00:00" endTime="2022-01-12T20:56:33.1400233+00:00" testType="13cdc9d9-ddb5-4fa4-a97d-d965ccfc6d4b" outcome="Passed" testListId="8c84fa94-04c1-424b-9868-57a2d4851a1d" relativeResultsDirectory="34d553a3-8ed2-43c4-8ffc-af2059920f52" />
    <UnitTestResult executionId="f354e912-870f-4821-96c3-41eee04e1213" testId="1450a0ab-3596-66d8-8d08-6506bbe1f61b" testName="IntegrationTests.Controllers.ItemControllerTests.GetItemsPage_50Items_GetsProperly" computerName="fv-az177-480" duration="00:00:00.0370000" startTime="2022-01-12T20:56:33.3770291+00:00" endTime="2022-01-12T20:56:33.3770291+00:00" testType="13cdc9d9-ddb5-4fa4-a97d-d965ccfc6d4b" outcome="Passed" testListId="8c84fa94-04c1-424b-9868-57a2d4851a1d" relativeResultsDirectory="f354e912-870f-4821-96c3-41eee04e1213" />
    <UnitTestResult executionId="34bb34f2-7447-4253-8523-0c4dbc72f3d4" testId="c6abb489-2666-fd84-85be-69873a4c76cc" testName="IntegrationTests.Controllers.ItemControllerTests.CreateItem_Creates(name: &quot;name1&quot;, description: &quot;description1&quot;)" computerName="fv-az177-480" duration="00:00:00.0070000" startTime="2022-01-12T20:56:33.3400261+00:00" endTime="2022-01-12T20:56:33.3400261+00:00" testType="13cdc9d9-ddb5-4fa4-a97d-d965ccfc6d4b" outcome="Passed" testListId="8c84fa94-04c1-424b-9868-57a2d4851a1d" relativeResultsDirectory="34bb34f2-7447-4253-8523-0c4dbc72f3d4" />
    <UnitTestResult executionId="9aab04fd-21ac-4fd7-b69e-d634495d46c3" testId="1ec97a71-0b29-f7c5-72ce-8cf48efa2e36" testName="IntegrationTests.Controllers.ItemControllerTests.CreateItem_Creates(name: &quot;name2&quot;, description: &quot;description2&quot;)" computerName="fv-az177-480" duration="00:00:00.0100000" startTime="2022-01-12T20:56:33.3330284+00:00" endTime="2022-01-12T20:56:33.3330284+00:00" testType="13cdc9d9-ddb5-4fa4-a97d-d965ccfc6d4b" outcome="Passed" testListId="8c84fa94-04c1-424b-9868-57a2d4851a1d" relativeResultsDirectory="9aab04fd-21ac-4fd7-b69e-d634495d46c3" />
    <UnitTestResult executionId="7823bcb0-3089-45d1-aeab-13e7bba2f4e8" testId="0a429b0b-08a8-36a6-5969-3c31a35cc366" testName="IntegrationTests.Controllers.ItemControllerTests.GetItemsPage_GetsProperPages(amount: 9, expectedPages: 1)" computerName="fv-az177-480" duration="00:00:00.0200000" startTime="2022-01-12T20:56:33.4670311+00:00" endTime="2022-01-12T20:56:33.4670311+00:00" testType="13cdc9d9-ddb5-4fa4-a97d-d965ccfc6d4b" outcome="Passed" testListId="8c84fa94-04c1-424b-9868-57a2d4851a1d" relativeResultsDirectory="7823bcb0-3089-45d1-aeab-13e7bba2f4e8" />
    <UnitTestResult executionId="97316635-d3cb-4a65-9c8b-170b54589b20" testId="fe1c9811-4463-ef95-5296-cdd71ab090b8" testName="IntegrationTests.Controllers.ItemControllerTests.DeleteItem_DeletesMissingItem" computerName="fv-az177-480" duration="00:00:00.0140000" startTime="2022-01-12T20:56:33.6917199+00:00" endTime="2022-01-12T20:56:33.6917199+00:00" testType="13cdc9d9-ddb5-4fa4-a97d-d965ccfc6d4b" outcome="Passed" testListId="8c84fa94-04c1-424b-9868-57a2d4851a1d" relativeResultsDirectory="97316635-d3cb-4a65-9c8b-170b54589b20" />
    <UnitTestResult executionId="71f471e9-dd87-45ec-9406-9734c50ed87c" testId="06f0962d-466b-0634-113e-f3863f9b599c" testName="IntegrationTests.Controllers.ItemControllerTests.GetItemsPage_GetsProperPages(amount: 99, expectedPages: 10)" computerName="fv-az177-480" duration="00:00:00.0360000" startTime="2022-01-12T20:56:33.4340288+00:00" endTime="2022-01-12T20:56:33.4340288+00:00" testType="13cdc9d9-ddb5-4fa4-a97d-d965ccfc6d4b" outcome="Passed" testListId="8c84fa94-04c1-424b-9868-57a2d4851a1d" relativeResultsDirectory="71f471e9-dd87-45ec-9406-9734c50ed87c" />
    <UnitTestResult executionId="7a60e2ab-baf7-4150-b1d9-16a2c525a69f" testId="74f30272-fd7f-9b4e-507d-1c94cc60bb29" testName="IntegrationTests.Controllers.ItemControllerTests.GetItemsPage_Query_Filters(query: &quot;1&quot;, expectedResults: 20)" computerName="fv-az177-480" duration="00:00:00.1230000" startTime="2022-01-12T20:56:33.0960253+00:00" endTime="2022-01-12T20:56:33.0960253+00:00" testType="13cdc9d9-ddb5-4fa4-a97d-d965ccfc6d4b" outcome="Passed" testListId="8c84fa94-04c1-424b-9868-57a2d4851a1d" relativeResultsDirectory="7a60e2ab-baf7-4150-b1d9-16a2c525a69f" />
  </Results>
  <TestDefinitions>
    <UnitTest name="IntegrationTests.Controllers.ItemControllerTests.GetItemsPage_Query_Filters(query: &quot;Name 10&quot;, expectedResults: 2)" storage="d:\a\mymodule20220112\mymodule20220112\integrationtests\bin\integrationtests.dll" id="75b07048-5201-d631-649a-c012e65b7444">
      <Execution id="098c1081-88c6-4461-9731-6c8b6902fa9e" />
      <TestMethod codeBase="D:\a\MyModule20220112\MyModule20220112\IntegrationTests\bin\IntegrationTests.dll" adapterTypeName="executor://xunit/VsTestRunner2/net" className="IntegrationTests.Controllers.ItemControllerTests" name="GetItemsPage_Query_Filters" />
    </UnitTest>
    <UnitTest name="IntegrationTests.Controllers.ItemControllerTests.GetItemsPage_Query_Filters(query: &quot;1&quot;, expectedResults: 20)" storage="d:\a\mymodule20220112\mymodule20220112\integrationtests\bin\integrationtests.dll" id="74f30272-fd7f-9b4e-507d-1c94cc60bb29">
      <Execution id="7a60e2ab-baf7-4150-b1d9-16a2c525a69f" />
      <TestMethod codeBase="D:\a\MyModule20220112\MyModule20220112\IntegrationTests\bin\IntegrationTests.dll" adapterTypeName="executor://xunit/VsTestRunner2/net" className="IntegrationTests.Controllers.ItemControllerTests" name="GetItemsPage_Query_Filters" />
    </UnitTest>
    <UnitTest name="IntegrationTests.Controllers.ItemControllerTests.GetItemsPage_GetsProperPages(amount: 99, expectedPages: 10)" storage="d:\a\mymodule20220112\mymodule20220112\integrationtests\bin\integrationtests.dll" id="06f0962d-466b-0634-113e-f3863f9b599c">
      <Execution id="71f471e9-dd87-45ec-9406-9734c50ed87c" />
      <TestMethod codeBase="D:\a\MyModule20220112\MyModule20220112\IntegrationTests\bin\IntegrationTests.dll" adapterTypeName="executor://xunit/VsTestRunner2/net" className="IntegrationTests.Controllers.ItemControllerTests" name="GetItemsPage_GetsProperPages" />
    </UnitTest>
    <UnitTest name="IntegrationTests.Controllers.ItemControllerTests.DeleteItem_DeletesMissingItem" storage="d:\a\mymodule20220112\mymodule20220112\integrationtests\bin\integrationtests.dll" id="fe1c9811-4463-ef95-5296-cdd71ab090b8">
      <Execution id="97316635-d3cb-4a65-9c8b-170b54589b20" />
      <TestMethod codeBase="D:\a\MyModule20220112\MyModule20220112\IntegrationTests\bin\IntegrationTests.dll" adapterTypeName="executor://xunit/VsTestRunner2/net" className="IntegrationTests.Controllers.ItemControllerTests" name="DeleteItem_DeletesMissingItem" />
    </UnitTest>
    <UnitTest name="IntegrationTests.Controllers.ItemControllerTests.EditItem_Saves" storage="d:\a\mymodule20220112\mymodule20220112\integrationtests\bin\integrationtests.dll" id="43169439-e722-3696-654b-e380ed8f351d">
      <Execution id="8d661592-e9b7-49ec-ae9e-ad9cec059d21" />
      <TestMethod codeBase="D:\a\MyModule20220112\MyModule20220112\IntegrationTests\bin\IntegrationTests.dll" adapterTypeName="executor://xunit/VsTestRunner2/net" className="IntegrationTests.Controllers.ItemControllerTests" name="EditItem_Saves" />
    </UnitTest>
    <UnitTest name="IntegrationTests.Controllers.ItemControllerTests.CreateItem_Creates(name: &quot;name1&quot;, description: &quot;description1&quot;)" storage="d:\a\mymodule20220112\mymodule20220112\integrationtests\bin\integrationtests.dll" id="c6abb489-2666-fd84-85be-69873a4c76cc">
      <Execution id="34bb34f2-7447-4253-8523-0c4dbc72f3d4" />
      <TestMethod codeBase="D:\a\MyModule20220112\MyModule20220112\IntegrationTests\bin\IntegrationTests.dll" adapterTypeName="executor://xunit/VsTestRunner2/net" className="IntegrationTests.Controllers.ItemControllerTests" name="CreateItem_Creates" />
    </UnitTest>
    <UnitTest name="IntegrationTests.Controllers.ItemControllerTests.GetItemsPage_Query_Filters(query: &quot;&quot;, expectedResults: 100)" storage="d:\a\mymodule20220112\mymodule20220112\integrationtests\bin\integrationtests.dll" id="3b96b54e-967c-6e8f-1ced-4ff4d8370be3">
      <Execution id="1ae2cc5f-f834-435b-909d-817522373843" />
      <TestMethod codeBase="D:\a\MyModule20220112\MyModule20220112\IntegrationTests\bin\IntegrationTests.dll" adapterTypeName="executor://xunit/VsTestRunner2/net" className="IntegrationTests.Controllers.ItemControllerTests" name="GetItemsPage_Query_Filters" />
    </UnitTest>
    <UnitTest name="IntegrationTests.Controllers.ItemControllerTests.GetItemsPage_SortsDescending" storage="d:\a\mymodule20220112\mymodule20220112\integrationtests\bin\integrationtests.dll" id="2f8521ee-e0ca-eac4-b453-aa86236fc9b9">
      <Execution id="01138de8-55e0-4510-9d01-757ad3f02ab0" />
      <TestMethod codeBase="D:\a\MyModule20220112\MyModule20220112\IntegrationTests\bin\IntegrationTests.dll" adapterTypeName="executor://xunit/VsTestRunner2/net" className="IntegrationTests.Controllers.ItemControllerTests" name="GetItemsPage_SortsDescending" />
    </UnitTest>
    <UnitTest name="IntegrationTests.Controllers.ItemControllerTests.GetItemsPage_Page0_DefaultsToPage1" storage="d:\a\mymodule20220112\mymodule20220112\integrationtests\bin\integrationtests.dll" id="945f4fce-c15e-e09c-9dbf-5879cde58a78">
      <Execution id="4061fe72-59f2-4fdf-986c-d6c7ec2fef77" />
      <TestMethod codeBase="D:\a\MyModule20220112\MyModule20220112\IntegrationTests\bin\IntegrationTests.dll" adapterTypeName="executor://xunit/VsTestRunner2/net" className="IntegrationTests.Controllers.ItemControllerTests" name="GetItemsPage_Page0_DefaultsToPage1" />
    </UnitTest>
    <UnitTest name="IntegrationTests.Controllers.ItemControllerTests.GetItemsPage_50Items_GetsProperly" storage="d:\a\mymodule20220112\mymodule20220112\integrationtests\bin\integrationtests.dll" id="1450a0ab-3596-66d8-8d08-6506bbe1f61b">
      <Execution id="f354e912-870f-4821-96c3-41eee04e1213" />
      <TestMethod codeBase="D:\a\MyModule20220112\MyModule20220112\IntegrationTests\bin\IntegrationTests.dll" adapterTypeName="executor://xunit/VsTestRunner2/net" className="IntegrationTests.Controllers.ItemControllerTests" name="GetItemsPage_50Items_GetsProperly" />
    </UnitTest>
    <UnitTest name="IntegrationTests.Controllers.ItemControllerTests.GetItemsPage_GetsProperPages(amount: 101, expectedPages: 11)" storage="d:\a\mymodule20220112\mymodule20220112\integrationtests\bin\integrationtests.dll" id="35a21cfd-ad2b-b819-14e0-5151fe414a07">
      <Execution id="5e07253a-4582-45ce-a8d4-8ad7e58411b8" />
      <TestMethod codeBase="D:\a\MyModule20220112\MyModule20220112\IntegrationTests\bin\IntegrationTests.dll" adapterTypeName="executor://xunit/VsTestRunner2/net" className="IntegrationTests.Controllers.ItemControllerTests" name="GetItemsPage_GetsProperPages" />
    </UnitTest>
    <UnitTest name="IntegrationTests.Controllers.ItemControllerTests.GetItemsPage_GetsProperPages(amount: 1, expectedPages: 1)" storage="d:\a\mymodule20220112\mymodule20220112\integrationtests\bin\integrationtests.dll" id="c6d15831-7dbe-24e6-d39b-4f317a873a34">
      <Execution id="94244ca0-d116-4b66-b14c-4b9159e8e85a" />
      <TestMethod codeBase="D:\a\MyModule20220112\MyModule20220112\IntegrationTests\bin\IntegrationTests.dll" adapterTypeName="executor://xunit/VsTestRunner2/net" className="IntegrationTests.Controllers.ItemControllerTests" name="GetItemsPage_GetsProperPages" />
    </UnitTest>
    <UnitTest name="IntegrationTests.Controllers.ItemControllerTests.CreateItem_Creates(name: &quot;name2&quot;, description: &quot;description2&quot;)" storage="d:\a\mymodule20220112\mymodule20220112\integrationtests\bin\integrationtests.dll" id="1ec97a71-0b29-f7c5-72ce-8cf48efa2e36">
      <Execution id="9aab04fd-21ac-4fd7-b69e-d634495d46c3" />
      <TestMethod codeBase="D:\a\MyModule20220112\MyModule20220112\IntegrationTests\bin\IntegrationTests.dll" adapterTypeName="executor://xunit/VsTestRunner2/net" className="IntegrationTests.Controllers.ItemControllerTests" name="CreateItem_Creates" />
    </UnitTest>
    <UnitTest name="IntegrationTests.Controllers.ItemControllerTests.GetItemsPage_SortsAscending" storage="d:\a\mymodule20220112\mymodule20220112\integrationtests\bin\integrationtests.dll" id="4fd078d7-61ec-6e3f-be79-cf322012a0cd">
      <Execution id="249038dd-5aac-477a-8401-f689d35eb72a" />
      <TestMethod codeBase="D:\a\MyModule20220112\MyModule20220112\IntegrationTests\bin\IntegrationTests.dll" adapterTypeName="executor://xunit/VsTestRunner2/net" className="IntegrationTests.Controllers.ItemControllerTests" name="GetItemsPage_SortsAscending" />
    </UnitTest>
    <UnitTest name="IntegrationTests.Controllers.ItemControllerTests.GetItemsPage_PageSize0_DefaultsTo1" storage="d:\a\mymodule20220112\mymodule20220112\integrationtests\bin\integrationtests.dll" id="d18898e3-6995-0d27-8e53-1ced81186e2d">
      <Execution id="86a056f2-f48a-4bbd-a4ce-97226f25ed11" />
      <TestMethod codeBase="D:\a\MyModule20220112\MyModule20220112\IntegrationTests\bin\IntegrationTests.dll" adapterTypeName="executor://xunit/VsTestRunner2/net" className="IntegrationTests.Controllers.ItemControllerTests" name="GetItemsPage_PageSize0_DefaultsTo1" />
    </UnitTest>
    <UnitTest name="IntegrationTests.Controllers.ItemControllerTests.GetItemsPage_GetsProperPages(amount: 9, expectedPages: 1)" storage="d:\a\mymodule20220112\mymodule20220112\integrationtests\bin\integrationtests.dll" id="0a429b0b-08a8-36a6-5969-3c31a35cc366">
      <Execution id="7823bcb0-3089-45d1-aeab-13e7bba2f4e8" />
      <TestMethod codeBase="D:\a\MyModule20220112\MyModule20220112\IntegrationTests\bin\IntegrationTests.dll" adapterTypeName="executor://xunit/VsTestRunner2/net" className="IntegrationTests.Controllers.ItemControllerTests" name="GetItemsPage_GetsProperPages" />
    </UnitTest>
    <UnitTest name="IntegrationTests.Controllers.ItemControllerTests.GetItemsPage_GetsProperPages(amount: 10, expectedPages: 1)" storage="d:\a\mymodule20220112\mymodule20220112\integrationtests\bin\integrationtests.dll" id="31a1a77c-5b35-2c19-9bdc-0ee23e06e8f3">
      <Execution id="af5d01da-4e4c-4e25-9c78-1d00561480f1" />
      <TestMethod codeBase="D:\a\MyModule20220112\MyModule20220112\IntegrationTests\bin\IntegrationTests.dll" adapterTypeName="executor://xunit/VsTestRunner2/net" className="IntegrationTests.Controllers.ItemControllerTests" name="GetItemsPage_GetsProperPages" />
    </UnitTest>
    <UnitTest name="IntegrationTests.Controllers.ItemControllerTests.GetItemsPage_Query_Filters(query: &quot;Missing&quot;, expectedResults: 0)" storage="d:\a\mymodule20220112\mymodule20220112\integrationtests\bin\integrationtests.dll" id="9609bc3b-2435-1be2-e2f3-2c6b217c770c">
      <Execution id="cbada5ad-88de-43da-9227-5d76077c7e50" />
      <TestMethod codeBase="D:\a\MyModule20220112\MyModule20220112\IntegrationTests\bin\IntegrationTests.dll" adapterTypeName="executor://xunit/VsTestRunner2/net" className="IntegrationTests.Controllers.ItemControllerTests" name="GetItemsPage_Query_Filters" />
    </UnitTest>
    <UnitTest name="IntegrationTests.Controllers.ItemControllerTests.DeleteItem_Deletes" storage="d:\a\mymodule20220112\mymodule20220112\integrationtests\bin\integrationtests.dll" id="b2691cfb-5962-80d6-34ac-12efb31ff88e">
      <Execution id="43419683-b9ec-4cc0-9dca-006743a06f47" />
      <TestMethod codeBase="D:\a\MyModule20220112\MyModule20220112\IntegrationTests\bin\IntegrationTests.dll" adapterTypeName="executor://xunit/VsTestRunner2/net" className="IntegrationTests.Controllers.ItemControllerTests" name="DeleteItem_Deletes" />
    </UnitTest>
    <UnitTest name="IntegrationTests.Controllers.ItemControllerTests.GetItemsPage_Query_Filters(query: &quot;Name 2&quot;, expectedResults: 11)" storage="d:\a\mymodule20220112\mymodule20220112\integrationtests\bin\integrationtests.dll" id="64ce4809-e3f8-8d8e-c808-2938f18aa4d4">
      <Execution id="75cb06b7-e4af-4ee3-a198-4ef02cde56cd" />
      <TestMethod codeBase="D:\a\MyModule20220112\MyModule20220112\IntegrationTests\bin\IntegrationTests.dll" adapterTypeName="executor://xunit/VsTestRunner2/net" className="IntegrationTests.Controllers.ItemControllerTests" name="GetItemsPage_Query_Filters" />
    </UnitTest>
    <UnitTest name="IntegrationTests.Controllers.ItemControllerTests.GetItemsPage_Query_Filters(query: &quot;Name 100&quot;, expectedResults: 1)" storage="d:\a\mymodule20220112\mymodule20220112\integrationtests\bin\integrationtests.dll" id="b5a2bbb3-e25b-0d71-cef7-0187c592a682">
      <Execution id="f6b61551-0cfc-4b8f-9d2c-4f1c743ede12" />
      <TestMethod codeBase="D:\a\MyModule20220112\MyModule20220112\IntegrationTests\bin\IntegrationTests.dll" adapterTypeName="executor://xunit/VsTestRunner2/net" className="IntegrationTests.Controllers.ItemControllerTests" name="GetItemsPage_Query_Filters" />
    </UnitTest>
    <UnitTest name="IntegrationTests.Controllers.ServiceRouteMapperTests.RegisterRoutes_RegistersAtLestOneRoute" storage="d:\a\mymodule20220112\mymodule20220112\integrationtests\bin\integrationtests.dll" id="69a7a014-6241-5f0a-e55d-960890e56595">
      <Execution id="be1b30ba-211c-4e04-a182-a4dc901ce781" />
      <TestMethod codeBase="D:\a\MyModule20220112\MyModule20220112\IntegrationTests\bin\IntegrationTests.dll" adapterTypeName="executor://xunit/VsTestRunner2/net" className="IntegrationTests.Controllers.ServiceRouteMapperTests" name="RegisterRoutes_RegistersAtLestOneRoute" />
    </UnitTest>
    <UnitTest name="IntegrationTests.Controllers.ItemControllerTests.GetItemsPage_Query_Filters(query: &quot;Name 1&quot;, expectedResults: 12)" storage="d:\a\mymodule20220112\mymodule20220112\integrationtests\bin\integrationtests.dll" id="6274cd22-d848-61dd-8233-d29a2f361a38">
      <Execution id="34d553a3-8ed2-43c4-8ffc-af2059920f52" />
      <TestMethod codeBase="D:\a\MyModule20220112\MyModule20220112\IntegrationTests\bin\IntegrationTests.dll" adapterTypeName="executor://xunit/VsTestRunner2/net" className="IntegrationTests.Controllers.ItemControllerTests" name="GetItemsPage_Query_Filters" />
    </UnitTest>
    <UnitTest name="IntegrationTests.Controllers.ItemControllerTests.CanEdit_Defaults_To_False" storage="d:\a\mymodule20220112\mymodule20220112\integrationtests\bin\integrationtests.dll" id="eb8cb345-7707-0e07-1566-f6a04ceb2670">
      <Execution id="9aa31967-71fe-4481-a1c8-b67d2030227f" />
      <TestMethod codeBase="D:\a\MyModule20220112\MyModule20220112\IntegrationTests\bin\IntegrationTests.dll" adapterTypeName="executor://xunit/VsTestRunner2/net" className="IntegrationTests.Controllers.ItemControllerTests" name="CanEdit_Defaults_To_False" />
    </UnitTest>
  </TestDefinitions>
  <TestEntries>
    <TestEntry testId="945f4fce-c15e-e09c-9dbf-5879cde58a78" executionId="4061fe72-59f2-4fdf-986c-d6c7ec2fef77" testListId="8c84fa94-04c1-424b-9868-57a2d4851a1d" />
    <TestEntry testId="69a7a014-6241-5f0a-e55d-960890e56595" executionId="be1b30ba-211c-4e04-a182-a4dc901ce781" testListId="8c84fa94-04c1-424b-9868-57a2d4851a1d" />
    <TestEntry testId="31a1a77c-5b35-2c19-9bdc-0ee23e06e8f3" executionId="af5d01da-4e4c-4e25-9c78-1d00561480f1" testListId="8c84fa94-04c1-424b-9868-57a2d4851a1d" />
    <TestEntry testId="2f8521ee-e0ca-eac4-b453-aa86236fc9b9" executionId="01138de8-55e0-4510-9d01-757ad3f02ab0" testListId="8c84fa94-04c1-424b-9868-57a2d4851a1d" />
    <TestEntry testId="3b96b54e-967c-6e8f-1ced-4ff4d8370be3" executionId="1ae2cc5f-f834-435b-909d-817522373843" testListId="8c84fa94-04c1-424b-9868-57a2d4851a1d" />
    <TestEntry testId="9609bc3b-2435-1be2-e2f3-2c6b217c770c" executionId="cbada5ad-88de-43da-9227-5d76077c7e50" testListId="8c84fa94-04c1-424b-9868-57a2d4851a1d" />
    <TestEntry testId="4fd078d7-61ec-6e3f-be79-cf322012a0cd" executionId="249038dd-5aac-477a-8401-f689d35eb72a" testListId="8c84fa94-04c1-424b-9868-57a2d4851a1d" />
    <TestEntry testId="b2691cfb-5962-80d6-34ac-12efb31ff88e" executionId="43419683-b9ec-4cc0-9dca-006743a06f47" testListId="8c84fa94-04c1-424b-9868-57a2d4851a1d" />
    <TestEntry testId="eb8cb345-7707-0e07-1566-f6a04ceb2670" executionId="9aa31967-71fe-4481-a1c8-b67d2030227f" testListId="8c84fa94-04c1-424b-9868-57a2d4851a1d" />
    <TestEntry testId="b5a2bbb3-e25b-0d71-cef7-0187c592a682" executionId="f6b61551-0cfc-4b8f-9d2c-4f1c743ede12" testListId="8c84fa94-04c1-424b-9868-57a2d4851a1d" />
    <TestEntry testId="64ce4809-e3f8-8d8e-c808-2938f18aa4d4" executionId="75cb06b7-e4af-4ee3-a198-4ef02cde56cd" testListId="8c84fa94-04c1-424b-9868-57a2d4851a1d" />
    <TestEntry testId="d18898e3-6995-0d27-8e53-1ced81186e2d" executionId="86a056f2-f48a-4bbd-a4ce-97226f25ed11" testListId="8c84fa94-04c1-424b-9868-57a2d4851a1d" />
    <TestEntry testId="43169439-e722-3696-654b-e380ed8f351d" executionId="8d661592-e9b7-49ec-ae9e-ad9cec059d21" testListId="8c84fa94-04c1-424b-9868-57a2d4851a1d" />
    <TestEntry testId="35a21cfd-ad2b-b819-14e0-5151fe414a07" executionId="5e07253a-4582-45ce-a8d4-8ad7e58411b8" testListId="8c84fa94-04c1-424b-9868-57a2d4851a1d" />
    <TestEntry testId="75b07048-5201-d631-649a-c012e65b7444" executionId="098c1081-88c6-4461-9731-6c8b6902fa9e" testListId="8c84fa94-04c1-424b-9868-57a2d4851a1d" />
    <TestEntry testId="c6d15831-7dbe-24e6-d39b-4f317a873a34" executionId="94244ca0-d116-4b66-b14c-4b9159e8e85a" testListId="8c84fa94-04c1-424b-9868-57a2d4851a1d" />
    <TestEntry testId="6274cd22-d848-61dd-8233-d29a2f361a38" executionId="34d553a3-8ed2-43c4-8ffc-af2059920f52" testListId="8c84fa94-04c1-424b-9868-57a2d4851a1d" />
    <TestEntry testId="1450a0ab-3596-66d8-8d08-6506bbe1f61b" executionId="f354e912-870f-4821-96c3-41eee04e1213" testListId="8c84fa94-04c1-424b-9868-57a2d4851a1d" />
    <TestEntry testId="c6abb489-2666-fd84-85be-69873a4c76cc" executionId="34bb34f2-7447-4253-8523-0c4dbc72f3d4" testListId="8c84fa94-04c1-424b-9868-57a2d4851a1d" />
    <TestEntry testId="1ec97a71-0b29-f7c5-72ce-8cf48efa2e36" executionId="9aab04fd-21ac-4fd7-b69e-d634495d46c3" testListId="8c84fa94-04c1-424b-9868-57a2d4851a1d" />
    <TestEntry testId="0a429b0b-08a8-36a6-5969-3c31a35cc366" executionId="7823bcb0-3089-45d1-aeab-13e7bba2f4e8" testListId="8c84fa94-04c1-424b-9868-57a2d4851a1d" />
    <TestEntry testId="fe1c9811-4463-ef95-5296-cdd71ab090b8" executionId="97316635-d3cb-4a65-9c8b-170b54589b20" testListId="8c84fa94-04c1-424b-9868-57a2d4851a1d" />
    <TestEntry testId="06f0962d-466b-0634-113e-f3863f9b599c" executionId="71f471e9-dd87-45ec-9406-9734c50ed87c" testListId="8c84fa94-04c1-424b-9868-57a2d4851a1d" />
    <TestEntry testId="74f30272-fd7f-9b4e-507d-1c94cc60bb29" executionId="7a60e2ab-baf7-4150-b1d9-16a2c525a69f" testListId="8c84fa94-04c1-424b-9868-57a2d4851a1d" />
  </TestEntries>
  <TestLists>
    <TestList name="Results Not in a List" id="8c84fa94-04c1-424b-9868-57a2d4851a1d" />
    <TestList name="All Loaded Results" id="19431567-8539-422a-85d7-44ee4e166bda" />
  </TestLists>
  <ResultSummary outcome="Completed">
    <Counters total="24" executed="24" passed="24" failed="0" error="0" timeout="0" aborted="0" inconclusive="0" passedButRunAborted="0" notRunnable="0" notExecuted="0" disconnected="0" warning="0" completed="0" inProgress="0" pending="0" />
    <Output>
      <StdOut>[xUnit.net 00:00:00.13] xUnit.net VSTest Adapter v2.4.3+1b45f5407b (32-bit Desktop .NET 4.0.30319.42000)&#xD;
[xUnit.net 00:00:05.04]   Discovering: IntegrationTests&#xD;
[xUnit.net 00:00:06.45]   Discovered:  IntegrationTests&#xD;
[xUnit.net 00:00:06.45]   Starting:    IntegrationTests&#xD;
[xUnit.net 00:00:20.06]   Finished:    IntegrationTests&#xD;
</StdOut>
    </Output>
  </ResultSummary>
</TestRun>