<?xml version="1.0" encoding="utf-8"?>
<TestRun id="f4a5aa2b-35d6-43da-ad85-fb29a0ad70f7" name="runneradmin@fv-az177-480 2022-01-12 20:56:34" runUser="fv-az177-480\runneradmin" xmlns="http://microsoft.com/schemas/VisualStudio/TeamTest/2010">
  <Times creation="2022-01-12T20:56:34.4433230+00:00" queuing="2022-01-12T20:56:34.4433244+00:00" start="2022-01-12T20:55:51.1603159+00:00" finish="2022-01-12T20:56:41.8413896+00:00" />
  <TestSettings name="default" id="e42b9bbb-a372-46f1-b1a7-8e4c2966e572">
    <Deployment runDeploymentRoot="runneradmin_fv-az177-480_2022-01-12_20_56_34" />
  </TestSettings>
  <Results>
    <UnitTestResult executionId="12e220da-4426-47fc-9703-f8a8cf5dcf7b" testId="eb8cb345-7707-0e07-1566-f6a04ceb2670" testName="IntegrationTests.Controllers.ItemControllerTests.CanEdit_Defaults_To_False" computerName="fv-az177-480" duration="00:00:00.0410000" startTime="2022-01-12T20:56:41.1550435+00:00" endTime="2022-01-12T20:56:41.1550435+00:00" testType="13cdc9d9-ddb5-4fa4-a97d-d965ccfc6d4b" outcome="Passed" testListId="8c84fa94-04c1-424b-9868-57a2d4851a1d" relativeResultsDirectory="12e220da-4426-47fc-9703-f8a8cf5dcf7b" />
    <UnitTestResult executionId="13c0f504-d371-4392-a716-29acb4a6271d" testId="c6abb489-2666-fd84-85be-69873a4c76cc" testName="IntegrationTests.Controllers.ItemControllerTests.CreateItem_Creates(name: &quot;name1&quot;, description: &quot;description1&quot;)" computerName="fv-az177-480" duration="00:00:00.0060000" startTime="2022-01-12T20:56:41.0781704+00:00" endTime="2022-01-12T20:56:41.0781704+00:00" testType="13cdc9d9-ddb5-4fa4-a97d-d965ccfc6d4b" outcome="Passed" testListId="8c84fa94-04c1-424b-9868-57a2d4851a1d" relativeResultsDirectory="13c0f504-d371-4392-a716-29acb4a6271d" />
    <UnitTestResult executionId="20a3aea4-4c62-4ea1-8cf2-1c84a196c0cc" testId="69a7a014-6241-5f0a-e55d-960890e56595" testName="IntegrationTests.Controllers.ServiceRouteMapperTests.RegisterRoutes_RegistersAtLestOneRoute" computerName="fv-az177-480" duration="00:00:04.5000000" startTime="2022-01-12T20:56:33.8788312+00:00" endTime="2022-01-12T20:56:33.8788312+00:00" testType="13cdc9d9-ddb5-4fa4-a97d-d965ccfc6d4b" outcome="Passed" testListId="8c84fa94-04c1-424b-9868-57a2d4851a1d" relativeResultsDirectory="20a3aea4-4c62-4ea1-8cf2-1c84a196c0cc" />
    <UnitTestResult executionId="f6fcae7a-aeda-49d6-8be8-c591a9c18cd8" testId="d18898e3-6995-0d27-8e53-1ced81186e2d" testName="IntegrationTests.Controllers.ItemControllerTests.GetItemsPage_PageSize0_DefaultsTo1" computerName="fv-az177-480" duration="00:00:00.0130000" startTime="2022-01-12T20:56:41.4797795+00:00" endTime="2022-01-12T20:56:41.4797795+00:00" testType="13cdc9d9-ddb5-4fa4-a97d-d965ccfc6d4b" outcome="Passed" testListId="8c84fa94-04c1-424b-9868-57a2d4851a1d" relativeResultsDirectory="f6fcae7a-aeda-49d6-8be8-c591a9c18cd8" />
    <UnitTestResult executionId="be84ed01-5a2c-4e97-bf07-54f165137820" testId="945f4fce-c15e-e09c-9dbf-5879cde58a78" testName="IntegrationTests.Controllers.ItemControllerTests.GetItemsPage_Page0_DefaultsToPage1" computerName="fv-az177-480" duration="00:00:00.0120000" startTime="2022-01-12T20:56:41.3955303+00:00" endTime="2022-01-12T20:56:41.3955303+00:00" testType="13cdc9d9-ddb5-4fa4-a97d-d965ccfc6d4b" outcome="Passed" testListId="8c84fa94-04c1-424b-9868-57a2d4851a1d" relativeResultsDirectory="be84ed01-5a2c-4e97-bf07-54f165137820" />
    <UnitTestResult executionId="0ce02903-3609-4558-a019-dbcaa212523c" testId="b2691cfb-5962-80d6-34ac-12efb31ff88e" testName="IntegrationTests.Controllers.ItemControllerTests.DeleteItem_Deletes" computerName="fv-az177-480" duration="00:00:00.0700000" startTime="2022-01-12T20:56:41.4667832+00:00" endTime="2022-01-12T20:56:41.4667832+00:00" testType="13cdc9d9-ddb5-4fa4-a97d-d965ccfc6d4b" outcome="Passed" testListId="8c84fa94-04c1-424b-9868-57a2d4851a1d" relativeResultsDirectory="0ce02903-3609-4558-a019-dbcaa212523c" />
    <UnitTestResult executionId="7e45089e-c387-4791-8c4e-6140bf8ae56a" testId="0a429b0b-08a8-36a6-5969-3c31a35cc366" testName="IntegrationTests.Controllers.ItemControllerTests.GetItemsPage_GetsProperPages(amount: 9, expectedPages: 1)" computerName="fv-az177-480" duration="00:00:00.0220000" startTime="2022-01-12T20:56:41.2497604+00:00" endTime="2022-01-12T20:56:41.2497604+00:00" testType="13cdc9d9-ddb5-4fa4-a97d-d965ccfc6d4b" outcome="Passed" testListId="8c84fa94-04c1-424b-9868-57a2d4851a1d" relativeResultsDirectory="7e45089e-c387-4791-8c4e-6140bf8ae56a" />
    <UnitTestResult executionId="dba9fc43-600e-4115-8a4f-f22d4c6d296c" testId="b5a2bbb3-e25b-0d71-cef7-0187c592a682" testName="IntegrationTests.Controllers.ItemControllerTests.GetItemsPage_Query_Filters(query: &quot;Name 100&quot;, expectedResults: 1)" computerName="fv-az177-480" duration="00:00:00.0360000" startTime="2022-01-12T20:56:40.9727008+00:00" endTime="2022-01-12T20:56:40.9727008+00:00" testType="13cdc9d9-ddb5-4fa4-a97d-d965ccfc6d4b" outcome="Passed" testListId="8c84fa94-04c1-424b-9868-57a2d4851a1d" relativeResultsDirectory="dba9fc43-600e-4115-8a4f-f22d4c6d296c" />
    <UnitTestResult executionId="b93bd80c-537b-42b6-ab53-4e0994389834" testId="3b96b54e-967c-6e8f-1ced-4ff4d8370be3" testName="IntegrationTests.Controllers.ItemControllerTests.GetItemsPage_Query_Filters(query: &quot;&quot;, expectedResults: 100)" computerName="fv-az177-480" duration="00:00:00.0480000" startTime="2022-01-12T20:56:40.7028829+00:00" endTime="2022-01-12T20:56:40.7028829+00:00" testType="13cdc9d9-ddb5-4fa4-a97d-d965ccfc6d4b" outcome="Passed" testListId="8c84fa94-04c1-424b-9868-57a2d4851a1d" relativeResultsDirectory="b93bd80c-537b-42b6-ab53-4e0994389834" />
    <UnitTestResult executionId="9abb4bbe-8fe6-4502-b491-defcc642771f" testId="31a1a77c-5b35-2c19-9bdc-0ee23e06e8f3" testName="IntegrationTests.Controllers.ItemControllerTests.GetItemsPage_GetsProperPages(amount: 10, expectedPages: 1)" computerName="fv-az177-480" duration="00:00:00.0150000" startTime="2022-01-12T20:56:41.2272486+00:00" endTime="2022-01-12T20:56:41.2272486+00:00" testType="13cdc9d9-ddb5-4fa4-a97d-d965ccfc6d4b" outcome="Passed" testListId="8c84fa94-04c1-424b-9868-57a2d4851a1d" relativeResultsDirectory="9abb4bbe-8fe6-4502-b491-defcc642771f" />
    <UnitTestResult executionId="875be4aa-2e2a-4d72-a9b7-3a78fd810d49" testId="fe1c9811-4463-ef95-5296-cdd71ab090b8" testName="IntegrationTests.Controllers.ItemControllerTests.DeleteItem_DeletesMissingItem" computerName="fv-az177-480" duration="00:00:00.0130000" startTime="2022-01-12T20:56:41.5107811+00:00" endTime="2022-01-12T20:56:41.5107811+00:00" testType="13cdc9d9-ddb5-4fa4-a97d-d965ccfc6d4b" outcome="Passed" testListId="8c84fa94-04c1-424b-9868-57a2d4851a1d" relativeResultsDirectory="875be4aa-2e2a-4d72-a9b7-3a78fd810d49" />
    <UnitTestResult executionId="2de30c55-ed44-4d7e-bbfe-8053aadd59c1" testId="9609bc3b-2435-1be2-e2f3-2c6b217c770c" testName="IntegrationTests.Controllers.ItemControllerTests.GetItemsPage_Query_Filters(query: &quot;Missing&quot;, expectedResults: 0)" computerName="fv-az177-480" duration="00:00:00.0430000" startTime="2022-01-12T20:56:40.9368694+00:00" endTime="2022-01-12T20:56:40.9368694+00:00" testType="13cdc9d9-ddb5-4fa4-a97d-d965ccfc6d4b" outcome="Passed" testListId="8c84fa94-04c1-424b-9868-57a2d4851a1d" relativeResultsDirectory="2de30c55-ed44-4d7e-bbfe-8053aadd59c1" />
    <UnitTestResult executionId="591f9fb8-d1e5-4fdb-9b47-5e697bbda46a" testId="1ec97a71-0b29-f7c5-72ce-8cf48efa2e36" testName="IntegrationTests.Controllers.ItemControllerTests.CreateItem_Creates(name: &quot;name2&quot;, description: &quot;description2&quot;)" computerName="fv-az177-480" duration="00:00:00.0110000" startTime="2022-01-12T20:56:41.0721717+00:00" endTime="2022-01-12T20:56:41.0721717+00:00" testType="13cdc9d9-ddb5-4fa4-a97d-d965ccfc6d4b" outcome="Passed" testListId="8c84fa94-04c1-424b-9868-57a2d4851a1d" relativeResultsDirectory="591f9fb8-d1e5-4fdb-9b47-5e697bbda46a" />
    <UnitTestResult executionId="c1d96b22-df3d-4c7a-a0cb-9c22c47e8ad4" testId="74f30272-fd7f-9b4e-507d-1c94cc60bb29" testName="IntegrationTests.Controllers.ItemControllerTests.GetItemsPage_Query_Filters(query: &quot;1&quot;, expectedResults: 20)" computerName="fv-az177-480" duration="00:00:00.1490000" startTime="2022-01-12T20:56:40.8518240+00:00" endTime="2022-01-12T20:56:40.8518240+00:00" testType="13cdc9d9-ddb5-4fa4-a97d-d965ccfc6d4b" outcome="Passed" testListId="8c84fa94-04c1-424b-9868-57a2d4851a1d" relativeResultsDirectory="c1d96b22-df3d-4c7a-a0cb-9c22c47e8ad4" />
    <UnitTestResult executionId="88273a82-c670-4e1a-a4a8-3cbbce018c3a" testId="1450a0ab-3596-66d8-8d08-6506bbe1f61b" testName="IntegrationTests.Controllers.ItemControllerTests.GetItemsPage_50Items_GetsProperly" computerName="fv-az177-480" duration="00:00:00.0360000" startTime="2022-01-12T20:56:41.1141754+00:00" endTime="2022-01-12T20:56:41.1141754+00:00" testType="13cdc9d9-ddb5-4fa4-a97d-d965ccfc6d4b" outcome="Passed" testListId="8c84fa94-04c1-424b-9868-57a2d4851a1d" relativeResultsDirectory="88273a82-c670-4e1a-a4a8-3cbbce018c3a" />
    <UnitTestResult executionId="b9d84c7e-5e03-40a9-a025-a801e1f0c35c" testId="4fd078d7-61ec-6e3f-be79-cf322012a0cd" testName="IntegrationTests.Controllers.ItemControllerTests.GetItemsPage_SortsAscending" computerName="fv-az177-480" duration="00:00:11.3670000" startTime="2022-01-12T20:56:40.6537341+00:00" endTime="2022-01-12T20:56:40.6537341+00:00" testType="13cdc9d9-ddb5-4fa4-a97d-d965ccfc6d4b" outcome="Passed" testListId="8c84fa94-04c1-424b-9868-57a2d4851a1d" relativeResultsDirectory="b9d84c7e-5e03-40a9-a025-a801e1f0c35c" />
    <UnitTestResult executionId="f1563da7-7382-45ec-851f-de59c373a856" testId="c6d15831-7dbe-24e6-d39b-4f317a873a34" testName="IntegrationTests.Controllers.ItemControllerTests.GetItemsPage_GetsProperPages(amount: 1, expectedPages: 1)" computerName="fv-az177-480" duration="00:00:00.0170000" startTime="2022-01-12T20:56:41.1718379+00:00" endTime="2022-01-12T20:56:41.1718379+00:00" testType="13cdc9d9-ddb5-4fa4-a97d-d965ccfc6d4b" outcome="Passed" testListId="8c84fa94-04c1-424b-9868-57a2d4851a1d" relativeResultsDirectory="f1563da7-7382-45ec-851f-de59c373a856" />
    <UnitTestResult executionId="f28eca60-ff6a-4494-80ce-06cc7f15cc00" testId="35a21cfd-ad2b-b819-14e0-5151fe414a07" testName="IntegrationTests.Controllers.ItemControllerTests.GetItemsPage_GetsProperPages(amount: 101, expectedPages: 11)" computerName="fv-az177-480" duration="00:00:00.0280000" startTime="2022-01-12T20:56:41.2783206+00:00" endTime="2022-01-12T20:56:41.2783206+00:00" testType="13cdc9d9-ddb5-4fa4-a97d-d965ccfc6d4b" outcome="Passed" testListId="8c84fa94-04c1-424b-9868-57a2d4851a1d" relativeResultsDirectory="f28eca60-ff6a-4494-80ce-06cc7f15cc00" />
    <UnitTestResult executionId="832b6876-7fea-41a3-b6a1-ba3c31e2cb1b" testId="2f8521ee-e0ca-eac4-b453-aa86236fc9b9" testName="IntegrationTests.Controllers.ItemControllerTests.GetItemsPage_SortsDescending" computerName="fv-az177-480" duration="00:00:00.0180000" startTime="2022-01-12T20:56:41.4977814+00:00" endTime="2022-01-12T20:56:41.4977814+00:00" testType="13cdc9d9-ddb5-4fa4-a97d-d965ccfc6d4b" outcome="Passed" testListId="8c84fa94-04c1-424b-9868-57a2d4851a1d" relativeResultsDirectory="832b6876-7fea-41a3-b6a1-ba3c31e2cb1b" />
    <UnitTestResult executionId="c1bd6998-b60a-4eab-88a3-2d31035c1cf0" testId="6274cd22-d848-61dd-8233-d29a2f361a38" testName="IntegrationTests.Controllers.ItemControllerTests.GetItemsPage_Query_Filters(query: &quot;Name 1&quot;, expectedResults: 12)" computerName="fv-az177-480" duration="00:00:00.0430000" startTime="2022-01-12T20:56:40.8945154+00:00" endTime="2022-01-12T20:56:40.8945154+00:00" testType="13cdc9d9-ddb5-4fa4-a97d-d965ccfc6d4b" outcome="Passed" testListId="8c84fa94-04c1-424b-9868-57a2d4851a1d" relativeResultsDirectory="c1bd6998-b60a-4eab-88a3-2d31035c1cf0" />
    <UnitTestResult executionId="9fde1edc-c80a-4e4f-8d5b-7ff9014581e2" testId="43169439-e722-3696-654b-e380ed8f351d" testName="IntegrationTests.Controllers.ItemControllerTests.EditItem_Saves" computerName="fv-az177-480" duration="00:00:00.1060000" startTime="2022-01-12T20:56:41.3835321+00:00" endTime="2022-01-12T20:56:41.3835321+00:00" testType="13cdc9d9-ddb5-4fa4-a97d-d965ccfc6d4b" outcome="Passed" testListId="8c84fa94-04c1-424b-9868-57a2d4851a1d" relativeResultsDirectory="9fde1edc-c80a-4e4f-8d5b-7ff9014581e2" />
    <UnitTestResult executionId="651a3d1c-e4e8-4662-a78d-9ab6f33e606f" testId="06f0962d-466b-0634-113e-f3863f9b599c" testName="IntegrationTests.Controllers.ItemControllerTests.GetItemsPage_GetsProperPages(amount: 99, expectedPages: 10)" computerName="fv-az177-480" duration="00:00:00.0410000" startTime="2022-01-12T20:56:41.2125518+00:00" endTime="2022-01-12T20:56:41.2125518+00:00" testType="13cdc9d9-ddb5-4fa4-a97d-d965ccfc6d4b" outcome="Passed" testListId="8c84fa94-04c1-424b-9868-57a2d4851a1d" relativeResultsDirectory="651a3d1c-e4e8-4662-a78d-9ab6f33e606f" />
    <UnitTestResult executionId="e32daae3-3771-4582-ae9e-ae8683c182ac" testId="75b07048-5201-d631-649a-c012e65b7444" testName="IntegrationTests.Controllers.ItemControllerTests.GetItemsPage_Query_Filters(query: &quot;Name 10&quot;, expectedResults: 2)" computerName="fv-az177-480" duration="00:00:00.0410000" startTime="2022-01-12T20:56:41.0613355+00:00" endTime="2022-01-12T20:56:41.0613355+00:00" testType="13cdc9d9-ddb5-4fa4-a97d-d965ccfc6d4b" outcome="Passed" testListId="8c84fa94-04c1-424b-9868-57a2d4851a1d" relativeResultsDirectory="e32daae3-3771-4582-ae9e-ae8683c182ac" />
    <UnitTestResult executionId="1f1da597-6afe-4127-ac3a-1d71410e597e" testId="64ce4809-e3f8-8d8e-c808-2938f18aa4d4" testName="IntegrationTests.Controllers.ItemControllerTests.GetItemsPage_Query_Filters(query: &quot;Name 2&quot;, expectedResults: 11)" computerName="fv-az177-480" duration="00:00:00.0460000" startTime="2022-01-12T20:56:41.0193041+00:00" endTime="2022-01-12T20:56:41.0193041+00:00" testType="13cdc9d9-ddb5-4fa4-a97d-d965ccfc6d4b" outcome="Passed" testListId="8c84fa94-04c1-424b-9868-57a2d4851a1d" relativeResultsDirectory="1f1da597-6afe-4127-ac3a-1d71410e597e" />
  </Results>
  <TestDefinitions>
    <UnitTest name="IntegrationTests.Controllers.ItemControllerTests.GetItemsPage_Query_Filters(query: &quot;Name 10&quot;, expectedResults: 2)" storage="d:\a\mymodule20220112\mymodule20220112\integrationtests\bin\integrationtests.dll" id="75b07048-5201-d631-649a-c012e65b7444">
      <Execution id="e32daae3-3771-4582-ae9e-ae8683c182ac" />
      <TestMethod codeBase="D:\a\MyModule20220112\MyModule20220112\IntegrationTests\bin\IntegrationTests.dll" adapterTypeName="executor://xunit/VsTestRunner2/net" className="IntegrationTests.Controllers.ItemControllerTests" name="GetItemsPage_Query_Filters" />
    </UnitTest>
    <UnitTest name="IntegrationTests.Controllers.ItemControllerTests.GetItemsPage_Query_Filters(query: &quot;1&quot;, expectedResults: 20)" storage="d:\a\mymodule20220112\mymodule20220112\integrationtests\bin\integrationtests.dll" id="74f30272-fd7f-9b4e-507d-1c94cc60bb29">
      <Execution id="c1d96b22-df3d-4c7a-a0cb-9c22c47e8ad4" />
      <TestMethod codeBase="D:\a\MyModule20220112\MyModule20220112\IntegrationTests\bin\IntegrationTests.dll" adapterTypeName="executor://xunit/VsTestRunner2/net" className="IntegrationTests.Controllers.ItemControllerTests" name="GetItemsPage_Query_Filters" />
    </UnitTest>
    <UnitTest name="IntegrationTests.Controllers.ItemControllerTests.GetItemsPage_GetsProperPages(amount: 99, expectedPages: 10)" storage="d:\a\mymodule20220112\mymodule20220112\integrationtests\bin\integrationtests.dll" id="06f0962d-466b-0634-113e-f3863f9b599c">
      <Execution id="651a3d1c-e4e8-4662-a78d-9ab6f33e606f" />
      <TestMethod codeBase="D:\a\MyModule20220112\MyModule20220112\IntegrationTests\bin\IntegrationTests.dll" adapterTypeName="executor://xunit/VsTestRunner2/net" className="IntegrationTests.Controllers.ItemControllerTests" name="GetItemsPage_GetsProperPages" />
    </UnitTest>
    <UnitTest name="IntegrationTests.Controllers.ItemControllerTests.DeleteItem_DeletesMissingItem" storage="d:\a\mymodule20220112\mymodule20220112\integrationtests\bin\integrationtests.dll" id="fe1c9811-4463-ef95-5296-cdd71ab090b8">
      <Execution id="875be4aa-2e2a-4d72-a9b7-3a78fd810d49" />
      <TestMethod codeBase="D:\a\MyModule20220112\MyModule20220112\IntegrationTests\bin\IntegrationTests.dll" adapterTypeName="executor://xunit/VsTestRunner2/net" className="IntegrationTests.Controllers.ItemControllerTests" name="DeleteItem_DeletesMissingItem" />
    </UnitTest>
    <UnitTest name="IntegrationTests.Controllers.ItemControllerTests.EditItem_Saves" storage="d:\a\mymodule20220112\mymodule20220112\integrationtests\bin\integrationtests.dll" id="43169439-e722-3696-654b-e380ed8f351d">
      <Execution id="9fde1edc-c80a-4e4f-8d5b-7ff9014581e2" />
      <TestMethod codeBase="D:\a\MyModule20220112\MyModule20220112\IntegrationTests\bin\IntegrationTests.dll" adapterTypeName="executor://xunit/VsTestRunner2/net" className="IntegrationTests.Controllers.ItemControllerTests" name="EditItem_Saves" />
    </UnitTest>
    <UnitTest name="IntegrationTests.Controllers.ItemControllerTests.CreateItem_Creates(name: &quot;name1&quot;, description: &quot;description1&quot;)" storage="d:\a\mymodule20220112\mymodule20220112\integrationtests\bin\integrationtests.dll" id="c6abb489-2666-fd84-85be-69873a4c76cc">
      <Execution id="13c0f504-d371-4392-a716-29acb4a6271d" />
      <TestMethod codeBase="D:\a\MyModule20220112\MyModule20220112\IntegrationTests\bin\IntegrationTests.dll" adapterTypeName="executor://xunit/VsTestRunner2/net" className="IntegrationTests.Controllers.ItemControllerTests" name="CreateItem_Creates" />
    </UnitTest>
    <UnitTest name="IntegrationTests.Controllers.ItemControllerTests.GetItemsPage_Query_Filters(query: &quot;&quot;, expectedResults: 100)" storage="d:\a\mymodule20220112\mymodule20220112\integrationtests\bin\integrationtests.dll" id="3b96b54e-967c-6e8f-1ced-4ff4d8370be3">
      <Execution id="b93bd80c-537b-42b6-ab53-4e0994389834" />
      <TestMethod codeBase="D:\a\MyModule20220112\MyModule20220112\IntegrationTests\bin\IntegrationTests.dll" adapterTypeName="executor://xunit/VsTestRunner2/net" className="IntegrationTests.Controllers.ItemControllerTests" name="GetItemsPage_Query_Filters" />
    </UnitTest>
    <UnitTest name="IntegrationTests.Controllers.ItemControllerTests.GetItemsPage_SortsDescending" storage="d:\a\mymodule20220112\mymodule20220112\integrationtests\bin\integrationtests.dll" id="2f8521ee-e0ca-eac4-b453-aa86236fc9b9">
      <Execution id="832b6876-7fea-41a3-b6a1-ba3c31e2cb1b" />
      <TestMethod codeBase="D:\a\MyModule20220112\MyModule20220112\IntegrationTests\bin\IntegrationTests.dll" adapterTypeName="executor://xunit/VsTestRunner2/net" className="IntegrationTests.Controllers.ItemControllerTests" name="GetItemsPage_SortsDescending" />
    </UnitTest>
    <UnitTest name="IntegrationTests.Controllers.ItemControllerTests.GetItemsPage_Page0_DefaultsToPage1" storage="d:\a\mymodule20220112\mymodule20220112\integrationtests\bin\integrationtests.dll" id="945f4fce-c15e-e09c-9dbf-5879cde58a78">
      <Execution id="be84ed01-5a2c-4e97-bf07-54f165137820" />
      <TestMethod codeBase="D:\a\MyModule20220112\MyModule20220112\IntegrationTests\bin\IntegrationTests.dll" adapterTypeName="executor://xunit/VsTestRunner2/net" className="IntegrationTests.Controllers.ItemControllerTests" name="GetItemsPage_Page0_DefaultsToPage1" />
    </UnitTest>
    <UnitTest name="IntegrationTests.Controllers.ItemControllerTests.GetItemsPage_50Items_GetsProperly" storage="d:\a\mymodule20220112\mymodule20220112\integrationtests\bin\integrationtests.dll" id="1450a0ab-3596-66d8-8d08-6506bbe1f61b">
      <Execution id="88273a82-c670-4e1a-a4a8-3cbbce018c3a" />
      <TestMethod codeBase="D:\a\MyModule20220112\MyModule20220112\IntegrationTests\bin\IntegrationTests.dll" adapterTypeName="executor://xunit/VsTestRunner2/net" className="IntegrationTests.Controllers.ItemControllerTests" name="GetItemsPage_50Items_GetsProperly" />
    </UnitTest>
    <UnitTest name="IntegrationTests.Controllers.ItemControllerTests.GetItemsPage_GetsProperPages(amount: 101, expectedPages: 11)" storage="d:\a\mymodule20220112\mymodule20220112\integrationtests\bin\integrationtests.dll" id="35a21cfd-ad2b-b819-14e0-5151fe414a07">
      <Execution id="f28eca60-ff6a-4494-80ce-06cc7f15cc00" />
      <TestMethod codeBase="D:\a\MyModule20220112\MyModule20220112\IntegrationTests\bin\IntegrationTests.dll" adapterTypeName="executor://xunit/VsTestRunner2/net" className="IntegrationTests.Controllers.ItemControllerTests" name="GetItemsPage_GetsProperPages" />
    </UnitTest>
    <UnitTest name="IntegrationTests.Controllers.ItemControllerTests.GetItemsPage_GetsProperPages(amount: 1, expectedPages: 1)" storage="d:\a\mymodule20220112\mymodule20220112\integrationtests\bin\integrationtests.dll" id="c6d15831-7dbe-24e6-d39b-4f317a873a34">
      <Execution id="f1563da7-7382-45ec-851f-de59c373a856" />
      <TestMethod codeBase="D:\a\MyModule20220112\MyModule20220112\IntegrationTests\bin\IntegrationTests.dll" adapterTypeName="executor://xunit/VsTestRunner2/net" className="IntegrationTests.Controllers.ItemControllerTests" name="GetItemsPage_GetsProperPages" />
    </UnitTest>
    <UnitTest name="IntegrationTests.Controllers.ItemControllerTests.CreateItem_Creates(name: &quot;name2&quot;, description: &quot;description2&quot;)" storage="d:\a\mymodule20220112\mymodule20220112\integrationtests\bin\integrationtests.dll" id="1ec97a71-0b29-f7c5-72ce-8cf48efa2e36">
      <Execution id="591f9fb8-d1e5-4fdb-9b47-5e697bbda46a" />
      <TestMethod codeBase="D:\a\MyModule20220112\MyModule20220112\IntegrationTests\bin\IntegrationTests.dll" adapterTypeName="executor://xunit/VsTestRunner2/net" className="IntegrationTests.Controllers.ItemControllerTests" name="CreateItem_Creates" />
    </UnitTest>
    <UnitTest name="IntegrationTests.Controllers.ItemControllerTests.GetItemsPage_SortsAscending" storage="d:\a\mymodule20220112\mymodule20220112\integrationtests\bin\integrationtests.dll" id="4fd078d7-61ec-6e3f-be79-cf322012a0cd">
      <Execution id="b9d84c7e-5e03-40a9-a025-a801e1f0c35c" />
      <TestMethod codeBase="D:\a\MyModule20220112\MyModule20220112\IntegrationTests\bin\IntegrationTests.dll" adapterTypeName="executor://xunit/VsTestRunner2/net" className="IntegrationTests.Controllers.ItemControllerTests" name="GetItemsPage_SortsAscending" />
    </UnitTest>
    <UnitTest name="IntegrationTests.Controllers.ItemControllerTests.GetItemsPage_PageSize0_DefaultsTo1" storage="d:\a\mymodule20220112\mymodule20220112\integrationtests\bin\integrationtests.dll" id="d18898e3-6995-0d27-8e53-1ced81186e2d">
      <Execution id="f6fcae7a-aeda-49d6-8be8-c591a9c18cd8" />
      <TestMethod codeBase="D:\a\MyModule20220112\MyModule20220112\IntegrationTests\bin\IntegrationTests.dll" adapterTypeName="executor://xunit/VsTestRunner2/net" className="IntegrationTests.Controllers.ItemControllerTests" name="GetItemsPage_PageSize0_DefaultsTo1" />
    </UnitTest>
    <UnitTest name="IntegrationTests.Controllers.ItemControllerTests.GetItemsPage_GetsProperPages(amount: 9, expectedPages: 1)" storage="d:\a\mymodule20220112\mymodule20220112\integrationtests\bin\integrationtests.dll" id="0a429b0b-08a8-36a6-5969-3c31a35cc366">
      <Execution id="7e45089e-c387-4791-8c4e-6140bf8ae56a" />
      <TestMethod codeBase="D:\a\MyModule20220112\MyModule20220112\IntegrationTests\bin\IntegrationTests.dll" adapterTypeName="executor://xunit/VsTestRunner2/net" className="IntegrationTests.Controllers.ItemControllerTests" name="GetItemsPage_GetsProperPages" />
    </UnitTest>
    <UnitTest name="IntegrationTests.Controllers.ItemControllerTests.GetItemsPage_GetsProperPages(amount: 10, expectedPages: 1)" storage="d:\a\mymodule20220112\mymodule20220112\integrationtests\bin\integrationtests.dll" id="31a1a77c-5b35-2c19-9bdc-0ee23e06e8f3">
      <Execution id="9abb4bbe-8fe6-4502-b491-defcc642771f" />
      <TestMethod codeBase="D:\a\MyModule20220112\MyModule20220112\IntegrationTests\bin\IntegrationTests.dll" adapterTypeName="executor://xunit/VsTestRunner2/net" className="IntegrationTests.Controllers.ItemControllerTests" name="GetItemsPage_GetsProperPages" />
    </UnitTest>
    <UnitTest name="IntegrationTests.Controllers.ItemControllerTests.GetItemsPage_Query_Filters(query: &quot;Missing&quot;, expectedResults: 0)" storage="d:\a\mymodule20220112\mymodule20220112\integrationtests\bin\integrationtests.dll" id="9609bc3b-2435-1be2-e2f3-2c6b217c770c">
      <Execution id="2de30c55-ed44-4d7e-bbfe-8053aadd59c1" />
      <TestMethod codeBase="D:\a\MyModule20220112\MyModule20220112\IntegrationTests\bin\IntegrationTests.dll" adapterTypeName="executor://xunit/VsTestRunner2/net" className="IntegrationTests.Controllers.ItemControllerTests" name="GetItemsPage_Query_Filters" />
    </UnitTest>
    <UnitTest name="IntegrationTests.Controllers.ItemControllerTests.DeleteItem_Deletes" storage="d:\a\mymodule20220112\mymodule20220112\integrationtests\bin\integrationtests.dll" id="b2691cfb-5962-80d6-34ac-12efb31ff88e">
      <Execution id="0ce02903-3609-4558-a019-dbcaa212523c" />
      <TestMethod codeBase="D:\a\MyModule20220112\MyModule20220112\IntegrationTests\bin\IntegrationTests.dll" adapterTypeName="executor://xunit/VsTestRunner2/net" className="IntegrationTests.Controllers.ItemControllerTests" name="DeleteItem_Deletes" />
    </UnitTest>
    <UnitTest name="IntegrationTests.Controllers.ItemControllerTests.GetItemsPage_Query_Filters(query: &quot;Name 2&quot;, expectedResults: 11)" storage="d:\a\mymodule20220112\mymodule20220112\integrationtests\bin\integrationtests.dll" id="64ce4809-e3f8-8d8e-c808-2938f18aa4d4">
      <Execution id="1f1da597-6afe-4127-ac3a-1d71410e597e" />
      <TestMethod codeBase="D:\a\MyModule20220112\MyModule20220112\IntegrationTests\bin\IntegrationTests.dll" adapterTypeName="executor://xunit/VsTestRunner2/net" className="IntegrationTests.Controllers.ItemControllerTests" name="GetItemsPage_Query_Filters" />
    </UnitTest>
    <UnitTest name="IntegrationTests.Controllers.ItemControllerTests.GetItemsPage_Query_Filters(query: &quot;Name 100&quot;, expectedResults: 1)" storage="d:\a\mymodule20220112\mymodule20220112\integrationtests\bin\integrationtests.dll" id="b5a2bbb3-e25b-0d71-cef7-0187c592a682">
      <Execution id="dba9fc43-600e-4115-8a4f-f22d4c6d296c" />
      <TestMethod codeBase="D:\a\MyModule20220112\MyModule20220112\IntegrationTests\bin\IntegrationTests.dll" adapterTypeName="executor://xunit/VsTestRunner2/net" className="IntegrationTests.Controllers.ItemControllerTests" name="GetItemsPage_Query_Filters" />
    </UnitTest>
    <UnitTest name="IntegrationTests.Controllers.ServiceRouteMapperTests.RegisterRoutes_RegistersAtLestOneRoute" storage="d:\a\mymodule20220112\mymodule20220112\integrationtests\bin\integrationtests.dll" id="69a7a014-6241-5f0a-e55d-960890e56595">
      <Execution id="20a3aea4-4c62-4ea1-8cf2-1c84a196c0cc" />
      <TestMethod codeBase="D:\a\MyModule20220112\MyModule20220112\IntegrationTests\bin\IntegrationTests.dll" adapterTypeName="executor://xunit/VsTestRunner2/net" className="IntegrationTests.Controllers.ServiceRouteMapperTests" name="RegisterRoutes_RegistersAtLestOneRoute" />
    </UnitTest>
    <UnitTest name="IntegrationTests.Controllers.ItemControllerTests.GetItemsPage_Query_Filters(query: &quot;Name 1&quot;, expectedResults: 12)" storage="d:\a\mymodule20220112\mymodule20220112\integrationtests\bin\integrationtests.dll" id="6274cd22-d848-61dd-8233-d29a2f361a38">
      <Execution id="c1bd6998-b60a-4eab-88a3-2d31035c1cf0" />
      <TestMethod codeBase="D:\a\MyModule20220112\MyModule20220112\IntegrationTests\bin\IntegrationTests.dll" adapterTypeName="executor://xunit/VsTestRunner2/net" className="IntegrationTests.Controllers.ItemControllerTests" name="GetItemsPage_Query_Filters" />
    </UnitTest>
    <UnitTest name="IntegrationTests.Controllers.ItemControllerTests.CanEdit_Defaults_To_False" storage="d:\a\mymodule20220112\mymodule20220112\integrationtests\bin\integrationtests.dll" id="eb8cb345-7707-0e07-1566-f6a04ceb2670">
      <Execution id="12e220da-4426-47fc-9703-f8a8cf5dcf7b" />
      <TestMethod codeBase="D:\a\MyModule20220112\MyModule20220112\IntegrationTests\bin\IntegrationTests.dll" adapterTypeName="executor://xunit/VsTestRunner2/net" className="IntegrationTests.Controllers.ItemControllerTests" name="CanEdit_Defaults_To_False" />
    </UnitTest>
  </TestDefinitions>
  <TestEntries>
    <TestEntry testId="eb8cb345-7707-0e07-1566-f6a04ceb2670" executionId="12e220da-4426-47fc-9703-f8a8cf5dcf7b" testListId="8c84fa94-04c1-424b-9868-57a2d4851a1d" />
    <TestEntry testId="c6abb489-2666-fd84-85be-69873a4c76cc" executionId="13c0f504-d371-4392-a716-29acb4a6271d" testListId="8c84fa94-04c1-424b-9868-57a2d4851a1d" />
    <TestEntry testId="69a7a014-6241-5f0a-e55d-960890e56595" executionId="20a3aea4-4c62-4ea1-8cf2-1c84a196c0cc" testListId="8c84fa94-04c1-424b-9868-57a2d4851a1d" />
    <TestEntry testId="d18898e3-6995-0d27-8e53-1ced81186e2d" executionId="f6fcae7a-aeda-49d6-8be8-c591a9c18cd8" testListId="8c84fa94-04c1-424b-9868-57a2d4851a1d" />
    <TestEntry testId="945f4fce-c15e-e09c-9dbf-5879cde58a78" executionId="be84ed01-5a2c-4e97-bf07-54f165137820" testListId="8c84fa94-04c1-424b-9868-57a2d4851a1d" />
    <TestEntry testId="b2691cfb-5962-80d6-34ac-12efb31ff88e" executionId="0ce02903-3609-4558-a019-dbcaa212523c" testListId="8c84fa94-04c1-424b-9868-57a2d4851a1d" />
    <TestEntry testId="0a429b0b-08a8-36a6-5969-3c31a35cc366" executionId="7e45089e-c387-4791-8c4e-6140bf8ae56a" testListId="8c84fa94-04c1-424b-9868-57a2d4851a1d" />
    <TestEntry testId="b5a2bbb3-e25b-0d71-cef7-0187c592a682" executionId="dba9fc43-600e-4115-8a4f-f22d4c6d296c" testListId="8c84fa94-04c1-424b-9868-57a2d4851a1d" />
    <TestEntry testId="3b96b54e-967c-6e8f-1ced-4ff4d8370be3" executionId="b93bd80c-537b-42b6-ab53-4e0994389834" testListId="8c84fa94-04c1-424b-9868-57a2d4851a1d" />
    <TestEntry testId="31a1a77c-5b35-2c19-9bdc-0ee23e06e8f3" executionId="9abb4bbe-8fe6-4502-b491-defcc642771f" testListId="8c84fa94-04c1-424b-9868-57a2d4851a1d" />
    <TestEntry testId="fe1c9811-4463-ef95-5296-cdd71ab090b8" executionId="875be4aa-2e2a-4d72-a9b7-3a78fd810d49" testListId="8c84fa94-04c1-424b-9868-57a2d4851a1d" />
    <TestEntry testId="9609bc3b-2435-1be2-e2f3-2c6b217c770c" executionId="2de30c55-ed44-4d7e-bbfe-8053aadd59c1" testListId="8c84fa94-04c1-424b-9868-57a2d4851a1d" />
    <TestEntry testId="1ec97a71-0b29-f7c5-72ce-8cf48efa2e36" executionId="591f9fb8-d1e5-4fdb-9b47-5e697bbda46a" testListId="8c84fa94-04c1-424b-9868-57a2d4851a1d" />
    <TestEntry testId="74f30272-fd7f-9b4e-507d-1c94cc60bb29" executionId="c1d96b22-df3d-4c7a-a0cb-9c22c47e8ad4" testListId="8c84fa94-04c1-424b-9868-57a2d4851a1d" />
    <TestEntry testId="1450a0ab-3596-66d8-8d08-6506bbe1f61b" executionId="88273a82-c670-4e1a-a4a8-3cbbce018c3a" testListId="8c84fa94-04c1-424b-9868-57a2d4851a1d" />
    <TestEntry testId="4fd078d7-61ec-6e3f-be79-cf322012a0cd" executionId="b9d84c7e-5e03-40a9-a025-a801e1f0c35c" testListId="8c84fa94-04c1-424b-9868-57a2d4851a1d" />
    <TestEntry testId="c6d15831-7dbe-24e6-d39b-4f317a873a34" executionId="f1563da7-7382-45ec-851f-de59c373a856" testListId="8c84fa94-04c1-424b-9868-57a2d4851a1d" />
    <TestEntry testId="35a21cfd-ad2b-b819-14e0-5151fe414a07" executionId="f28eca60-ff6a-4494-80ce-06cc7f15cc00" testListId="8c84fa94-04c1-424b-9868-57a2d4851a1d" />
    <TestEntry testId="2f8521ee-e0ca-eac4-b453-aa86236fc9b9" executionId="832b6876-7fea-41a3-b6a1-ba3c31e2cb1b" testListId="8c84fa94-04c1-424b-9868-57a2d4851a1d" />
    <TestEntry testId="6274cd22-d848-61dd-8233-d29a2f361a38" executionId="c1bd6998-b60a-4eab-88a3-2d31035c1cf0" testListId="8c84fa94-04c1-424b-9868-57a2d4851a1d" />
    <TestEntry testId="43169439-e722-3696-654b-e380ed8f351d" executionId="9fde1edc-c80a-4e4f-8d5b-7ff9014581e2" testListId="8c84fa94-04c1-424b-9868-57a2d4851a1d" />
    <TestEntry testId="06f0962d-466b-0634-113e-f3863f9b599c" executionId="651a3d1c-e4e8-4662-a78d-9ab6f33e606f" testListId="8c84fa94-04c1-424b-9868-57a2d4851a1d" />
    <TestEntry testId="75b07048-5201-d631-649a-c012e65b7444" executionId="e32daae3-3771-4582-ae9e-ae8683c182ac" testListId="8c84fa94-04c1-424b-9868-57a2d4851a1d" />
    <TestEntry testId="64ce4809-e3f8-8d8e-c808-2938f18aa4d4" executionId="1f1da597-6afe-4127-ac3a-1d71410e597e" testListId="8c84fa94-04c1-424b-9868-57a2d4851a1d" />
  </TestEntries>
  <TestLists>
    <TestList name="Results Not in a List" id="8c84fa94-04c1-424b-9868-57a2d4851a1d" />
    <TestList name="All Loaded Results" id="19431567-8539-422a-85d7-44ee4e166bda" />
  </TestLists>
  <ResultSummary outcome="Completed">
    <Counters total="24" executed="24" passed="24" failed="0" error="0" timeout="0" aborted="0" inconclusive="0" passedButRunAborted="0" notRunnable="0" notExecuted="0" disconnected="0" warning="0" completed="0" inProgress="0" pending="0" />
    <Output>
      <StdOut>[xUnit.net 00:00:00.11] xUnit.net VSTest Adapter v2.4.3+1b45f5407b (32-bit Desktop .NET 4.0.30319.42000)&#xD;
[xUnit.net 00:00:03.71]   Discovering: IntegrationTests&#xD;
[xUnit.net 00:00:05.72]   Discovered:  IntegrationTests&#xD;
[xUnit.net 00:00:05.73]   Starting:    IntegrationTests&#xD;
[xUnit.net 00:00:19.13]   Finished:    IntegrationTests&#xD;
</StdOut>
    </Output>
  </ResultSummary>
</TestRun>